#! /usr/local/Cellar/icarus-verilog/10.3/bin/vvp
:ivl_version "10.3 (stable)" "(v10_3)";
:ivl_delay_selection "TYPICAL";
:vpi_time_precision - 9;
:vpi_module "system";
:vpi_module "vhdl_sys";
:vpi_module "v2005_math";
:vpi_module "va_math";
S_0x7fc25a4024e0 .scope module, "read_instructions_tb" "read_instructions_tb" 2 22;
 .timescale -9 -9;
v0x7fc25a4158e0_0 .net "instruction", 31 0, v0x7fc25a403910_0;  1 drivers
v0x7fc25a4159a0_0 .var "program_counter", 31 0;
S_0x7fc25a4057b0 .scope module, "instructionReader" "read_instructions" 2 26, 2 5 0, S_0x7fc25a4024e0;
 .timescale -9 -9;
    .port_info 0 /OUTPUT 32 "instruction"
    .port_info 1 /INPUT 32 "program_counter"
v0x7fc25a403910_0 .var "instruction", 31 0;
v0x7fc25a415770 .array "instructions", 0 31, 31 0;
v0x7fc25a415810_0 .net "program_counter", 31 0, v0x7fc25a4159a0_0;  1 drivers
E_0x7fc25a403fb0 .event edge, v0x7fc25a415810_0;
    .scope S_0x7fc25a4057b0;
T_0 ;
    %vpi_call 2 13 "$readmemb", "instructions.mem", v0x7fc25a415770, 32'sb00000000000000000000000000000000, 32'sb00000000000000000000000000011111 {0 0 0};
    %end;
    .thread T_0;
    .scope S_0x7fc25a4057b0;
T_1 ;
    %wait E_0x7fc25a403fb0;
    %ix/getv 4, v0x7fc25a415810_0;
    %load/vec4a v0x7fc25a415770, 4;
    %store/vec4 v0x7fc25a403910_0, 0, 32;
    %jmp T_1;
    .thread T_1, $push;
    .scope S_0x7fc25a4024e0;
T_2 ;
    %pushi/vec4 0, 0, 32;
    %store/vec4 v0x7fc25a4159a0_0, 0, 32;
    %delay 10, 0;
    %load/vec4 v0x7fc25a4159a0_0;
    %addi 1, 0, 32;
    %store/vec4 v0x7fc25a4159a0_0, 0, 32;
    %delay 10, 0;
    %load/vec4 v0x7fc25a4159a0_0;
    %addi 1, 0, 32;
    %store/vec4 v0x7fc25a4159a0_0, 0, 32;
    %delay 10, 0;
    %load/vec4 v0x7fc25a4159a0_0;
    %addi 1, 0, 32;
    %store/vec4 v0x7fc25a4159a0_0, 0, 32;
    %delay 10, 0;
    %load/vec4 v0x7fc25a4159a0_0;
    %addi 1, 0, 32;
    %store/vec4 v0x7fc25a4159a0_0, 0, 32;
    %delay 10, 0;
    %end;
    .thread T_2;
    .scope S_0x7fc25a4024e0;
T_3 ;
    %vpi_call 2 55 "$dumpfile", "read_instructions_tb.vcd" {0 0 0};
    %vpi_call 2 56 "$dumpvars", 32'sb00000000000000000000000000000000, S_0x7fc25a4024e0 {0 0 0};
    %end;
    .thread T_3;
# The file index is used to find the file name in the following table.
:file_names 3;
    "N/A";
    "<interactive>";
    "Read_ins.v";
