#! /usr/bin/vvp
:ivl_version "10.3 (stable)";
:ivl_delay_selection "TYPICAL";
:vpi_time_precision + 0;
:vpi_module "system";
:vpi_module "vhdl_sys";
:vpi_module "v2005_math";
:vpi_module "va_math";
S_0x559c486f1100 .scope module, "al_unit" "al_unit" 2 5;
 .timescale 0 0;
    .port_info 0 /OUTPUT 64 "ALU_result"
    .port_info 1 /OUTPUT 1 "Branch"
    .port_info 2 /OUTPUT 1 "ALUSrc"
    .port_info 3 /INPUT 64 "rs_value"
    .port_info 4 /INPUT 64 "rt_value"
    .port_info 5 /INPUT 6 "opcode"
    .port_info 6 /INPUT 5 "rs"
    .port_info 7 /INPUT 5 "rt"
    .port_info 8 /INPUT 5 "rd"
    .port_info 9 /INPUT 5 "bo"
    .port_info 10 /INPUT 5 "bi"
    .port_info 11 /INPUT 16 "si"
    .port_info 12 /INPUT 14 "ds"
    .port_info 13 /INPUT 10 "xox"
    .port_info 14 /INPUT 9 "xoxo"
    .port_info 15 /INPUT 1 "aa"
    .port_info 16 /INPUT 2 "xods"
v0x559c4871bc00_0 .var "ALUSrc", 0 0;
v0x559c4871bca0_0 .var "ALU_result", 63 0;
v0x559c4874e240_0 .var "Branch", 0 0;
o0x7fc0194c50a8 .functor BUFZ 1, C4<z>; HiZ drive
v0x559c4874e2e0_0 .net "aa", 0 0, o0x7fc0194c50a8;  0 drivers
o0x7fc0194c50d8 .functor BUFZ 5, C4<zzzzz>; HiZ drive
v0x559c4874e3a0_0 .net "bi", 4 0, o0x7fc0194c50d8;  0 drivers
o0x7fc0194c5108 .functor BUFZ 5, C4<zzzzz>; HiZ drive
v0x559c4874e4d0_0 .net "bo", 4 0, o0x7fc0194c5108;  0 drivers
o0x7fc0194c5138 .functor BUFZ 14, C4<zzzzzzzzzzzzzz>; HiZ drive
v0x559c4874e5b0_0 .net "ds", 13 0, o0x7fc0194c5138;  0 drivers
o0x7fc0194c5168 .functor BUFZ 6, C4<zzzzzz>; HiZ drive
v0x559c4874e690_0 .net "opcode", 5 0, o0x7fc0194c5168;  0 drivers
o0x7fc0194c5198 .functor BUFZ 5, C4<zzzzz>; HiZ drive
v0x559c4874e770_0 .net "rd", 4 0, o0x7fc0194c5198;  0 drivers
o0x7fc0194c51c8 .functor BUFZ 5, C4<zzzzz>; HiZ drive
v0x559c4874e850_0 .net "rs", 4 0, o0x7fc0194c51c8;  0 drivers
o0x7fc0194c51f8 .functor BUFZ 64, C4<zzzzzzzzzzzzzzzzzzzzzzzzzzzzzzzzzzzzzzzzzzzzzzzzzzzzzzzzzzzzzzzz>; HiZ drive
v0x559c4874e930_0 .net "rs_value", 63 0, o0x7fc0194c51f8;  0 drivers
o0x7fc0194c5228 .functor BUFZ 5, C4<zzzzz>; HiZ drive
v0x559c4874ea10_0 .net "rt", 4 0, o0x7fc0194c5228;  0 drivers
o0x7fc0194c5258 .functor BUFZ 64, C4<zzzzzzzzzzzzzzzzzzzzzzzzzzzzzzzzzzzzzzzzzzzzzzzzzzzzzzzzzzzzzzzz>; HiZ drive
v0x559c4874eaf0_0 .net "rt_value", 63 0, o0x7fc0194c5258;  0 drivers
o0x7fc0194c5288 .functor BUFZ 16, C4<zzzzzzzzzzzzzzzz>; HiZ drive
v0x559c4874ebd0_0 .net "si", 15 0, o0x7fc0194c5288;  0 drivers
v0x559c4874ecb0_0 .var "signExtendSI", 63 0;
v0x559c4874ed90_0 .var/s "signed_rs", 63 0;
v0x559c4874ee70_0 .var/s "signed_rt", 63 0;
o0x7fc0194c5348 .functor BUFZ 2, C4<zz>; HiZ drive
v0x559c4874ef50_0 .net "xods", 1 0, o0x7fc0194c5348;  0 drivers
o0x7fc0194c5378 .functor BUFZ 10, C4<zzzzzzzzzz>; HiZ drive
v0x559c4874f030_0 .net "xox", 9 0, o0x7fc0194c5378;  0 drivers
o0x7fc0194c53a8 .functor BUFZ 9, C4<zzzzzzzzz>; HiZ drive
v0x559c4874f110_0 .net "xoxo", 8 0, o0x7fc0194c53a8;  0 drivers
v0x559c4874f1f0_0 .var "zeroExtendDS", 63 0;
v0x559c4874f2d0_0 .var "zeroExtendSI", 63 0;
E_0x559c487287d0/0 .event edge, v0x559c4874ea10_0, v0x559c4874e850_0, v0x559c4874e5b0_0, v0x559c4874e2e0_0;
E_0x559c487287d0/1 .event edge, v0x559c4874e3a0_0, v0x559c4874e4d0_0, v0x559c4874ef50_0, v0x559c4874f030_0;
E_0x559c487287d0/2 .event edge, v0x559c4874f110_0, v0x559c4874ebd0_0, v0x559c4874eaf0_0, v0x559c4874e930_0;
E_0x559c487287d0 .event/or E_0x559c487287d0/0, E_0x559c487287d0/1, E_0x559c487287d0/2;
    .scope S_0x559c486f1100;
T_0 ;
    %wait E_0x559c487287d0;
    %load/vec4 v0x559c4874e930_0;
    %store/vec4 v0x559c4874ed90_0, 0, 64;
    %load/vec4 v0x559c4874eaf0_0;
    %store/vec4 v0x559c4874ee70_0, 0, 64;
    %pushi/vec4 0, 0, 48;
    %load/vec4 v0x559c4874ebd0_0;
    %concat/vec4; draw_concat_vec4
    %store/vec4 v0x559c4874f2d0_0, 0, 64;
    %load/vec4 v0x559c4874ebd0_0;
    %parti/s 1, 15, 5;
    %replicate 48;
    %load/vec4 v0x559c4874ebd0_0;
    %concat/vec4; draw_concat_vec4
    %store/vec4 v0x559c4874ecb0_0, 0, 64;
    %pushi/vec4 0, 0, 50;
    %load/vec4 v0x559c4874e5b0_0;
    %concat/vec4; draw_concat_vec4
    %store/vec4 v0x559c4874f1f0_0, 0, 64;
    %load/vec4 v0x559c4874e690_0;
    %pushi/vec4 31, 0, 6;
    %cmp/e;
    %flag_get/vec4 4;
    %load/vec4 v0x559c4874f110_0;
    %pushi/vec4 0, 0, 9;
    %cmp/e;
    %flag_get/vec4 4;
    %inv;
    %and;
    %flag_set/vec4 8;
    %jmp/0xz  T_0.0, 8;
    %load/vec4 v0x559c4874f110_0;
    %dup/vec4;
    %pushi/vec4 266, 0, 9;
    %cmp/u;
    %jmp/1 T_0.2, 6;
    %dup/vec4;
    %pushi/vec4 40, 0, 9;
    %cmp/u;
    %jmp/1 T_0.3, 6;
    %jmp T_0.4;
T_0.2 ;
    %load/vec4 v0x559c4874ed90_0;
    %load/vec4 v0x559c4874ee70_0;
    %add;
    %store/vec4 v0x559c4871bca0_0, 0, 64;
    %jmp T_0.4;
T_0.3 ;
    %load/vec4 v0x559c4874ee70_0;
    %load/vec4 v0x559c4874ed90_0;
    %sub;
    %store/vec4 v0x559c4871bca0_0, 0, 64;
    %jmp T_0.4;
T_0.4 ;
    %pop/vec4 1;
    %jmp T_0.1;
T_0.0 ;
    %load/vec4 v0x559c4874e690_0;
    %pushi/vec4 31, 0, 6;
    %cmp/e;
    %flag_get/vec4 4;
    %load/vec4 v0x559c4874f030_0;
    %pushi/vec4 0, 0, 10;
    %cmp/e;
    %flag_get/vec4 4;
    %inv;
    %and;
    %flag_set/vec4 8;
    %jmp/0xz  T_0.5, 8;
    %load/vec4 v0x559c4874f030_0;
    %dup/vec4;
    %pushi/vec4 28, 0, 10;
    %cmp/u;
    %jmp/1 T_0.7, 6;
    %dup/vec4;
    %pushi/vec4 476, 0, 10;
    %cmp/u;
    %jmp/1 T_0.8, 6;
    %dup/vec4;
    %pushi/vec4 444, 0, 10;
    %cmp/u;
    %jmp/1 T_0.9, 6;
    %dup/vec4;
    %pushi/vec4 316, 0, 10;
    %cmp/u;
    %jmp/1 T_0.10, 6;
    %dup/vec4;
    %pushi/vec4 986, 0, 10;
    %cmp/u;
    %jmp/1 T_0.11, 6;
    %jmp T_0.12;
T_0.7 ;
    %load/vec4 v0x559c4874ee70_0;
    %load/vec4 v0x559c4874ed90_0;
    %and;
    %store/vec4 v0x559c4871bca0_0, 0, 64;
    %jmp T_0.12;
T_0.8 ;
    %load/vec4 v0x559c4874ed90_0;
    %load/vec4 v0x559c4874ee70_0;
    %and;
    %inv;
    %store/vec4 v0x559c4871bca0_0, 0, 64;
    %jmp T_0.12;
T_0.9 ;
    %load/vec4 v0x559c4874ed90_0;
    %load/vec4 v0x559c4874ee70_0;
    %or;
    %store/vec4 v0x559c4871bca0_0, 0, 64;
    %jmp T_0.12;
T_0.10 ;
    %load/vec4 v0x559c4874ed90_0;
    %load/vec4 v0x559c4874ee70_0;
    %xor;
    %store/vec4 v0x559c4871bca0_0, 0, 64;
    %jmp T_0.12;
T_0.11 ;
    %load/vec4 v0x559c4874ed90_0;
    %parti/s 1, 31, 6;
    %replicate 32;
    %load/vec4 v0x559c4874ed90_0;
    %parti/s 32, 0, 2;
    %concat/vec4; draw_concat_vec4
    %store/vec4 v0x559c4871bca0_0, 0, 64;
    %jmp T_0.12;
T_0.12 ;
    %pop/vec4 1;
    %jmp T_0.6;
T_0.5 ;
    %load/vec4 v0x559c4874e690_0;
    %cmpi/e 19, 0, 6;
    %jmp/0xz  T_0.13, 4;
    %load/vec4 v0x559c4874e2e0_0;
    %pad/u 32;
    %cmpi/e 1, 0, 32;
    %jmp/0xz  T_0.15, 4;
    %load/vec4 v0x559c4874ed90_0;
    %load/vec4 v0x559c4874ee70_0;
    %sub;
    %store/vec4 v0x559c4871bca0_0, 0, 64;
    %load/vec4 v0x559c4871bca0_0;
    %cmpi/e 0, 0, 64;
    %jmp/0xz  T_0.17, 4;
    %pushi/vec4 1, 0, 1;
    %store/vec4 v0x559c4874e240_0, 0, 1;
    %jmp T_0.18;
T_0.17 ;
    %pushi/vec4 0, 0, 1;
    %store/vec4 v0x559c4874e240_0, 0, 1;
T_0.18 ;
    %jmp T_0.16;
T_0.15 ;
    %load/vec4 v0x559c4874e2e0_0;
    %pad/u 32;
    %cmpi/e 0, 0, 32;
    %jmp/0xz  T_0.19, 4;
    %load/vec4 v0x559c4874ed90_0;
    %load/vec4 v0x559c4874ee70_0;
    %sub;
    %store/vec4 v0x559c4871bca0_0, 0, 64;
    %load/vec4 v0x559c4871bca0_0;
    %cmpi/ne 0, 0, 64;
    %jmp/0xz  T_0.21, 4;
    %pushi/vec4 1, 0, 1;
    %store/vec4 v0x559c4874e240_0, 0, 1;
    %pushi/vec4 0, 0, 64;
    %store/vec4 v0x559c4871bca0_0, 0, 64;
    %jmp T_0.22;
T_0.21 ;
    %pushi/vec4 0, 0, 1;
    %store/vec4 v0x559c4874e240_0, 0, 1;
T_0.22 ;
T_0.19 ;
T_0.16 ;
    %jmp T_0.14;
T_0.13 ;
    %load/vec4 v0x559c4874e690_0;
    %cmpi/e 18, 0, 6;
    %jmp/0xz  T_0.23, 4;
    %pushi/vec4 1, 0, 1;
    %store/vec4 v0x559c4874e240_0, 0, 1;
    %jmp T_0.24;
T_0.23 ;
    %load/vec4 v0x559c4874ebd0_0;
    %cmpi/ne 0, 0, 16;
    %jmp/0xz  T_0.25, 4;
    %load/vec4 v0x559c4874e690_0;
    %dup/vec4;
    %pushi/vec4 14, 0, 6;
    %cmp/u;
    %jmp/1 T_0.27, 6;
    %dup/vec4;
    %pushi/vec4 15, 0, 6;
    %cmp/u;
    %jmp/1 T_0.28, 6;
    %dup/vec4;
    %pushi/vec4 28, 0, 6;
    %cmp/u;
    %jmp/1 T_0.29, 6;
    %dup/vec4;
    %pushi/vec4 24, 0, 6;
    %cmp/u;
    %jmp/1 T_0.30, 6;
    %dup/vec4;
    %pushi/vec4 26, 0, 6;
    %cmp/u;
    %jmp/1 T_0.31, 6;
    %dup/vec4;
    %pushi/vec4 32, 0, 6;
    %cmp/u;
    %jmp/1 T_0.32, 6;
    %dup/vec4;
    %pushi/vec4 36, 0, 6;
    %cmp/u;
    %jmp/1 T_0.33, 6;
    %dup/vec4;
    %pushi/vec4 37, 0, 6;
    %cmp/u;
    %jmp/1 T_0.34, 6;
    %dup/vec4;
    %pushi/vec4 40, 0, 6;
    %cmp/u;
    %jmp/1 T_0.35, 6;
    %dup/vec4;
    %pushi/vec4 42, 0, 6;
    %cmp/u;
    %jmp/1 T_0.36, 6;
    %dup/vec4;
    %pushi/vec4 44, 0, 6;
    %cmp/u;
    %jmp/1 T_0.37, 6;
    %dup/vec4;
    %pushi/vec4 34, 0, 6;
    %cmp/u;
    %jmp/1 T_0.38, 6;
    %dup/vec4;
    %pushi/vec4 38, 0, 6;
    %cmp/u;
    %jmp/1 T_0.39, 6;
    %jmp T_0.40;
T_0.27 ;
    %load/vec4 v0x559c4874ed90_0;
    %load/vec4 v0x559c4874f2d0_0;
    %add;
    %store/vec4 v0x559c4871bca0_0, 0, 64;
    %jmp T_0.40;
T_0.28 ;
    %load/vec4 v0x559c4874ed90_0;
    %load/vec4 v0x559c4874ecb0_0;
    %add;
    %store/vec4 v0x559c4871bca0_0, 0, 64;
    %jmp T_0.40;
T_0.29 ;
    %load/vec4 v0x559c4874ed90_0;
    %load/vec4 v0x559c4874f2d0_0;
    %and;
    %store/vec4 v0x559c4871bca0_0, 0, 64;
    %jmp T_0.40;
T_0.30 ;
    %load/vec4 v0x559c4874ed90_0;
    %load/vec4 v0x559c4874f2d0_0;
    %or;
    %store/vec4 v0x559c4871bca0_0, 0, 64;
    %jmp T_0.40;
T_0.31 ;
    %load/vec4 v0x559c4874ed90_0;
    %load/vec4 v0x559c4874f2d0_0;
    %xor;
    %store/vec4 v0x559c4871bca0_0, 0, 64;
    %jmp T_0.40;
T_0.32 ;
    %load/vec4 v0x559c4874ed90_0;
    %load/vec4 v0x559c4874f2d0_0;
    %add;
    %store/vec4 v0x559c4871bca0_0, 0, 64;
    %jmp T_0.40;
T_0.33 ;
    %load/vec4 v0x559c4874ed90_0;
    %load/vec4 v0x559c4874ecb0_0;
    %add;
    %store/vec4 v0x559c4871bca0_0, 0, 64;
    %jmp T_0.40;
T_0.34 ;
    %load/vec4 v0x559c4874ed90_0;
    %load/vec4 v0x559c4874ecb0_0;
    %add;
    %store/vec4 v0x559c4871bca0_0, 0, 64;
    %jmp T_0.40;
T_0.35 ;
    %load/vec4 v0x559c4874ed90_0;
    %load/vec4 v0x559c4874ecb0_0;
    %add;
    %store/vec4 v0x559c4871bca0_0, 0, 64;
    %jmp T_0.40;
T_0.36 ;
    %load/vec4 v0x559c4874ed90_0;
    %load/vec4 v0x559c4874ecb0_0;
    %add;
    %store/vec4 v0x559c4871bca0_0, 0, 64;
    %jmp T_0.40;
T_0.37 ;
    %load/vec4 v0x559c4874ed90_0;
    %load/vec4 v0x559c4874ecb0_0;
    %add;
    %store/vec4 v0x559c4871bca0_0, 0, 64;
    %jmp T_0.40;
T_0.38 ;
    %load/vec4 v0x559c4874ed90_0;
    %load/vec4 v0x559c4874f2d0_0;
    %add;
    %store/vec4 v0x559c4871bca0_0, 0, 64;
    %jmp T_0.40;
T_0.39 ;
    %load/vec4 v0x559c4874ed90_0;
    %load/vec4 v0x559c4874ecb0_0;
    %add;
    %store/vec4 v0x559c4871bca0_0, 0, 64;
    %jmp T_0.40;
T_0.40 ;
    %pop/vec4 1;
    %jmp T_0.26;
T_0.25 ;
    %load/vec4 v0x559c4874e5b0_0;
    %cmpi/ne 0, 0, 14;
    %jmp/0xz  T_0.41, 4;
    %load/vec4 v0x559c4874e690_0;
    %cmpi/e 58, 0, 6;
    %jmp/0xz  T_0.43, 4;
    %load/vec4 v0x559c4874ed90_0;
    %load/vec4 v0x559c4874f1f0_0;
    %add;
    %store/vec4 v0x559c4871bca0_0, 0, 64;
    %jmp T_0.44;
T_0.43 ;
    %load/vec4 v0x559c4874e690_0;
    %cmpi/e 62, 0, 6;
    %jmp/0xz  T_0.45, 4;
    %load/vec4 v0x559c4874ed90_0;
    %load/vec4 v0x559c4874f1f0_0;
    %add;
    %store/vec4 v0x559c4871bca0_0, 0, 64;
T_0.45 ;
T_0.44 ;
T_0.41 ;
T_0.26 ;
T_0.24 ;
T_0.14 ;
T_0.6 ;
T_0.1 ;
    %jmp T_0;
    .thread T_0, $push;
    .scope S_0x559c486f1100;
T_1 ;
    %vpi_call 2 132 "$monitor", "Opcode : %6b\012, rs : %5b, rt : %5b, rd : %5b, \012RS : %64b\012, RT : %64b\012, signExtendSI = %64b\012, zeroExtendSI = %64b\012, zeroExtendDS = %64b\012, Result : %64b\012", v0x559c4874e690_0, v0x559c4874e850_0, v0x559c4874ea10_0, v0x559c4874e770_0, v0x559c4874e930_0, v0x559c4874eaf0_0, v0x559c4874ecb0_0, v0x559c4874f2d0_0, v0x559c4874f1f0_0, v0x559c4871bca0_0 {0 0 0};
    %end;
    .thread T_1;
# The file index is used to find the file name in the following table.
:file_names 3;
    "N/A";
    "<interactive>";
    "alu64bit.v";
