#! /usr/bin/vvp
:ivl_version "10.1 (stable)";
:ivl_delay_selection "TYPICAL";
:vpi_time_precision + 0;
:vpi_module "system";
:vpi_module "vhdl_sys";
:vpi_module "v2005_math";
:vpi_module "va_math";
S_0x55a595818480 .scope module, "uPower_testbench" "uPower_testbench" 2 5;
 .timescale 0 0;
v0x55a595871cd0_0 .var "clk", 0 0;
S_0x55a595818600 .scope module, "lezgo" "uPower_core" 2 9, 3 11 0, S_0x55a595818480;
 .timescale 0 0;
    .port_info 0 /INPUT 1 "clock"
v0x55a595870060_0 .net "ALUSrc", 0 0, v0x55a5957dee70_0;  1 drivers
v0x55a595870120_0 .net "ALU_Src", 0 0, v0x55a59586f510_0;  1 drivers
RS_0x7f64f5fb4078 .resolv tri, v0x55a59586a810_0, v0x55a59586f5f0_0;
v0x55a5958701c0_0 .net8 "Branch", 0 0, RS_0x7f64f5fb4078;  2 drivers
v0x55a5958702b0_0 .net "MemRead", 0 0, v0x55a59586f6b0_0;  1 drivers
v0x55a5958703a0_0 .net "MemToReg", 0 0, v0x55a59586f750_0;  1 drivers
v0x55a5958704e0_0 .net "MemWrite", 0 0, v0x55a59586f820_0;  1 drivers
v0x55a5958705d0_0 .var "PC", 31 0;
v0x55a5958706c0_0 .net "PCSrc", 0 0, v0x55a59586f910_0;  1 drivers
v0x55a595870760_0 .net "RegRead", 0 0, v0x55a59586f9b0_0;  1 drivers
v0x55a595870890_0 .net "RegWrite", 0 0, v0x55a59586fa80_0;  1 drivers
v0x55a595870980_0 .net "aa", 0 0, v0x55a59586d090_0;  1 drivers
v0x55a595870a70_0 .net "bd", 13 0, v0x55a59586d180_0;  1 drivers
v0x55a595870b10_0 .net "bi", 4 0, v0x55a59586d240_0;  1 drivers
v0x55a595870bb0_0 .net "bo", 4 0, v0x55a59586d340_0;  1 drivers
v0x55a595870c50_0 .net "clock", 0 0, v0x55a595871cd0_0;  1 drivers
v0x55a595870cf0_0 .net "ds", 13 0, v0x55a59586d410_0;  1 drivers
v0x55a595870de0_0 .net "instruction", 31 0, v0x55a59586bd80_0;  1 drivers
v0x55a595870fe0_0 .net "li", 23 0, v0x55a59586d5d0_0;  1 drivers
v0x55a5958710a0_0 .net "lk", 0 0, v0x55a59586d690_0;  1 drivers
v0x55a595871140_0 .net "memory_read_data", 63 0, v0x55a59586c8c0_0;  1 drivers
v0x55a5958711e0_0 .net "oe", 0 0, v0x55a59586d750_0;  1 drivers
v0x55a595871280_0 .net "opcode", 5 0, L_0x55a595871dc0;  1 drivers
v0x55a595871320_0 .net "rc", 0 0, v0x55a59586d990_0;  1 drivers
v0x55a5958713c0_0 .net "rd", 4 0, v0x55a59586da30_0;  1 drivers
v0x55a595871460_0 .net "rd_content", 63 0, v0x55a59586ecf0_0;  1 drivers
v0x55a595871500_0 .net "rs", 4 0, v0x55a59586db40_0;  1 drivers
v0x55a5958715a0_0 .net "rs_content", 63 0, v0x55a59586eb90_0;  1 drivers
v0x55a5958716b0_0 .net "rt", 4 0, v0x55a59586dc00_0;  1 drivers
v0x55a595871770_0 .net "rt_content", 63 0, v0x55a59586ec50_0;  1 drivers
v0x55a595871880_0 .net "si", 15 0, v0x55a59586dcd0_0;  1 drivers
v0x55a595871990_0 .net "write_data", 63 0, v0x55a59586a730_0;  1 drivers
v0x55a595871a50_0 .net "xods", 1 0, v0x55a59586dda0_0;  1 drivers
v0x55a595871b10_0 .net "xox", 9 0, v0x55a59586de70_0;  1 drivers
v0x55a595871bd0_0 .net "xoxo", 8 0, v0x55a59586df40_0;  1 drivers
E_0x55a5957ebc10 .event posedge, v0x55a59586e900_0;
S_0x55a59584c1c0 .scope module, "ALU" "ALU64bit" 3 47, 4 5 0, S_0x55a595818600;
 .timescale 0 0;
    .port_info 0 /OUTPUT 64 "ALU_result"
    .port_info 1 /OUTPUT 1 "Branch"
    .port_info 2 /OUTPUT 1 "ALUSrc"
    .port_info 3 /INPUT 64 "rs_content"
    .port_info 4 /INPUT 64 "rt_content"
    .port_info 5 /INPUT 6 "opcode"
    .port_info 6 /INPUT 5 "rs"
    .port_info 7 /INPUT 5 "rt"
    .port_info 8 /INPUT 5 "rd"
    .port_info 9 /INPUT 5 "bo"
    .port_info 10 /INPUT 5 "bi"
    .port_info 11 /INPUT 16 "si"
    .port_info 12 /INPUT 14 "ds"
    .port_info 13 /INPUT 10 "xox"
    .port_info 14 /INPUT 9 "xoxo"
    .port_info 15 /INPUT 1 "aa"
    .port_info 16 /INPUT 2 "xods"
v0x55a5957dee70_0 .var "ALUSrc", 0 0;
v0x55a59586a730_0 .var "ALU_result", 63 0;
v0x55a59586a810_0 .var "Branch", 0 0;
v0x55a59586a8b0_0 .net "aa", 0 0, v0x55a59586d090_0;  alias, 1 drivers
v0x55a59586a970_0 .net "bi", 4 0, v0x55a59586d240_0;  alias, 1 drivers
v0x55a59586aaa0_0 .net "bo", 4 0, v0x55a59586d340_0;  alias, 1 drivers
v0x55a59586ab80_0 .net "ds", 13 0, v0x55a59586d410_0;  alias, 1 drivers
v0x55a59586ac60_0 .net "opcode", 5 0, L_0x55a595871dc0;  alias, 1 drivers
v0x55a59586ad40_0 .net "rd", 4 0, v0x55a59586da30_0;  alias, 1 drivers
v0x55a59586ae20_0 .net "rs", 4 0, v0x55a59586db40_0;  alias, 1 drivers
v0x55a59586af00_0 .net "rs_content", 63 0, v0x55a59586eb90_0;  alias, 1 drivers
v0x55a59586afe0_0 .net "rt", 4 0, v0x55a59586dc00_0;  alias, 1 drivers
v0x55a59586b0c0_0 .net "rt_content", 63 0, v0x55a59586ec50_0;  alias, 1 drivers
v0x55a59586b1a0_0 .net "si", 15 0, v0x55a59586dcd0_0;  alias, 1 drivers
v0x55a59586b280_0 .var "signExtendSI", 63 0;
v0x55a59586b360_0 .var/s "signed_rs", 63 0;
v0x55a59586b440_0 .var/s "signed_rt", 63 0;
v0x55a59586b520_0 .net "xods", 1 0, v0x55a59586dda0_0;  alias, 1 drivers
v0x55a59586b600_0 .net "xox", 9 0, v0x55a59586de70_0;  alias, 1 drivers
v0x55a59586b6e0_0 .net "xoxo", 8 0, v0x55a59586df40_0;  alias, 1 drivers
v0x55a59586b7c0_0 .var "zeroExtendDS", 63 0;
v0x55a59586b8a0_0 .var "zeroExtendSI", 63 0;
E_0x55a5957ebff0/0 .event edge, v0x55a59586b520_0, v0x55a59586b600_0, v0x55a59586b6e0_0, v0x55a59586b1a0_0;
E_0x55a5957ebff0/1 .event edge, v0x55a59586a970_0, v0x55a59586aaa0_0, v0x55a59586afe0_0, v0x55a59586ae20_0;
E_0x55a5957ebff0 .event/or E_0x55a5957ebff0/0, E_0x55a5957ebff0/1;
E_0x55a5957ed080/0 .event edge, v0x55a59586afe0_0, v0x55a59586ae20_0, v0x55a59586ab80_0, v0x55a59586a8b0_0;
E_0x55a5957ed080/1 .event edge, v0x55a59586a970_0, v0x55a59586aaa0_0, v0x55a59586b520_0, v0x55a59586b600_0;
E_0x55a5957ed080/2 .event edge, v0x55a59586b6e0_0, v0x55a59586b1a0_0, v0x55a59586b0c0_0, v0x55a59586af00_0;
E_0x55a5957ed080 .event/or E_0x55a5957ed080/0, E_0x55a5957ed080/1, E_0x55a5957ed080/2;
S_0x55a59586bba0 .scope module, "InstructionMemory" "read_instructions" 3 41, 5 4 0, S_0x55a595818600;
 .timescale 0 0;
    .port_info 0 /OUTPUT 32 "instruction"
    .port_info 1 /INPUT 32 "program_counter"
v0x55a59586bd80_0 .var "instruction", 31 0;
v0x55a59586be80 .array "instructions", 0 5, 31 0;
v0x55a59586bf40_0 .net "program_counter", 31 0, v0x55a5958705d0_0;  1 drivers
E_0x55a59584b290 .event edge, v0x55a59586bf40_0;
S_0x55a59586c060 .scope module, "MainMemory" "read_data_memory" 3 49, 6 1 0, S_0x55a595818600;
 .timescale 0 0;
    .port_info 0 /OUTPUT 64 "read_data"
    .port_info 1 /INPUT 64 "address"
    .port_info 2 /INPUT 64 "write_data"
    .port_info 3 /INPUT 5 "rd"
    .port_info 4 /INPUT 6 "opcode"
    .port_info 5 /INPUT 1 "MemWrite"
    .port_info 6 /INPUT 1 "MemRead"
    .port_info 7 /INPUT 1 "MemToReg"
v0x55a59586c300_0 .net "MemRead", 0 0, v0x55a59586f6b0_0;  alias, 1 drivers
v0x55a59586c3c0_0 .net "MemToReg", 0 0, v0x55a59586f750_0;  alias, 1 drivers
v0x55a59586c480_0 .net "MemWrite", 0 0, v0x55a59586f820_0;  alias, 1 drivers
v0x55a59586c550_0 .net "address", 63 0, v0x55a59586a730_0;  alias, 1 drivers
v0x55a59586c640 .array "data_mem", 0 31, 63 0;
v0x55a59586c730_0 .net "opcode", 5 0, L_0x55a595871dc0;  alias, 1 drivers
v0x55a59586c7f0_0 .net "rd", 4 0, v0x55a59586da30_0;  alias, 1 drivers
v0x55a59586c8c0_0 .var "read_data", 63 0;
v0x55a59586c980 .array "registers", 0 31, 63 0;
v0x55a59586ca40_0 .net "write_data", 63 0, v0x55a59586ecf0_0;  alias, 1 drivers
E_0x55a59584b8a0 .event edge, v0x55a59586a730_0;
E_0x55a59586c2a0 .event edge, v0x55a59586c480_0, v0x55a59586a730_0;
S_0x55a59586cc20 .scope module, "Parse" "ins_parse" 3 43, 7 5 0, S_0x55a595818600;
 .timescale 0 0;
    .port_info 0 /OUTPUT 6 "opcode"
    .port_info 1 /OUTPUT 5 "rs"
    .port_info 2 /OUTPUT 5 "rt"
    .port_info 3 /OUTPUT 5 "rd"
    .port_info 4 /OUTPUT 5 "bo"
    .port_info 5 /OUTPUT 5 "bi"
    .port_info 6 /OUTPUT 1 "aa"
    .port_info 7 /OUTPUT 1 "lk"
    .port_info 8 /OUTPUT 1 "rc"
    .port_info 9 /OUTPUT 1 "oe"
    .port_info 10 /OUTPUT 10 "xox"
    .port_info 11 /OUTPUT 9 "xoxo"
    .port_info 12 /OUTPUT 16 "si"
    .port_info 13 /OUTPUT 14 "bd"
    .port_info 14 /OUTPUT 14 "ds"
    .port_info 15 /OUTPUT 2 "xods"
    .port_info 16 /OUTPUT 24 "li"
    .port_info 17 /INPUT 32 "instruction"
    .port_info 18 /INPUT 32 "p_count"
v0x55a59586d090_0 .var "aa", 0 0;
v0x55a59586d180_0 .var "bd", 13 0;
v0x55a59586d240_0 .var "bi", 4 0;
v0x55a59586d340_0 .var "bo", 4 0;
v0x55a59586d410_0 .var "ds", 13 0;
v0x55a59586d500_0 .net "instruction", 31 0, v0x55a59586bd80_0;  alias, 1 drivers
v0x55a59586d5d0_0 .var "li", 23 0;
v0x55a59586d690_0 .var "lk", 0 0;
v0x55a59586d750_0 .var "oe", 0 0;
v0x55a59586d810_0 .net "opcode", 5 0, L_0x55a595871dc0;  alias, 1 drivers
v0x55a59586d8d0_0 .net "p_count", 31 0, v0x55a5958705d0_0;  alias, 1 drivers
v0x55a59586d990_0 .var "rc", 0 0;
v0x55a59586da30_0 .var "rd", 4 0;
v0x55a59586db40_0 .var "rs", 4 0;
v0x55a59586dc00_0 .var "rt", 4 0;
v0x55a59586dcd0_0 .var "si", 15 0;
v0x55a59586dda0_0 .var "xods", 1 0;
v0x55a59586de70_0 .var "xox", 9 0;
v0x55a59586df40_0 .var "xoxo", 8 0;
E_0x55a59586d010 .event edge, v0x55a59586bd80_0;
L_0x55a595871dc0 .part v0x55a59586bd80_0, 26, 6;
S_0x55a59586e2f0 .scope module, "Registers" "read_registers" 3 51, 8 3 0, S_0x55a595818600;
 .timescale 0 0;
    .port_info 0 /OUTPUT 64 "read_data_1"
    .port_info 1 /OUTPUT 64 "read_data_2"
    .port_info 2 /OUTPUT 64 "read_data_3"
    .port_info 3 /INPUT 64 "write_data"
    .port_info 4 /INPUT 5 "rs"
    .port_info 5 /INPUT 5 "rt"
    .port_info 6 /INPUT 5 "rd"
    .port_info 7 /INPUT 5 "bo"
    .port_info 8 /INPUT 5 "bi"
    .port_info 9 /INPUT 6 "opcode"
    .port_info 10 /INPUT 1 "RegRead"
    .port_info 11 /INPUT 1 "RegWrite"
    .port_info 12 /INPUT 1 "clk"
v0x55a59586cda0_0 .net "RegRead", 0 0, v0x55a59586f9b0_0;  alias, 1 drivers
v0x55a59586e640_0 .net "RegWrite", 0 0, v0x55a59586fa80_0;  alias, 1 drivers
v0x55a59586e700_0 .net "bi", 4 0, v0x55a59586d240_0;  alias, 1 drivers
v0x55a59586e7f0_0 .net "bo", 4 0, v0x55a59586d340_0;  alias, 1 drivers
v0x55a59586e900_0 .net "clk", 0 0, v0x55a595871cd0_0;  alias, 1 drivers
v0x55a59586ea10_0 .net "opcode", 5 0, L_0x55a595871dc0;  alias, 1 drivers
v0x55a59586ead0_0 .net "rd", 4 0, v0x55a59586da30_0;  alias, 1 drivers
v0x55a59586eb90_0 .var "read_data_1", 63 0;
v0x55a59586ec50_0 .var "read_data_2", 63 0;
v0x55a59586ecf0_0 .var "read_data_3", 63 0;
v0x55a59586ed90 .array "registers", 0 31, 63 0;
v0x55a59586ee30_0 .net "rs", 4 0, v0x55a59586db40_0;  alias, 1 drivers
v0x55a59586eef0_0 .net "rt", 4 0, v0x55a59586dc00_0;  alias, 1 drivers
v0x55a59586f000_0 .net "write_data", 63 0, v0x55a59586a730_0;  alias, 1 drivers
E_0x55a59586e510 .event edge, v0x55a59586ad40_0, v0x55a59586a730_0;
E_0x55a59586e590/0 .event edge, v0x55a59586a970_0, v0x55a59586aaa0_0, v0x55a59586ad40_0, v0x55a59586afe0_0;
E_0x55a59586e590/1 .event edge, v0x55a59586ae20_0;
E_0x55a59586e590 .event/or E_0x55a59586e590/0, E_0x55a59586e590/1;
S_0x55a59586f2b0 .scope module, "Signals" "control_unit" 3 45, 9 14 0, S_0x55a595818600;
 .timescale 0 0;
    .port_info 0 /OUTPUT 1 "RegRead"
    .port_info 1 /OUTPUT 1 "RegWrite"
    .port_info 2 /OUTPUT 1 "MemRead"
    .port_info 3 /OUTPUT 1 "MemWrite"
    .port_info 4 /OUTPUT 1 "Branch"
    .port_info 5 /OUTPUT 1 "MemToReg"
    .port_info 6 /OUTPUT 1 "ALUSrc"
    .port_info 7 /OUTPUT 1 "PCSrc"
    .port_info 8 /INPUT 6 "opcode"
    .port_info 9 /INPUT 10 "xox"
    .port_info 10 /INPUT 9 "xoxo"
    .port_info 11 /INPUT 2 "xods"
v0x55a59586f510_0 .var "ALUSrc", 0 0;
v0x55a59586f5f0_0 .var "Branch", 0 0;
v0x55a59586f6b0_0 .var "MemRead", 0 0;
v0x55a59586f750_0 .var "MemToReg", 0 0;
v0x55a59586f820_0 .var "MemWrite", 0 0;
v0x55a59586f910_0 .var "PCSrc", 0 0;
v0x55a59586f9b0_0 .var "RegRead", 0 0;
v0x55a59586fa80_0 .var "RegWrite", 0 0;
v0x55a59586fb50_0 .net "opcode", 5 0, L_0x55a595871dc0;  alias, 1 drivers
v0x55a59586fd10_0 .net "xods", 1 0, v0x55a59586dda0_0;  alias, 1 drivers
v0x55a59586fdb0_0 .net "xox", 9 0, v0x55a59586de70_0;  alias, 1 drivers
v0x55a59586fe50_0 .net "xoxo", 8 0, v0x55a59586df40_0;  alias, 1 drivers
E_0x55a59586f480 .event edge, v0x55a59586b520_0, v0x55a59586b600_0, v0x55a59586b6e0_0, v0x55a59586ac60_0;
    .scope S_0x55a59586bba0;
T_0 ;
    %vpi_call 5 12 "$readmemb", "instructions.mem", v0x55a59586be80, 32'sb00000000000000000000000000000000, 32'sb00000000000000000000000000000101 {0 0 0};
    %end;
    .thread T_0;
    .scope S_0x55a59586bba0;
T_1 ;
    %wait E_0x55a59584b290;
    %ix/getv 4, v0x55a59586bf40_0;
    %load/vec4a v0x55a59586be80, 4;
    %store/vec4 v0x55a59586bd80_0, 0, 32;
    %vpi_call 5 17 "$display", "Instruction : %32b \012 PC : %32b\012", v0x55a59586bd80_0, v0x55a59586bf40_0 {0 0 0};
    %jmp T_1;
    .thread T_1, $push;
    .scope S_0x55a59586cc20;
T_2 ;
    %wait E_0x55a59586d010;
    %pushi/vec4 0, 0, 5;
    %store/vec4 v0x55a59586db40_0, 0, 5;
    %pushi/vec4 0, 0, 5;
    %store/vec4 v0x55a59586dc00_0, 0, 5;
    %pushi/vec4 0, 0, 5;
    %store/vec4 v0x55a59586da30_0, 0, 5;
    %pushi/vec4 0, 0, 5;
    %store/vec4 v0x55a59586d340_0, 0, 5;
    %pushi/vec4 0, 0, 5;
    %store/vec4 v0x55a59586d240_0, 0, 5;
    %pushi/vec4 0, 0, 1;
    %store/vec4 v0x55a59586d090_0, 0, 1;
    %pushi/vec4 0, 0, 1;
    %store/vec4 v0x55a59586d690_0, 0, 1;
    %pushi/vec4 0, 0, 1;
    %store/vec4 v0x55a59586d990_0, 0, 1;
    %pushi/vec4 0, 0, 1;
    %store/vec4 v0x55a59586d750_0, 0, 1;
    %pushi/vec4 0, 0, 10;
    %store/vec4 v0x55a59586de70_0, 0, 10;
    %pushi/vec4 0, 0, 9;
    %store/vec4 v0x55a59586df40_0, 0, 9;
    %pushi/vec4 0, 0, 16;
    %store/vec4 v0x55a59586dcd0_0, 0, 16;
    %pushi/vec4 0, 0, 14;
    %store/vec4 v0x55a59586d180_0, 0, 14;
    %pushi/vec4 0, 0, 14;
    %store/vec4 v0x55a59586d410_0, 0, 14;
    %pushi/vec4 0, 0, 2;
    %store/vec4 v0x55a59586dda0_0, 0, 2;
    %pushi/vec4 0, 0, 24;
    %store/vec4 v0x55a59586d5d0_0, 0, 24;
    %load/vec4 v0x55a59586d810_0;
    %pushi/vec4 31, 0, 6;
    %cmp/e;
    %flag_get/vec4 4;
    %load/vec4 v0x55a59586d500_0;
    %parti/s 9, 1, 2;
    %pushi/vec4 266, 0, 9;
    %cmp/e;
    %flag_get/vec4 4;
    %load/vec4 v0x55a59586d500_0;
    %parti/s 9, 1, 2;
    %pushi/vec4 40, 0, 9;
    %cmp/e;
    %flag_get/vec4 4;
    %or;
    %and;
    %flag_set/vec4 8;
    %jmp/0xz  T_2.0, 8;
    %load/vec4 v0x55a59586d500_0;
    %parti/s 5, 21, 6;
    %store/vec4 v0x55a59586da30_0, 0, 5;
    %load/vec4 v0x55a59586d500_0;
    %parti/s 5, 16, 6;
    %store/vec4 v0x55a59586db40_0, 0, 5;
    %load/vec4 v0x55a59586d500_0;
    %parti/s 5, 11, 5;
    %store/vec4 v0x55a59586dc00_0, 0, 5;
    %load/vec4 v0x55a59586d500_0;
    %parti/s 1, 10, 5;
    %store/vec4 v0x55a59586d750_0, 0, 1;
    %load/vec4 v0x55a59586d500_0;
    %parti/s 9, 1, 2;
    %store/vec4 v0x55a59586df40_0, 0, 9;
    %load/vec4 v0x55a59586d500_0;
    %parti/s 1, 0, 2;
    %store/vec4 v0x55a59586d990_0, 0, 1;
    %jmp T_2.1;
T_2.0 ;
    %load/vec4 v0x55a59586d810_0;
    %cmpi/e 31, 0, 6;
    %jmp/0xz  T_2.2, 4;
    %load/vec4 v0x55a59586d500_0;
    %parti/s 5, 21, 6;
    %store/vec4 v0x55a59586da30_0, 0, 5;
    %load/vec4 v0x55a59586d500_0;
    %parti/s 5, 16, 6;
    %store/vec4 v0x55a59586db40_0, 0, 5;
    %load/vec4 v0x55a59586d500_0;
    %parti/s 5, 11, 5;
    %store/vec4 v0x55a59586dc00_0, 0, 5;
    %load/vec4 v0x55a59586d500_0;
    %parti/s 10, 1, 2;
    %store/vec4 v0x55a59586de70_0, 0, 10;
    %load/vec4 v0x55a59586d500_0;
    %parti/s 1, 0, 2;
    %store/vec4 v0x55a59586d990_0, 0, 1;
    %jmp T_2.3;
T_2.2 ;
    %load/vec4 v0x55a59586d810_0;
    %pushi/vec4 14, 0, 6;
    %cmp/e;
    %flag_get/vec4 4;
    %load/vec4 v0x55a59586d810_0;
    %pushi/vec4 15, 0, 6;
    %cmp/e;
    %flag_get/vec4 4;
    %or;
    %load/vec4 v0x55a59586d810_0;
    %pushi/vec4 28, 0, 6;
    %cmp/e;
    %flag_get/vec4 4;
    %or;
    %load/vec4 v0x55a59586d810_0;
    %pushi/vec4 24, 0, 6;
    %cmp/e;
    %flag_get/vec4 4;
    %or;
    %load/vec4 v0x55a59586d810_0;
    %pushi/vec4 26, 0, 6;
    %cmp/e;
    %flag_get/vec4 4;
    %or;
    %load/vec4 v0x55a59586d810_0;
    %pushi/vec4 32, 0, 6;
    %cmp/e;
    %flag_get/vec4 4;
    %or;
    %load/vec4 v0x55a59586d810_0;
    %pushi/vec4 36, 0, 6;
    %cmp/e;
    %flag_get/vec4 4;
    %or;
    %load/vec4 v0x55a59586d810_0;
    %pushi/vec4 37, 0, 6;
    %cmp/e;
    %flag_get/vec4 4;
    %or;
    %load/vec4 v0x55a59586d810_0;
    %pushi/vec4 40, 0, 6;
    %cmp/e;
    %flag_get/vec4 4;
    %or;
    %load/vec4 v0x55a59586d810_0;
    %pushi/vec4 42, 0, 6;
    %cmp/e;
    %flag_get/vec4 4;
    %or;
    %load/vec4 v0x55a59586d810_0;
    %pushi/vec4 44, 0, 6;
    %cmp/e;
    %flag_get/vec4 4;
    %or;
    %load/vec4 v0x55a59586d810_0;
    %pushi/vec4 34, 0, 6;
    %cmp/e;
    %flag_get/vec4 4;
    %or;
    %load/vec4 v0x55a59586d810_0;
    %pushi/vec4 38, 0, 6;
    %cmp/e;
    %flag_get/vec4 4;
    %or;
    %flag_set/vec4 8;
    %jmp/0xz  T_2.4, 8;
    %load/vec4 v0x55a59586d500_0;
    %parti/s 5, 21, 6;
    %store/vec4 v0x55a59586da30_0, 0, 5;
    %load/vec4 v0x55a59586d500_0;
    %parti/s 5, 16, 6;
    %store/vec4 v0x55a59586db40_0, 0, 5;
    %load/vec4 v0x55a59586d500_0;
    %parti/s 16, 0, 2;
    %store/vec4 v0x55a59586dcd0_0, 0, 16;
    %jmp T_2.5;
T_2.4 ;
    %load/vec4 v0x55a59586d810_0;
    %cmpi/e 19, 0, 6;
    %jmp/0xz  T_2.6, 4;
    %load/vec4 v0x55a59586d500_0;
    %parti/s 5, 21, 6;
    %store/vec4 v0x55a59586d340_0, 0, 5;
    %load/vec4 v0x55a59586d500_0;
    %parti/s 5, 16, 6;
    %store/vec4 v0x55a59586d240_0, 0, 5;
    %load/vec4 v0x55a59586d500_0;
    %parti/s 14, 2, 3;
    %store/vec4 v0x55a59586d180_0, 0, 14;
    %load/vec4 v0x55a59586d500_0;
    %parti/s 1, 1, 2;
    %store/vec4 v0x55a59586d090_0, 0, 1;
    %load/vec4 v0x55a59586d500_0;
    %parti/s 1, 0, 2;
    %store/vec4 v0x55a59586d690_0, 0, 1;
    %jmp T_2.7;
T_2.6 ;
    %load/vec4 v0x55a59586d810_0;
    %cmpi/e 18, 0, 6;
    %jmp/0xz  T_2.8, 4;
    %load/vec4 v0x55a59586d500_0;
    %parti/s 24, 2, 3;
    %store/vec4 v0x55a59586d5d0_0, 0, 24;
    %load/vec4 v0x55a59586d500_0;
    %parti/s 1, 1, 2;
    %store/vec4 v0x55a59586d090_0, 0, 1;
    %load/vec4 v0x55a59586d500_0;
    %parti/s 1, 0, 2;
    %store/vec4 v0x55a59586d690_0, 0, 1;
    %jmp T_2.9;
T_2.8 ;
    %load/vec4 v0x55a59586d500_0;
    %parti/s 5, 21, 6;
    %store/vec4 v0x55a59586da30_0, 0, 5;
    %load/vec4 v0x55a59586d500_0;
    %parti/s 5, 16, 6;
    %store/vec4 v0x55a59586db40_0, 0, 5;
    %load/vec4 v0x55a59586d500_0;
    %parti/s 14, 2, 3;
    %store/vec4 v0x55a59586d410_0, 0, 14;
    %load/vec4 v0x55a59586d500_0;
    %parti/s 2, 0, 2;
    %store/vec4 v0x55a59586dda0_0, 0, 2;
T_2.9 ;
T_2.7 ;
T_2.5 ;
T_2.3 ;
T_2.1 ;
    %jmp T_2;
    .thread T_2, $push;
    .scope S_0x55a59586f2b0;
T_3 ;
    %wait E_0x55a59586f480;
    %pushi/vec4 0, 0, 1;
    %store/vec4 v0x55a59586f6b0_0, 0, 1;
    %pushi/vec4 0, 0, 1;
    %store/vec4 v0x55a59586f820_0, 0, 1;
    %pushi/vec4 0, 0, 1;
    %store/vec4 v0x55a59586f9b0_0, 0, 1;
    %pushi/vec4 0, 0, 1;
    %store/vec4 v0x55a59586fa80_0, 0, 1;
    %pushi/vec4 0, 0, 1;
    %store/vec4 v0x55a59586f5f0_0, 0, 1;
    %pushi/vec4 0, 0, 1;
    %store/vec4 v0x55a59586f510_0, 0, 1;
    %pushi/vec4 0, 0, 1;
    %store/vec4 v0x55a59586f910_0, 0, 1;
    %pushi/vec4 0, 0, 1;
    %store/vec4 v0x55a59586f750_0, 0, 1;
    %load/vec4 v0x55a59586fb50_0;
    %cmpi/e 31, 0, 6;
    %jmp/0xz  T_3.0, 4;
    %pushi/vec4 1, 0, 1;
    %store/vec4 v0x55a59586f9b0_0, 0, 1;
    %pushi/vec4 1, 0, 1;
    %store/vec4 v0x55a59586fa80_0, 0, 1;
    %jmp T_3.1;
T_3.0 ;
    %load/vec4 v0x55a59586fb50_0;
    %pushi/vec4 14, 0, 6;
    %cmp/e;
    %flag_get/vec4 4;
    %load/vec4 v0x55a59586fb50_0;
    %pushi/vec4 15, 0, 6;
    %cmp/e;
    %flag_get/vec4 4;
    %or;
    %load/vec4 v0x55a59586fb50_0;
    %pushi/vec4 28, 0, 6;
    %cmp/e;
    %flag_get/vec4 4;
    %or;
    %load/vec4 v0x55a59586fb50_0;
    %pushi/vec4 24, 0, 6;
    %cmp/e;
    %flag_get/vec4 4;
    %or;
    %load/vec4 v0x55a59586fb50_0;
    %pushi/vec4 26, 0, 6;
    %cmp/e;
    %flag_get/vec4 4;
    %or;
    %flag_set/vec4 8;
    %jmp/0xz  T_3.2, 8;
    %pushi/vec4 1, 0, 1;
    %store/vec4 v0x55a59586fa80_0, 0, 1;
    %pushi/vec4 1, 0, 1;
    %store/vec4 v0x55a59586f9b0_0, 0, 1;
    %pushi/vec4 1, 0, 1;
    %store/vec4 v0x55a59586f510_0, 0, 1;
    %jmp T_3.3;
T_3.2 ;
    %load/vec4 v0x55a59586fb50_0;
    %pushi/vec4 58, 0, 6;
    %cmp/e;
    %flag_get/vec4 4;
    %load/vec4 v0x55a59586fb50_0;
    %pushi/vec4 32, 0, 6;
    %cmp/e;
    %flag_get/vec4 4;
    %or;
    %load/vec4 v0x55a59586fb50_0;
    %pushi/vec4 40, 0, 6;
    %cmp/e;
    %flag_get/vec4 4;
    %or;
    %load/vec4 v0x55a59586fb50_0;
    %pushi/vec4 42, 0, 6;
    %cmp/e;
    %flag_get/vec4 4;
    %or;
    %load/vec4 v0x55a59586fb50_0;
    %pushi/vec4 34, 0, 6;
    %cmp/e;
    %flag_get/vec4 4;
    %or;
    %flag_set/vec4 8;
    %jmp/0xz  T_3.4, 8;
    %pushi/vec4 1, 0, 1;
    %store/vec4 v0x55a59586f9b0_0, 0, 1;
    %pushi/vec4 1, 0, 1;
    %store/vec4 v0x55a59586f6b0_0, 0, 1;
    %pushi/vec4 1, 0, 1;
    %store/vec4 v0x55a59586f750_0, 0, 1;
    %pushi/vec4 1, 0, 1;
    %store/vec4 v0x55a59586f510_0, 0, 1;
    %jmp T_3.5;
T_3.4 ;
    %load/vec4 v0x55a59586fb50_0;
    %pushi/vec4 38, 0, 6;
    %cmp/e;
    %flag_get/vec4 4;
    %load/vec4 v0x55a59586fb50_0;
    %pushi/vec4 44, 0, 6;
    %cmp/e;
    %flag_get/vec4 4;
    %or;
    %load/vec4 v0x55a59586fb50_0;
    %pushi/vec4 37, 0, 6;
    %cmp/e;
    %flag_get/vec4 4;
    %or;
    %load/vec4 v0x55a59586fb50_0;
    %pushi/vec4 36, 0, 6;
    %cmp/e;
    %flag_get/vec4 4;
    %or;
    %load/vec4 v0x55a59586fb50_0;
    %pushi/vec4 62, 0, 6;
    %cmp/e;
    %flag_get/vec4 4;
    %or;
    %flag_set/vec4 8;
    %jmp/0xz  T_3.6, 8;
    %pushi/vec4 1, 0, 1;
    %store/vec4 v0x55a59586f9b0_0, 0, 1;
    %pushi/vec4 1, 0, 1;
    %store/vec4 v0x55a59586f820_0, 0, 1;
    %pushi/vec4 1, 0, 1;
    %store/vec4 v0x55a59586f510_0, 0, 1;
    %jmp T_3.7;
T_3.6 ;
    %load/vec4 v0x55a59586fb50_0;
    %cmpi/e 18, 0, 6;
    %jmp/0xz  T_3.8, 4;
    %pushi/vec4 1, 0, 1;
    %store/vec4 v0x55a59586f5f0_0, 0, 1;
    %pushi/vec4 1, 0, 1;
    %store/vec4 v0x55a59586f910_0, 0, 1;
    %jmp T_3.9;
T_3.8 ;
    %load/vec4 v0x55a59586fb50_0;
    %cmpi/e 19, 0, 6;
    %jmp/0xz  T_3.10, 4;
    %pushi/vec4 1, 0, 1;
    %store/vec4 v0x55a59586f5f0_0, 0, 1;
    %pushi/vec4 1, 0, 1;
    %store/vec4 v0x55a59586f910_0, 0, 1;
    %pushi/vec4 1, 0, 1;
    %store/vec4 v0x55a59586f9b0_0, 0, 1;
T_3.10 ;
T_3.9 ;
T_3.7 ;
T_3.5 ;
T_3.3 ;
T_3.1 ;
    %jmp T_3;
    .thread T_3, $push;
    .scope S_0x55a59584c1c0;
T_4 ;
    %wait E_0x55a5957ed080;
    %load/vec4 v0x55a59586af00_0;
    %store/vec4 v0x55a59586b360_0, 0, 64;
    %load/vec4 v0x55a59586b0c0_0;
    %store/vec4 v0x55a59586b440_0, 0, 64;
    %pushi/vec4 0, 0, 48;
    %load/vec4 v0x55a59586b1a0_0;
    %concat/vec4; draw_concat_vec4
    %store/vec4 v0x55a59586b8a0_0, 0, 64;
    %load/vec4 v0x55a59586b1a0_0;
    %parti/s 1, 15, 5;
    %replicate 48;
    %load/vec4 v0x55a59586b1a0_0;
    %concat/vec4; draw_concat_vec4
    %store/vec4 v0x55a59586b280_0, 0, 64;
    %pushi/vec4 0, 0, 50;
    %load/vec4 v0x55a59586ab80_0;
    %concat/vec4; draw_concat_vec4
    %store/vec4 v0x55a59586b7c0_0, 0, 64;
    %load/vec4 v0x55a59586ac60_0;
    %pushi/vec4 31, 0, 6;
    %cmp/e;
    %flag_get/vec4 4;
    %load/vec4 v0x55a59586b6e0_0;
    %pushi/vec4 0, 0, 9;
    %cmp/e;
    %flag_get/vec4 4;
    %inv;
    %and;
    %flag_set/vec4 8;
    %jmp/0xz  T_4.0, 8;
    %load/vec4 v0x55a59586b6e0_0;
    %dup/vec4;
    %pushi/vec4 266, 0, 9;
    %cmp/u;
    %jmp/1 T_4.2, 6;
    %dup/vec4;
    %pushi/vec4 40, 0, 9;
    %cmp/u;
    %jmp/1 T_4.3, 6;
    %jmp T_4.4;
T_4.2 ;
    %load/vec4 v0x55a59586b360_0;
    %load/vec4 v0x55a59586b440_0;
    %add;
    %store/vec4 v0x55a59586a730_0, 0, 64;
    %jmp T_4.4;
T_4.3 ;
    %load/vec4 v0x55a59586b440_0;
    %load/vec4 v0x55a59586b360_0;
    %sub;
    %store/vec4 v0x55a59586a730_0, 0, 64;
    %jmp T_4.4;
T_4.4 ;
    %pop/vec4 1;
    %jmp T_4.1;
T_4.0 ;
    %load/vec4 v0x55a59586ac60_0;
    %pushi/vec4 31, 0, 6;
    %cmp/e;
    %flag_get/vec4 4;
    %load/vec4 v0x55a59586b600_0;
    %pushi/vec4 0, 0, 10;
    %cmp/e;
    %flag_get/vec4 4;
    %inv;
    %and;
    %flag_set/vec4 8;
    %jmp/0xz  T_4.5, 8;
    %load/vec4 v0x55a59586b600_0;
    %dup/vec4;
    %pushi/vec4 28, 0, 10;
    %cmp/u;
    %jmp/1 T_4.7, 6;
    %dup/vec4;
    %pushi/vec4 476, 0, 10;
    %cmp/u;
    %jmp/1 T_4.8, 6;
    %dup/vec4;
    %pushi/vec4 444, 0, 10;
    %cmp/u;
    %jmp/1 T_4.9, 6;
    %dup/vec4;
    %pushi/vec4 316, 0, 10;
    %cmp/u;
    %jmp/1 T_4.10, 6;
    %dup/vec4;
    %pushi/vec4 986, 0, 10;
    %cmp/u;
    %jmp/1 T_4.11, 6;
    %jmp T_4.12;
T_4.7 ;
    %load/vec4 v0x55a59586b440_0;
    %load/vec4 v0x55a59586b360_0;
    %and;
    %store/vec4 v0x55a59586a730_0, 0, 64;
    %jmp T_4.12;
T_4.8 ;
    %load/vec4 v0x55a59586b360_0;
    %load/vec4 v0x55a59586b440_0;
    %and;
    %inv;
    %store/vec4 v0x55a59586a730_0, 0, 64;
    %jmp T_4.12;
T_4.9 ;
    %load/vec4 v0x55a59586b360_0;
    %load/vec4 v0x55a59586b440_0;
    %or;
    %store/vec4 v0x55a59586a730_0, 0, 64;
    %jmp T_4.12;
T_4.10 ;
    %load/vec4 v0x55a59586b360_0;
    %load/vec4 v0x55a59586b440_0;
    %xor;
    %store/vec4 v0x55a59586a730_0, 0, 64;
    %jmp T_4.12;
T_4.11 ;
    %load/vec4 v0x55a59586b360_0;
    %parti/s 1, 31, 6;
    %replicate 32;
    %load/vec4 v0x55a59586b360_0;
    %parti/s 32, 0, 2;
    %concat/vec4; draw_concat_vec4
    %store/vec4 v0x55a59586a730_0, 0, 64;
    %jmp T_4.12;
T_4.12 ;
    %pop/vec4 1;
    %jmp T_4.6;
T_4.5 ;
    %load/vec4 v0x55a59586ac60_0;
    %cmpi/e 19, 0, 6;
    %jmp/0xz  T_4.13, 4;
    %load/vec4 v0x55a59586a8b0_0;
    %pad/u 32;
    %cmpi/e 1, 0, 32;
    %jmp/0xz  T_4.15, 4;
    %load/vec4 v0x55a59586b360_0;
    %load/vec4 v0x55a59586b440_0;
    %sub;
    %store/vec4 v0x55a59586a730_0, 0, 64;
    %load/vec4 v0x55a59586a730_0;
    %cmpi/e 0, 0, 64;
    %jmp/0xz  T_4.17, 4;
    %pushi/vec4 1, 0, 1;
    %store/vec4 v0x55a59586a810_0, 0, 1;
    %jmp T_4.18;
T_4.17 ;
    %pushi/vec4 0, 0, 1;
    %store/vec4 v0x55a59586a810_0, 0, 1;
T_4.18 ;
    %jmp T_4.16;
T_4.15 ;
    %load/vec4 v0x55a59586a8b0_0;
    %pad/u 32;
    %cmpi/e 0, 0, 32;
    %jmp/0xz  T_4.19, 4;
    %load/vec4 v0x55a59586b360_0;
    %load/vec4 v0x55a59586b440_0;
    %sub;
    %store/vec4 v0x55a59586a730_0, 0, 64;
    %load/vec4 v0x55a59586a730_0;
    %cmpi/ne 0, 0, 64;
    %jmp/0xz  T_4.21, 4;
    %pushi/vec4 1, 0, 1;
    %store/vec4 v0x55a59586a810_0, 0, 1;
    %pushi/vec4 0, 0, 64;
    %store/vec4 v0x55a59586a730_0, 0, 64;
    %jmp T_4.22;
T_4.21 ;
    %pushi/vec4 0, 0, 1;
    %store/vec4 v0x55a59586a810_0, 0, 1;
T_4.22 ;
T_4.19 ;
T_4.16 ;
    %jmp T_4.14;
T_4.13 ;
    %load/vec4 v0x55a59586ac60_0;
    %cmpi/e 18, 0, 6;
    %jmp/0xz  T_4.23, 4;
    %pushi/vec4 1, 0, 1;
    %store/vec4 v0x55a59586a810_0, 0, 1;
    %jmp T_4.24;
T_4.23 ;
    %load/vec4 v0x55a59586b1a0_0;
    %cmpi/ne 0, 0, 16;
    %jmp/0xz  T_4.25, 4;
    %load/vec4 v0x55a59586ac60_0;
    %dup/vec4;
    %pushi/vec4 14, 0, 6;
    %cmp/u;
    %jmp/1 T_4.27, 6;
    %dup/vec4;
    %pushi/vec4 15, 0, 6;
    %cmp/u;
    %jmp/1 T_4.28, 6;
    %dup/vec4;
    %pushi/vec4 28, 0, 6;
    %cmp/u;
    %jmp/1 T_4.29, 6;
    %dup/vec4;
    %pushi/vec4 24, 0, 6;
    %cmp/u;
    %jmp/1 T_4.30, 6;
    %dup/vec4;
    %pushi/vec4 26, 0, 6;
    %cmp/u;
    %jmp/1 T_4.31, 6;
    %dup/vec4;
    %pushi/vec4 32, 0, 6;
    %cmp/u;
    %jmp/1 T_4.32, 6;
    %dup/vec4;
    %pushi/vec4 36, 0, 6;
    %cmp/u;
    %jmp/1 T_4.33, 6;
    %dup/vec4;
    %pushi/vec4 37, 0, 6;
    %cmp/u;
    %jmp/1 T_4.34, 6;
    %dup/vec4;
    %pushi/vec4 40, 0, 6;
    %cmp/u;
    %jmp/1 T_4.35, 6;
    %dup/vec4;
    %pushi/vec4 42, 0, 6;
    %cmp/u;
    %jmp/1 T_4.36, 6;
    %dup/vec4;
    %pushi/vec4 44, 0, 6;
    %cmp/u;
    %jmp/1 T_4.37, 6;
    %dup/vec4;
    %pushi/vec4 34, 0, 6;
    %cmp/u;
    %jmp/1 T_4.38, 6;
    %dup/vec4;
    %pushi/vec4 38, 0, 6;
    %cmp/u;
    %jmp/1 T_4.39, 6;
    %jmp T_4.40;
T_4.27 ;
    %load/vec4 v0x55a59586b360_0;
    %load/vec4 v0x55a59586b8a0_0;
    %add;
    %store/vec4 v0x55a59586a730_0, 0, 64;
    %jmp T_4.40;
T_4.28 ;
    %load/vec4 v0x55a59586b360_0;
    %load/vec4 v0x55a59586b280_0;
    %add;
    %store/vec4 v0x55a59586a730_0, 0, 64;
    %jmp T_4.40;
T_4.29 ;
    %load/vec4 v0x55a59586b360_0;
    %load/vec4 v0x55a59586b8a0_0;
    %and;
    %store/vec4 v0x55a59586a730_0, 0, 64;
    %jmp T_4.40;
T_4.30 ;
    %load/vec4 v0x55a59586b360_0;
    %load/vec4 v0x55a59586b8a0_0;
    %or;
    %store/vec4 v0x55a59586a730_0, 0, 64;
    %jmp T_4.40;
T_4.31 ;
    %load/vec4 v0x55a59586b360_0;
    %load/vec4 v0x55a59586b8a0_0;
    %xor;
    %store/vec4 v0x55a59586a730_0, 0, 64;
    %jmp T_4.40;
T_4.32 ;
    %load/vec4 v0x55a59586b360_0;
    %load/vec4 v0x55a59586b8a0_0;
    %add;
    %store/vec4 v0x55a59586a730_0, 0, 64;
    %jmp T_4.40;
T_4.33 ;
    %load/vec4 v0x55a59586b360_0;
    %load/vec4 v0x55a59586b280_0;
    %add;
    %store/vec4 v0x55a59586a730_0, 0, 64;
    %jmp T_4.40;
T_4.34 ;
    %load/vec4 v0x55a59586b360_0;
    %load/vec4 v0x55a59586b280_0;
    %add;
    %store/vec4 v0x55a59586a730_0, 0, 64;
    %jmp T_4.40;
T_4.35 ;
    %load/vec4 v0x55a59586b360_0;
    %load/vec4 v0x55a59586b280_0;
    %add;
    %store/vec4 v0x55a59586a730_0, 0, 64;
    %jmp T_4.40;
T_4.36 ;
    %load/vec4 v0x55a59586b360_0;
    %load/vec4 v0x55a59586b280_0;
    %add;
    %store/vec4 v0x55a59586a730_0, 0, 64;
    %jmp T_4.40;
T_4.37 ;
    %load/vec4 v0x55a59586b360_0;
    %load/vec4 v0x55a59586b280_0;
    %add;
    %store/vec4 v0x55a59586a730_0, 0, 64;
    %jmp T_4.40;
T_4.38 ;
    %load/vec4 v0x55a59586b360_0;
    %load/vec4 v0x55a59586b8a0_0;
    %add;
    %store/vec4 v0x55a59586a730_0, 0, 64;
    %jmp T_4.40;
T_4.39 ;
    %load/vec4 v0x55a59586b360_0;
    %load/vec4 v0x55a59586b280_0;
    %add;
    %store/vec4 v0x55a59586a730_0, 0, 64;
    %jmp T_4.40;
T_4.40 ;
    %pop/vec4 1;
    %jmp T_4.26;
T_4.25 ;
    %load/vec4 v0x55a59586ab80_0;
    %cmpi/ne 0, 0, 14;
    %jmp/0xz  T_4.41, 4;
    %load/vec4 v0x55a59586ac60_0;
    %cmpi/e 58, 0, 6;
    %jmp/0xz  T_4.43, 4;
    %load/vec4 v0x55a59586b360_0;
    %load/vec4 v0x55a59586b7c0_0;
    %add;
    %store/vec4 v0x55a59586a730_0, 0, 64;
    %jmp T_4.44;
T_4.43 ;
    %load/vec4 v0x55a59586ac60_0;
    %cmpi/e 62, 0, 6;
    %jmp/0xz  T_4.45, 4;
    %load/vec4 v0x55a59586b360_0;
    %load/vec4 v0x55a59586b7c0_0;
    %add;
    %store/vec4 v0x55a59586a730_0, 0, 64;
T_4.45 ;
T_4.44 ;
T_4.41 ;
T_4.26 ;
T_4.24 ;
T_4.14 ;
T_4.6 ;
T_4.1 ;
    %jmp T_4;
    .thread T_4, $push;
    .scope S_0x55a59584c1c0;
T_5 ;
    %wait E_0x55a5957ebff0;
    %vpi_call 4 131 "$monitor", "Opcode : %6b\012, rs : %5b, rt : %5b, rd : %5b, \012RS : %64b\012, RT : %64b\012, signExtendSI = %64b\012, zeroExtendSI = %64b\012, zeroExtendDS = %64b\012, Result : %64b\012", v0x55a59586ac60_0, v0x55a59586ae20_0, v0x55a59586afe0_0, v0x55a59586ad40_0, v0x55a59586af00_0, v0x55a59586b0c0_0, v0x55a59586b280_0, v0x55a59586b8a0_0, v0x55a59586b7c0_0, v0x55a59586a730_0 {0 0 0};
    %jmp T_5;
    .thread T_5, $push;
    .scope S_0x55a59586c060;
T_6 ;
    %wait E_0x55a59586c2a0;
    %load/vec4 v0x55a59586c480_0;
    %flag_set/vec4 8;
    %jmp/0xz  T_6.0, 8;
    %vpi_call 6 15 "$readmemb", "data.mem", v0x55a59586c640, 32'sb00000000000000000000000000000000, 32'sb00000000000000000000000000011111 {0 0 0};
    %vpi_call 6 16 "$readmemb", "registers.mem", v0x55a59586c980, 32'sb00000000000000000000000000000000, 32'sb00000000000000000000000000011111 {0 0 0};
    %load/vec4 v0x55a59586c730_0;
    %cmpi/e 38, 0, 6;
    %jmp/0xz  T_6.2, 4;
    %pushi/vec4 0, 0, 56;
    %load/vec4 v0x55a59586ca40_0;
    %parti/s 8, 0, 2;
    %concat/vec4; draw_concat_vec4
    %ix/getv 4, v0x55a59586c550_0;
    %store/vec4a v0x55a59586c640, 4, 0;
    %jmp T_6.3;
T_6.2 ;
    %load/vec4 v0x55a59586c730_0;
    %cmpi/e 44, 0, 6;
    %jmp/0xz  T_6.4, 4;
    %pushi/vec4 0, 0, 48;
    %load/vec4 v0x55a59586ca40_0;
    %parti/s 16, 0, 2;
    %concat/vec4; draw_concat_vec4
    %ix/getv 4, v0x55a59586c550_0;
    %store/vec4a v0x55a59586c640, 4, 0;
    %jmp T_6.5;
T_6.4 ;
    %load/vec4 v0x55a59586c730_0;
    %cmpi/e 36, 0, 6;
    %jmp/0xz  T_6.6, 4;
    %pushi/vec4 0, 0, 32;
    %load/vec4 v0x55a59586ca40_0;
    %parti/s 32, 0, 2;
    %concat/vec4; draw_concat_vec4
    %ix/getv 4, v0x55a59586c550_0;
    %store/vec4a v0x55a59586c640, 4, 0;
    %jmp T_6.7;
T_6.6 ;
    %load/vec4 v0x55a59586ca40_0;
    %ix/getv 4, v0x55a59586c550_0;
    %store/vec4a v0x55a59586c640, 4, 0;
T_6.7 ;
T_6.5 ;
T_6.3 ;
    %vpi_call 6 30 "$writememb", "data.mem", v0x55a59586c640 {0 0 0};
T_6.0 ;
    %jmp T_6;
    .thread T_6, $push;
    .scope S_0x55a59586c060;
T_7 ;
    %wait E_0x55a59584b8a0;
    %vpi_call 6 36 "$readmemb", "data.mem", v0x55a59586c640, 32'sb00000000000000000000000000000000, 32'sb00000000000000000000000000011111 {0 0 0};
    %vpi_call 6 37 "$readmemb", "registers.mem", v0x55a59586c980, 32'sb00000000000000000000000000000000, 32'sb00000000000000000000000000011111 {0 0 0};
    %load/vec4 v0x55a59586c300_0;
    %flag_set/vec4 8;
    %jmp/0xz  T_7.0, 8;
    %ix/getv 4, v0x55a59586c550_0;
    %load/vec4a v0x55a59586c640, 4;
    %store/vec4 v0x55a59586c8c0_0, 0, 64;
T_7.0 ;
    %load/vec4 v0x55a59586c3c0_0;
    %flag_set/vec4 8;
    %jmp/0xz  T_7.2, 8;
    %load/vec4 v0x55a59586c8c0_0;
    %load/vec4 v0x55a59586c7f0_0;
    %pad/u 7;
    %ix/vec4 4;
    %store/vec4a v0x55a59586c980, 4, 0;
    %vpi_call 6 43 "$display", "Reg 0 : %64b\012Reg 1 : %64b\012Reg 2 : %64b\012Reg 3 : %64b\012", &A<v0x55a59586c980, 0>, &A<v0x55a59586c980, 1>, &A<v0x55a59586c980, 2>, &A<v0x55a59586c980, 3> {0 0 0};
    %vpi_call 6 44 "$writememb", "registers.mem", v0x55a59586c980 {0 0 0};
T_7.2 ;
    %jmp T_7;
    .thread T_7, $push;
    .scope S_0x55a59586e2f0;
T_8 ;
    %wait E_0x55a59586e590;
    %load/vec4 v0x55a59586cda0_0;
    %flag_set/vec4 8;
    %jmp/0xz  T_8.0, 8;
    %vpi_call 8 18 "$readmemb", "registers.mem", v0x55a59586ed90 {0 0 0};
    %load/vec4 v0x55a59586ea10_0;
    %cmpi/e 19, 0, 6;
    %jmp/0xz  T_8.2, 4;
    %load/vec4 v0x55a59586e7f0_0;
    %pad/u 7;
    %ix/vec4 4;
    %load/vec4a v0x55a59586ed90, 4;
    %store/vec4 v0x55a59586eb90_0, 0, 64;
    %load/vec4 v0x55a59586e700_0;
    %pad/u 7;
    %ix/vec4 4;
    %load/vec4a v0x55a59586ed90, 4;
    %store/vec4 v0x55a59586ec50_0, 0, 64;
    %jmp T_8.3;
T_8.2 ;
    %load/vec4 v0x55a59586ea10_0;
    %cmpi/e 31, 0, 6;
    %jmp/0xz  T_8.4, 4;
    %load/vec4 v0x55a59586ee30_0;
    %pad/u 7;
    %ix/vec4 4;
    %load/vec4a v0x55a59586ed90, 4;
    %store/vec4 v0x55a59586eb90_0, 0, 64;
    %load/vec4 v0x55a59586eef0_0;
    %pad/u 7;
    %ix/vec4 4;
    %load/vec4a v0x55a59586ed90, 4;
    %store/vec4 v0x55a59586ec50_0, 0, 64;
    %jmp T_8.5;
T_8.4 ;
    %load/vec4 v0x55a59586ee30_0;
    %pad/u 7;
    %ix/vec4 4;
    %load/vec4a v0x55a59586ed90, 4;
    %store/vec4 v0x55a59586eb90_0, 0, 64;
    %load/vec4 v0x55a59586ead0_0;
    %pad/u 7;
    %ix/vec4 4;
    %load/vec4a v0x55a59586ed90, 4;
    %store/vec4 v0x55a59586ecf0_0, 0, 64;
T_8.5 ;
T_8.3 ;
T_8.0 ;
    %jmp T_8;
    .thread T_8, $push;
    .scope S_0x55a59586e2f0;
T_9 ;
    %wait E_0x55a59586e510;
    %load/vec4 v0x55a59586e640_0;
    %cmpi/e 1, 0, 1;
    %jmp/0xz  T_9.0, 4;
    %vpi_call 8 37 "$readmemb", "registers.mem", v0x55a59586ed90 {0 0 0};
    %load/vec4 v0x55a59586ea10_0;
    %cmpi/e 34, 0, 6;
    %jmp/0xz  T_9.2, 4;
    %pushi/vec4 0, 0, 56;
    %load/vec4 v0x55a59586f000_0;
    %parti/s 8, 0, 2;
    %concat/vec4; draw_concat_vec4
    %load/vec4 v0x55a59586ead0_0;
    %pad/u 7;
    %ix/vec4 4;
    %store/vec4a v0x55a59586ed90, 4, 0;
    %jmp T_9.3;
T_9.2 ;
    %load/vec4 v0x55a59586ea10_0;
    %cmpi/e 40, 0, 6;
    %jmp/0xz  T_9.4, 4;
    %pushi/vec4 0, 0, 48;
    %load/vec4 v0x55a59586f000_0;
    %parti/s 16, 0, 2;
    %concat/vec4; draw_concat_vec4
    %load/vec4 v0x55a59586ead0_0;
    %pad/u 7;
    %ix/vec4 4;
    %store/vec4a v0x55a59586ed90, 4, 0;
    %jmp T_9.5;
T_9.4 ;
    %load/vec4 v0x55a59586ea10_0;
    %cmpi/e 42, 0, 6;
    %jmp/0xz  T_9.6, 4;
    %load/vec4 v0x55a59586f000_0;
    %parti/s 1, 15, 5;
    %replicate 48;
    %load/vec4 v0x55a59586f000_0;
    %parti/s 16, 0, 2;
    %concat/vec4; draw_concat_vec4
    %load/vec4 v0x55a59586ead0_0;
    %pad/u 7;
    %ix/vec4 4;
    %store/vec4a v0x55a59586ed90, 4, 0;
    %jmp T_9.7;
T_9.6 ;
    %load/vec4 v0x55a59586ea10_0;
    %cmpi/e 32, 0, 6;
    %jmp/0xz  T_9.8, 4;
    %pushi/vec4 0, 0, 32;
    %load/vec4 v0x55a59586f000_0;
    %parti/s 32, 0, 2;
    %concat/vec4; draw_concat_vec4
    %load/vec4 v0x55a59586ead0_0;
    %pad/u 7;
    %ix/vec4 4;
    %store/vec4a v0x55a59586ed90, 4, 0;
    %jmp T_9.9;
T_9.8 ;
    %load/vec4 v0x55a59586f000_0;
    %load/vec4 v0x55a59586ead0_0;
    %pad/u 7;
    %ix/vec4 4;
    %store/vec4a v0x55a59586ed90, 4, 0;
T_9.9 ;
T_9.7 ;
T_9.5 ;
T_9.3 ;
    %vpi_call 8 53 "$display", "Reg 0 : %64b\012Reg 1 : %64b\012Reg 2 : %64b\012Reg 3 : %64b\012", &A<v0x55a59586ed90, 0>, &A<v0x55a59586ed90, 1>, &A<v0x55a59586ed90, 2>, &A<v0x55a59586ed90, 3> {0 0 0};
    %vpi_call 8 54 "$writememb", "registers.mem", v0x55a59586ed90 {0 0 0};
T_9.0 ;
    %jmp T_9;
    .thread T_9, $push;
    .scope S_0x55a595818600;
T_10 ;
    %pushi/vec4 0, 0, 32;
    %store/vec4 v0x55a5958705d0_0, 0, 32;
    %end;
    .thread T_10;
    .scope S_0x55a595818600;
T_11 ;
    %wait E_0x55a5957ebc10;
    %load/vec4 v0x55a595871280_0;
    %cmpi/e 18, 0, 6;
    %jmp/0xz  T_11.0, 4;
    %pushi/vec4 0, 0, 8;
    %load/vec4 v0x55a595870fe0_0;
    %concat/vec4; draw_concat_vec4
    %store/vec4 v0x55a5958705d0_0, 0, 32;
    %jmp T_11.1;
T_11.0 ;
    %load/vec4 v0x55a595871990_0;
    %pushi/vec4 0, 0, 64;
    %cmp/e;
    %flag_get/vec4 4;
    %load/vec4 v0x55a5958701c0_0;
    %pad/u 32;
    %pushi/vec4 1, 0, 32;
    %cmp/e;
    %flag_get/vec4 4;
    %and;
    %load/vec4 v0x55a595870980_0;
    %pad/u 32;
    %pushi/vec4 0, 0, 32;
    %cmp/e;
    %flag_get/vec4 4;
    %and;
    %load/vec4 v0x55a595871280_0;
    %pushi/vec4 19, 0, 6;
    %cmp/e;
    %flag_get/vec4 4;
    %and;
    %flag_set/vec4 8;
    %jmp/0xz  T_11.2, 8;
    %load/vec4 v0x55a5958705d0_0;
    %pad/u 64;
    %addi 1, 0, 64;
    %load/vec4 v0x55a595870a70_0;
    %parti/s 1, 13, 5;
    %replicate 50;
    %load/vec4 v0x55a595870a70_0;
    %concat/vec4; draw_concat_vec4
    %add;
    %pad/u 32;
    %store/vec4 v0x55a5958705d0_0, 0, 32;
    %load/vec4 v0x55a595870a70_0;
    %vpi_call 3 62 "$display", "BD : %14d", S<0,vec4,s14> {1 0 0};
    %jmp T_11.3;
T_11.2 ;
    %load/vec4 v0x55a595871990_0;
    %pushi/vec4 0, 0, 64;
    %cmp/e;
    %flag_get/vec4 4;
    %load/vec4 v0x55a5958701c0_0;
    %pad/u 32;
    %pushi/vec4 1, 0, 32;
    %cmp/e;
    %flag_get/vec4 4;
    %and;
    %load/vec4 v0x55a595870980_0;
    %pad/u 32;
    %pushi/vec4 1, 0, 32;
    %cmp/e;
    %flag_get/vec4 4;
    %and;
    %load/vec4 v0x55a595871280_0;
    %pushi/vec4 19, 0, 6;
    %cmp/e;
    %flag_get/vec4 4;
    %and;
    %flag_set/vec4 8;
    %jmp/0xz  T_11.4, 8;
    %load/vec4 v0x55a595870a70_0;
    %parti/s 1, 13, 5;
    %replicate 50;
    %load/vec4 v0x55a595870a70_0;
    %concat/vec4; draw_concat_vec4
    %pad/u 32;
    %store/vec4 v0x55a5958705d0_0, 0, 32;
    %jmp T_11.5;
T_11.4 ;
    %load/vec4 v0x55a595871990_0;
    %pushi/vec4 0, 0, 64;
    %cmp/e;
    %flag_get/vec4 4;
    %load/vec4 v0x55a5958701c0_0;
    %pad/u 32;
    %pushi/vec4 1, 0, 32;
    %cmp/e;
    %flag_get/vec4 4;
    %and;
    %load/vec4 v0x55a595870980_0;
    %pad/u 32;
    %pushi/vec4 1, 0, 32;
    %cmp/e;
    %flag_get/vec4 4;
    %and;
    %load/vec4 v0x55a595871280_0;
    %pushi/vec4 18, 0, 6;
    %cmp/e;
    %flag_get/vec4 4;
    %and;
    %flag_set/vec4 8;
    %jmp/0xz  T_11.6, 8;
    %load/vec4 v0x55a595870fe0_0;
    %parti/s 1, 23, 6;
    %replicate 40;
    %load/vec4 v0x55a595870fe0_0;
    %concat/vec4; draw_concat_vec4
    %pad/u 32;
    %store/vec4 v0x55a5958705d0_0, 0, 32;
    %jmp T_11.7;
T_11.6 ;
    %load/vec4 v0x55a595871990_0;
    %pushi/vec4 0, 0, 64;
    %cmp/e;
    %flag_get/vec4 4;
    %load/vec4 v0x55a5958701c0_0;
    %pad/u 32;
    %pushi/vec4 1, 0, 32;
    %cmp/e;
    %flag_get/vec4 4;
    %and;
    %load/vec4 v0x55a595870980_0;
    %pad/u 32;
    %pushi/vec4 0, 0, 32;
    %cmp/e;
    %flag_get/vec4 4;
    %and;
    %load/vec4 v0x55a595871280_0;
    %pushi/vec4 18, 0, 6;
    %cmp/e;
    %flag_get/vec4 4;
    %and;
    %flag_set/vec4 8;
    %jmp/0xz  T_11.8, 8;
    %load/vec4 v0x55a5958705d0_0;
    %pad/u 64;
    %addi 1, 0, 64;
    %load/vec4 v0x55a595870fe0_0;
    %parti/s 1, 23, 6;
    %replicate 40;
    %load/vec4 v0x55a595870fe0_0;
    %concat/vec4; draw_concat_vec4
    %add;
    %pad/u 32;
    %store/vec4 v0x55a5958705d0_0, 0, 32;
    %jmp T_11.9;
T_11.8 ;
    %load/vec4 v0x55a5958705d0_0;
    %addi 1, 0, 32;
    %store/vec4 v0x55a5958705d0_0, 0, 32;
T_11.9 ;
T_11.7 ;
T_11.5 ;
T_11.3 ;
T_11.1 ;
    %jmp T_11;
    .thread T_11;
    .scope S_0x55a595818480;
T_12 ;
    %pushi/vec4 0, 0, 1;
    %store/vec4 v0x55a595871cd0_0, 0, 1;
    %delay 800, 0;
    %vpi_call 2 14 "$finish" {0 0 0};
    %end;
    .thread T_12;
    .scope S_0x55a595818480;
T_13 ;
    %delay 10, 0;
    %load/vec4 v0x55a595871cd0_0;
    %inv;
    %store/vec4 v0x55a595871cd0_0, 0, 1;
    %jmp T_13;
    .thread T_13;
# The file index is used to find the file name in the following table.
:file_names 10;
    "N/A";
    "<interactive>";
    "uPowerISA_tb.v";
    "./uPowerISA_Core.v";
    "./ALU64Bit.v";
    "./Read_Instructions.v";
    "./Read_Memory.v";
    "./Instruction_parse.v";
    "./Read_Registers.v";
    "./Control_Unit.v";
