#! /usr/bin/vvp
:ivl_version "10.3 (stable)";
:ivl_delay_selection "TYPICAL";
:vpi_time_precision + 0;
:vpi_module "system";
:vpi_module "vhdl_sys";
:vpi_module "v2005_math";
:vpi_module "va_math";
S_0x5591eceecde0 .scope module, "tb_MIPS_core" "tb_MIPS_core" 2 3;
 .timescale 0 0;
v0x5591ecf27300_0 .var "clk", 0 0;
S_0x5591eceecf60 .scope module, "test" "MIPS_core" 2 7, 3 12 0, S_0x5591eceecde0;
 .timescale 0 0;
    .port_info 0 /INPUT 1 "clock"
RS_0x7ff6289b1048 .resolv tri, v0x5591ecf211c0_0, v0x5591ecf224c0_0;
v0x5591ecf25cd0_0 .net8 "ALUSrc", 0 0, RS_0x7ff6289b1048;  2 drivers
v0x5591ecf25de0_0 .net "MemRead", 0 0, v0x5591ecf22580_0;  1 drivers
v0x5591ecf25ef0_0 .net "MemToReg", 0 0, v0x5591ecf22810_0;  1 drivers
v0x5591ecf25fe0_0 .net "MemWrite", 0 0, v0x5591ecf22720_0;  1 drivers
v0x5591ecf260d0_0 .var "PC", 31 0;
v0x5591ecf26210_0 .net "PCSrc", 0 0, v0x5591ecf223e0_0;  1 drivers
v0x5591ecf262b0_0 .net "RegDst", 0 0, v0x5591ecf228b0_0;  1 drivers
v0x5591ecf263a0_0 .net "RegRead", 0 0, v0x5591ecf22950_0;  1 drivers
v0x5591ecf26490_0 .net "RegWrite", 0 0, v0x5591ecf22a10_0;  1 drivers
v0x5591ecf265c0_0 .net "address", 25 0, v0x5591ecf23cc0_0;  1 drivers
RS_0x7ff6289b1078 .resolv tri, v0x5591ecf21280_0, v0x5591ecf22650_0;
v0x5591ecf26660_0 .net8 "branch_sig", 0 0, RS_0x7ff6289b1078;  2 drivers
v0x5591ecf26750_0 .net "clock", 0 0, v0x5591ecf27300_0;  1 drivers
v0x5591ecf267f0_0 .net "funct", 5 0, v0x5591ecf23dc0_0;  1 drivers
v0x5591ecf26890_0 .net "imm", 15 0, v0x5591ecf23ed0_0;  1 drivers
v0x5591ecf26980_0 .net "instruction", 31 0, v0x5591ecf24a00_0;  1 drivers
v0x5591ecf26a70_0 .net "memory_read_data", 31 0, v0x5591ecf23620_0;  1 drivers
v0x5591ecf26b30_0 .net "opcode", 5 0, L_0x5591ecf273f0;  1 drivers
v0x5591ecf26ce0_0 .net "rd", 4 0, v0x5591ecf24250_0;  1 drivers
v0x5591ecf26df0_0 .net "rs", 4 0, v0x5591ecf24330_0;  1 drivers
v0x5591ecf26eb0_0 .net "rs_value", 31 0, v0x5591ecf255e0_0;  1 drivers
v0x5591ecf26f70_0 .net "rt", 4 0, v0x5591ecf24440_0;  1 drivers
v0x5591ecf27030_0 .net "rt_value", 31 0, v0x5591ecf256b0_0;  1 drivers
v0x5591ecf270f0_0 .net "shamt", 4 0, v0x5591ecf24590_0;  1 drivers
v0x5591ecf27200_0 .net "write_data", 31 0, v0x5591ece892e0_0;  1 drivers
E_0x5591ececfb70 .event posedge, v0x5591ecf25320_0;
S_0x5591ece890b0 .scope module, "al_unit" "ALU32bit" 3 45, 4 5 0, S_0x5591eceecf60;
 .timescale 0 0;
    .port_info 0 /OUTPUT 32 "ALU_result"
    .port_info 1 /OUTPUT 1 "branch_sig"
    .port_info 2 /OUTPUT 1 "AluSrc"
    .port_info 3 /INPUT 6 "opcode"
    .port_info 4 /INPUT 5 "rs"
    .port_info 5 /INPUT 5 "rt"
    .port_info 6 /INPUT 32 "rs_value"
    .port_info 7 /INPUT 32 "rt_value"
    .port_info 8 /INPUT 5 "shamt"
    .port_info 9 /INPUT 6 "funct"
    .port_info 10 /INPUT 16 "imm"
v0x5591ece892e0_0 .var "ALU_result", 31 0;
v0x5591ecf211c0_0 .var "AluSrc", 0 0;
v0x5591ecf21280_0 .var "branch_sig", 0 0;
v0x5591ecf21320_0 .net "funct", 5 0, v0x5591ecf23dc0_0;  alias, 1 drivers
v0x5591ecf21400_0 .var/i "i", 31 0;
v0x5591ecf21530_0 .net "imm", 15 0, v0x5591ecf23ed0_0;  alias, 1 drivers
v0x5591ecf21610_0 .net "opcode", 5 0, L_0x5591ecf273f0;  alias, 1 drivers
v0x5591ecf216f0_0 .net "rs", 4 0, v0x5591ecf24330_0;  alias, 1 drivers
v0x5591ecf217d0_0 .net "rs_value", 31 0, v0x5591ecf255e0_0;  alias, 1 drivers
v0x5591ecf218b0_0 .net "rt", 4 0, v0x5591ecf24440_0;  alias, 1 drivers
v0x5591ecf21990_0 .net "rt_value", 31 0, v0x5591ecf256b0_0;  alias, 1 drivers
v0x5591ecf21a70_0 .net "shamt", 4 0, v0x5591ecf24590_0;  alias, 1 drivers
v0x5591ecf21b50_0 .var "signExtend", 31 0;
v0x5591ecf21c30_0 .var/s "signed_rs", 31 0;
v0x5591ecf21d10_0 .var/s "signed_rt", 31 0;
v0x5591ecf21df0_0 .var/s "temp", 31 0;
v0x5591ecf21ed0_0 .var "zeroExtend", 31 0;
E_0x5591ececfca0/0 .event edge, v0x5591ecf21530_0, v0x5591ecf21a70_0, v0x5591ecf218b0_0, v0x5591ecf216f0_0;
E_0x5591ececfca0/1 .event edge, v0x5591ecf21320_0;
E_0x5591ececfca0 .event/or E_0x5591ececfca0/0, E_0x5591ececfca0/1;
E_0x5591ececfa20/0 .event edge, v0x5591ecf21530_0, v0x5591ecf21a70_0, v0x5591ecf21990_0, v0x5591ecf217d0_0;
E_0x5591ececfa20/1 .event edge, v0x5591ecf21320_0;
E_0x5591ececfa20 .event/or E_0x5591ececfa20/0, E_0x5591ececfa20/1;
S_0x5591ecf22110 .scope module, "c_unit" "control_unit" 3 43, 5 13 0, S_0x5591eceecf60;
 .timescale 0 0;
    .port_info 0 /OUTPUT 1 "RegRead"
    .port_info 1 /OUTPUT 1 "RegWrite"
    .port_info 2 /OUTPUT 1 "MemRead"
    .port_info 3 /OUTPUT 1 "MemWrite"
    .port_info 4 /OUTPUT 1 "RegDst"
    .port_info 5 /OUTPUT 1 "Branch"
    .port_info 6 /OUTPUT 1 "ALUSrc"
    .port_info 7 /OUTPUT 1 "PCSrc"
    .port_info 8 /OUTPUT 1 "MemToReg"
    .port_info 9 /INPUT 6 "opcode"
    .port_info 10 /INPUT 6 "funct"
v0x5591ecf223e0_0 .var "ALUSrc", 0 0;
v0x5591ecf224c0_0 .var "Branch", 0 0;
v0x5591ecf22580_0 .var "MemRead", 0 0;
v0x5591ecf22650_0 .var "MemToReg", 0 0;
v0x5591ecf22720_0 .var "MemWrite", 0 0;
v0x5591ecf22810_0 .var "PCSrc", 0 0;
v0x5591ecf228b0_0 .var "RegDst", 0 0;
v0x5591ecf22950_0 .var "RegRead", 0 0;
v0x5591ecf22a10_0 .var "RegWrite", 0 0;
v0x5591ecf22ad0_0 .net "funct", 5 0, v0x5591ecf23dc0_0;  alias, 1 drivers
v0x5591ecf22b90_0 .net "opcode", 5 0, L_0x5591ecf273f0;  alias, 1 drivers
E_0x5591eced00e0 .event edge, v0x5591ecf21320_0, v0x5591ecf21610_0;
S_0x5591ecf22da0 .scope module, "data_memory" "read_data_memory" 3 47, 6 4 0, S_0x5591eceecf60;
 .timescale 0 0;
    .port_info 0 /OUTPUT 32 "read_data"
    .port_info 1 /INPUT 32 "address"
    .port_info 2 /INPUT 32 "write_data"
    .port_info 3 /INPUT 6 "opcode"
    .port_info 4 /INPUT 5 "rs"
    .port_info 5 /INPUT 1 "MemRead"
    .port_info 6 /INPUT 1 "MemWrite"
    .port_info 7 /INPUT 1 "MemToReg"
v0x5591ecf230b0_0 .net "MemRead", 0 0, v0x5591ecf22580_0;  alias, 1 drivers
v0x5591ecf231a0_0 .net "MemToReg", 0 0, v0x5591ecf22810_0;  alias, 1 drivers
v0x5591ecf23270_0 .net "MemWrite", 0 0, v0x5591ecf22720_0;  alias, 1 drivers
v0x5591ecf23370_0 .net "address", 31 0, v0x5591ece892e0_0;  alias, 1 drivers
v0x5591ecf23440 .array "data_mem", 0 255, 31 0;
v0x5591ecf23530_0 .net "opcode", 5 0, L_0x5591ecf273f0;  alias, 1 drivers
v0x5591ecf23620_0 .var "read_data", 31 0;
v0x5591ecf236c0 .array "reg_mem", 0 31, 31 0;
v0x5591ecf23780_0 .net "rs", 4 0, v0x5591ecf24330_0;  alias, 1 drivers
v0x5591ecf23840_0 .net "write_data", 31 0, v0x5591ecf256b0_0;  alias, 1 drivers
E_0x5591ecf032f0 .event edge, v0x5591ece892e0_0;
E_0x5591ecf039f0 .event edge, v0x5591ecf22720_0, v0x5591ece892e0_0;
S_0x5591ecf239c0 .scope module, "ins_parse" "ins_parser" 3 41, 7 4 0, S_0x5591eceecf60;
 .timescale 0 0;
    .port_info 0 /OUTPUT 6 "opcode"
    .port_info 1 /OUTPUT 5 "rs"
    .port_info 2 /OUTPUT 5 "rt"
    .port_info 3 /OUTPUT 5 "rd"
    .port_info 4 /OUTPUT 5 "shamt"
    .port_info 5 /OUTPUT 6 "funct"
    .port_info 6 /OUTPUT 16 "imm"
    .port_info 7 /OUTPUT 26 "address"
    .port_info 8 /INPUT 32 "instruction"
    .port_info 9 /INPUT 32 "p_count"
v0x5591ecf23cc0_0 .var "address", 25 0;
v0x5591ecf23dc0_0 .var "funct", 5 0;
v0x5591ecf23ed0_0 .var "imm", 15 0;
v0x5591ecf23fa0_0 .net "instruction", 31 0, v0x5591ecf24a00_0;  alias, 1 drivers
v0x5591ecf24060_0 .net "opcode", 5 0, L_0x5591ecf273f0;  alias, 1 drivers
v0x5591ecf24170_0 .net "p_count", 31 0, v0x5591ecf260d0_0;  1 drivers
v0x5591ecf24250_0 .var "rd", 4 0;
v0x5591ecf24330_0 .var "rs", 4 0;
v0x5591ecf24440_0 .var "rt", 4 0;
v0x5591ecf24590_0 .var "shamt", 4 0;
E_0x5591ecf23c40 .event edge, v0x5591ecf23fa0_0;
L_0x5591ecf273f0 .part v0x5591ecf24a00_0, 26, 6;
S_0x5591ecf24750 .scope module, "inst_mem" "read_instructions" 3 39, 8 4 0, S_0x5591eceecf60;
 .timescale 0 0;
    .port_info 0 /OUTPUT 32 "instruction"
    .port_info 1 /INPUT 32 "pc"
v0x5591ecf24a00_0 .var "instruction", 31 0;
v0x5591ecf24ae0 .array "instructions", 0 2, 31 0;
v0x5591ecf24b80_0 .net "pc", 31 0, v0x5591ecf260d0_0;  alias, 1 drivers
E_0x5591ecf24980 .event edge, v0x5591ecf24170_0;
S_0x5591ecf24cc0 .scope module, "reg_val" "read_registers" 3 49, 9 4 0, S_0x5591eceecf60;
 .timescale 0 0;
    .port_info 0 /OUTPUT 32 "read_data_1"
    .port_info 1 /OUTPUT 32 "read_data_2"
    .port_info 2 /INPUT 32 "write_data"
    .port_info 3 /INPUT 5 "rs"
    .port_info 4 /INPUT 5 "rt"
    .port_info 5 /INPUT 5 "rd"
    .port_info 6 /INPUT 6 "opcode"
    .port_info 7 /INPUT 1 "RegRead"
    .port_info 8 /INPUT 1 "RegWrite"
    .port_info 9 /INPUT 1 "RegDst"
    .port_info 10 /INPUT 1 "clk"
v0x5591ecf25060_0 .net "RegDst", 0 0, v0x5591ecf228b0_0;  alias, 1 drivers
v0x5591ecf25150_0 .net "RegRead", 0 0, v0x5591ecf22950_0;  alias, 1 drivers
v0x5591ecf25220_0 .net "RegWrite", 0 0, v0x5591ecf22a10_0;  alias, 1 drivers
v0x5591ecf25320_0 .net "clk", 0 0, v0x5591ecf27300_0;  alias, 1 drivers
v0x5591ecf253c0_0 .net "opcode", 5 0, L_0x5591ecf273f0;  alias, 1 drivers
v0x5591ecf25540_0 .net "rd", 4 0, v0x5591ecf24250_0;  alias, 1 drivers
v0x5591ecf255e0_0 .var "read_data_1", 31 0;
v0x5591ecf256b0_0 .var "read_data_2", 31 0;
v0x5591ecf25750 .array "registers", 0 31, 31 0;
v0x5591ecf25880_0 .net "rs", 4 0, v0x5591ecf24330_0;  alias, 1 drivers
v0x5591ecf25940_0 .net "rt", 4 0, v0x5591ecf24440_0;  alias, 1 drivers
v0x5591ecf25a00_0 .net "write_data", 31 0, v0x5591ece892e0_0;  alias, 1 drivers
E_0x5591ecf24fa0 .event edge, v0x5591ecf218b0_0, v0x5591ecf216f0_0;
E_0x5591ecf25000 .event edge, v0x5591ece892e0_0, v0x5591ecf24250_0;
    .scope S_0x5591ecf24750;
T_0 ;
    %vpi_call 8 12 "$readmemb", "instructions.mem", v0x5591ecf24ae0, 32'sb00000000000000000000000000000000, 32'sb00000000000000000000000000000010 {0 0 0};
    %end;
    .thread T_0;
    .scope S_0x5591ecf24750;
T_1 ;
    %wait E_0x5591ecf24980;
    %ix/getv 4, v0x5591ecf24b80_0;
    %load/vec4a v0x5591ecf24ae0, 4;
    %store/vec4 v0x5591ecf24a00_0, 0, 32;
    %jmp T_1;
    .thread T_1, $push;
    .scope S_0x5591ecf239c0;
T_2 ;
    %wait E_0x5591ecf23c40;
    %pushi/vec4 0, 0, 5;
    %store/vec4 v0x5591ecf24330_0, 0, 5;
    %pushi/vec4 0, 0, 5;
    %store/vec4 v0x5591ecf24440_0, 0, 5;
    %pushi/vec4 0, 0, 5;
    %store/vec4 v0x5591ecf24250_0, 0, 5;
    %pushi/vec4 0, 0, 5;
    %store/vec4 v0x5591ecf24590_0, 0, 5;
    %pushi/vec4 0, 0, 6;
    %store/vec4 v0x5591ecf23dc0_0, 0, 6;
    %pushi/vec4 0, 0, 16;
    %store/vec4 v0x5591ecf23ed0_0, 0, 16;
    %pushi/vec4 0, 0, 26;
    %store/vec4 v0x5591ecf23cc0_0, 0, 26;
    %load/vec4 v0x5591ecf24060_0;
    %cmpi/e 0, 0, 6;
    %jmp/0xz  T_2.0, 4;
    %load/vec4 v0x5591ecf23fa0_0;
    %parti/s 5, 6, 4;
    %store/vec4 v0x5591ecf24590_0, 0, 5;
    %load/vec4 v0x5591ecf23fa0_0;
    %parti/s 5, 11, 5;
    %store/vec4 v0x5591ecf24250_0, 0, 5;
    %load/vec4 v0x5591ecf23fa0_0;
    %parti/s 5, 16, 6;
    %store/vec4 v0x5591ecf24440_0, 0, 5;
    %load/vec4 v0x5591ecf23fa0_0;
    %parti/s 5, 21, 6;
    %store/vec4 v0x5591ecf24330_0, 0, 5;
    %load/vec4 v0x5591ecf23fa0_0;
    %parti/s 6, 0, 2;
    %store/vec4 v0x5591ecf23dc0_0, 0, 6;
    %jmp T_2.1;
T_2.0 ;
    %load/vec4 v0x5591ecf24060_0;
    %pushi/vec4 2, 0, 6;
    %cmp/e;
    %flag_get/vec4 4;
    %load/vec4 v0x5591ecf24060_0;
    %pushi/vec4 3, 0, 6;
    %cmp/e;
    %flag_get/vec4 4;
    %or;
    %flag_set/vec4 8;
    %jmp/0xz  T_2.2, 8;
    %load/vec4 v0x5591ecf23fa0_0;
    %parti/s 26, 0, 2;
    %store/vec4 v0x5591ecf23cc0_0, 0, 26;
    %jmp T_2.3;
T_2.2 ;
    %load/vec4 v0x5591ecf23fa0_0;
    %parti/s 5, 16, 6;
    %store/vec4 v0x5591ecf24440_0, 0, 5;
    %load/vec4 v0x5591ecf23fa0_0;
    %parti/s 5, 21, 6;
    %store/vec4 v0x5591ecf24330_0, 0, 5;
    %load/vec4 v0x5591ecf23fa0_0;
    %parti/s 16, 0, 2;
    %store/vec4 v0x5591ecf23ed0_0, 0, 16;
T_2.3 ;
T_2.1 ;
    %jmp T_2;
    .thread T_2, $push;
    .scope S_0x5591ecf22110;
T_3 ;
    %wait E_0x5591eced00e0;
    %pushi/vec4 0, 0, 1;
    %store/vec4 v0x5591ecf22580_0, 0, 1;
    %pushi/vec4 0, 0, 1;
    %store/vec4 v0x5591ecf22720_0, 0, 1;
    %pushi/vec4 0, 0, 1;
    %store/vec4 v0x5591ecf22a10_0, 0, 1;
    %pushi/vec4 0, 0, 1;
    %store/vec4 v0x5591ecf22950_0, 0, 1;
    %pushi/vec4 0, 0, 1;
    %store/vec4 v0x5591ecf228b0_0, 0, 1;
    %pushi/vec4 0, 0, 1;
    %store/vec4 v0x5591ecf224c0_0, 0, 1;
    %pushi/vec4 0, 0, 1;
    %store/vec4 v0x5591ecf223e0_0, 0, 1;
    %pushi/vec4 0, 0, 1;
    %store/vec4 v0x5591ecf22810_0, 0, 1;
    %pushi/vec4 0, 0, 1;
    %store/vec4 v0x5591ecf22650_0, 0, 1;
    %load/vec4 v0x5591ecf22b90_0;
    %cmpi/e 0, 0, 6;
    %jmp/0xz  T_3.0, 4;
    %pushi/vec4 1, 0, 1;
    %store/vec4 v0x5591ecf228b0_0, 0, 1;
    %pushi/vec4 1, 0, 1;
    %store/vec4 v0x5591ecf22950_0, 0, 1;
    %load/vec4 v0x5591ecf22ad0_0;
    %cmpi/ne 8, 0, 6;
    %jmp/0xz  T_3.2, 4;
    %pushi/vec4 1, 0, 1;
    %store/vec4 v0x5591ecf22a10_0, 0, 1;
T_3.2 ;
    %jmp T_3.1;
T_3.0 ;
    %load/vec4 v0x5591ecf22b90_0;
    %cmpi/e 15, 0, 6;
    %jmp/0xz  T_3.4, 4;
    %pushi/vec4 1, 0, 1;
    %store/vec4 v0x5591ecf22a10_0, 0, 1;
    %pushi/vec4 1, 0, 1;
    %store/vec4 v0x5591ecf223e0_0, 0, 1;
    %jmp T_3.5;
T_3.4 ;
    %load/vec4 v0x5591ecf22b90_0;
    %pushi/vec4 0, 0, 6;
    %cmp/e;
    %flag_get/vec4 4;
    %inv;
    %load/vec4 v0x5591ecf22b90_0;
    %pushi/vec4 4, 0, 6;
    %cmp/e;
    %flag_get/vec4 4;
    %inv;
    %and;
    %load/vec4 v0x5591ecf22b90_0;
    %pushi/vec4 5, 0, 6;
    %cmp/e;
    %flag_get/vec4 4;
    %inv;
    %and;
    %load/vec4 v0x5591ecf22b90_0;
    %pushi/vec4 40, 0, 6;
    %cmp/e;
    %flag_get/vec4 4;
    %inv;
    %and;
    %load/vec4 v0x5591ecf22b90_0;
    %pushi/vec4 41, 0, 6;
    %cmp/e;
    %flag_get/vec4 4;
    %inv;
    %and;
    %load/vec4 v0x5591ecf22b90_0;
    %pushi/vec4 43, 0, 6;
    %cmp/e;
    %flag_get/vec4 4;
    %inv;
    %and;
    %flag_set/vec4 8;
    %jmp/0xz  T_3.6, 8;
    %pushi/vec4 1, 0, 1;
    %store/vec4 v0x5591ecf22a10_0, 0, 1;
    %jmp T_3.7;
T_3.6 ;
    %load/vec4 v0x5591ecf22b90_0;
    %pushi/vec4 4, 0, 6;
    %cmp/e;
    %flag_get/vec4 4;
    %load/vec4 v0x5591ecf22b90_0;
    %pushi/vec4 5, 0, 6;
    %cmp/e;
    %flag_get/vec4 4;
    %or;
    %flag_set/vec4 8;
    %jmp/0xz  T_3.8, 8;
    %pushi/vec4 1, 0, 1;
    %store/vec4 v0x5591ecf224c0_0, 0, 1;
    %jmp T_3.9;
T_3.8 ;
    %load/vec4 v0x5591ecf22b90_0;
    %pushi/vec4 0, 0, 6;
    %cmp/e;
    %flag_get/vec4 4;
    %inv;
    %load/vec4 v0x5591ecf22b90_0;
    %pushi/vec4 40, 0, 6;
    %cmp/e;
    %flag_get/vec4 4;
    %load/vec4 v0x5591ecf22b90_0;
    %pushi/vec4 41, 0, 6;
    %cmp/e;
    %flag_get/vec4 4;
    %or;
    %load/vec4 v0x5591ecf22b90_0;
    %pushi/vec4 43, 0, 6;
    %cmp/e;
    %flag_get/vec4 4;
    %or;
    %and;
    %flag_set/vec4 8;
    %jmp/0xz  T_3.10, 8;
    %pushi/vec4 1, 0, 1;
    %store/vec4 v0x5591ecf22720_0, 0, 1;
    %pushi/vec4 1, 0, 1;
    %store/vec4 v0x5591ecf22950_0, 0, 1;
    %pushi/vec4 1, 0, 1;
    %store/vec4 v0x5591ecf223e0_0, 0, 1;
    %jmp T_3.11;
T_3.10 ;
    %load/vec4 v0x5591ecf22b90_0;
    %pushi/vec4 0, 0, 6;
    %cmp/e;
    %flag_get/vec4 4;
    %inv;
    %load/vec4 v0x5591ecf22b90_0;
    %pushi/vec4 35, 0, 6;
    %cmp/e;
    %flag_get/vec4 4;
    %and;
    %flag_set/vec4 8;
    %jmp/0xz  T_3.12, 8;
    %pushi/vec4 1, 0, 1;
    %store/vec4 v0x5591ecf22580_0, 0, 1;
    %pushi/vec4 1, 0, 1;
    %store/vec4 v0x5591ecf223e0_0, 0, 1;
    %pushi/vec4 1, 0, 1;
    %store/vec4 v0x5591ecf22650_0, 0, 1;
    %pushi/vec4 1, 0, 1;
    %store/vec4 v0x5591ecf22950_0, 0, 1;
    %jmp T_3.13;
T_3.12 ;
    %pushi/vec4 1, 0, 1;
    %store/vec4 v0x5591ecf22810_0, 0, 1;
T_3.13 ;
T_3.11 ;
T_3.9 ;
T_3.7 ;
T_3.5 ;
T_3.1 ;
    %jmp T_3;
    .thread T_3, $push;
    .scope S_0x5591ece890b0;
T_4 ;
    %wait E_0x5591ececfa20;
    %load/vec4 v0x5591ecf217d0_0;
    %store/vec4 v0x5591ecf21c30_0, 0, 32;
    %load/vec4 v0x5591ecf21990_0;
    %store/vec4 v0x5591ecf21d10_0, 0, 32;
    %load/vec4 v0x5591ecf21610_0;
    %cmpi/e 0, 0, 6;
    %jmp/0xz  T_4.0, 4;
    %load/vec4 v0x5591ecf21320_0;
    %dup/vec4;
    %pushi/vec4 32, 0, 6;
    %cmp/u;
    %jmp/1 T_4.2, 6;
    %dup/vec4;
    %pushi/vec4 33, 0, 6;
    %cmp/u;
    %jmp/1 T_4.3, 6;
    %dup/vec4;
    %pushi/vec4 34, 0, 6;
    %cmp/u;
    %jmp/1 T_4.4, 6;
    %dup/vec4;
    %pushi/vec4 35, 0, 6;
    %cmp/u;
    %jmp/1 T_4.5, 6;
    %dup/vec4;
    %pushi/vec4 36, 0, 6;
    %cmp/u;
    %jmp/1 T_4.6, 6;
    %dup/vec4;
    %pushi/vec4 37, 0, 6;
    %cmp/u;
    %jmp/1 T_4.7, 6;
    %dup/vec4;
    %pushi/vec4 39, 0, 6;
    %cmp/u;
    %jmp/1 T_4.8, 6;
    %dup/vec4;
    %pushi/vec4 3, 0, 6;
    %cmp/u;
    %jmp/1 T_4.9, 6;
    %dup/vec4;
    %pushi/vec4 2, 0, 6;
    %cmp/u;
    %jmp/1 T_4.10, 6;
    %dup/vec4;
    %pushi/vec4 0, 0, 6;
    %cmp/u;
    %jmp/1 T_4.11, 6;
    %dup/vec4;
    %pushi/vec4 43, 0, 6;
    %cmp/u;
    %jmp/1 T_4.12, 6;
    %dup/vec4;
    %pushi/vec4 42, 0, 6;
    %cmp/u;
    %jmp/1 T_4.13, 6;
    %jmp T_4.14;
T_4.2 ;
    %load/vec4 v0x5591ecf21c30_0;
    %load/vec4 v0x5591ecf21d10_0;
    %add;
    %store/vec4 v0x5591ece892e0_0, 0, 32;
    %jmp T_4.14;
T_4.3 ;
    %load/vec4 v0x5591ecf217d0_0;
    %load/vec4 v0x5591ecf21990_0;
    %add;
    %store/vec4 v0x5591ece892e0_0, 0, 32;
    %jmp T_4.14;
T_4.4 ;
    %load/vec4 v0x5591ecf21c30_0;
    %load/vec4 v0x5591ecf21d10_0;
    %sub;
    %store/vec4 v0x5591ece892e0_0, 0, 32;
    %jmp T_4.14;
T_4.5 ;
    %load/vec4 v0x5591ecf217d0_0;
    %load/vec4 v0x5591ecf21990_0;
    %sub;
    %store/vec4 v0x5591ece892e0_0, 0, 32;
    %jmp T_4.14;
T_4.6 ;
    %load/vec4 v0x5591ecf217d0_0;
    %load/vec4 v0x5591ecf21990_0;
    %and;
    %store/vec4 v0x5591ece892e0_0, 0, 32;
    %jmp T_4.14;
T_4.7 ;
    %load/vec4 v0x5591ecf217d0_0;
    %load/vec4 v0x5591ecf21990_0;
    %or;
    %store/vec4 v0x5591ece892e0_0, 0, 32;
    %jmp T_4.14;
T_4.8 ;
    %load/vec4 v0x5591ecf217d0_0;
    %load/vec4 v0x5591ecf21990_0;
    %or;
    %inv;
    %store/vec4 v0x5591ece892e0_0, 0, 32;
    %jmp T_4.14;
T_4.9 ;
    %load/vec4 v0x5591ecf21990_0;
    %store/vec4 v0x5591ecf21df0_0, 0, 32;
    %pushi/vec4 0, 0, 32;
    %store/vec4 v0x5591ecf21400_0, 0, 32;
T_4.15 ;
    %load/vec4 v0x5591ecf21400_0;
    %load/vec4 v0x5591ecf21a70_0;
    %pad/u 32;
    %cmp/u;
    %jmp/0xz T_4.16, 5;
    %load/vec4 v0x5591ecf21df0_0;
    %parti/s 1, 31, 6;
    %load/vec4 v0x5591ecf21df0_0;
    %parti/s 31, 1, 2;
    %concat/vec4; draw_concat_vec4
    %store/vec4 v0x5591ecf21df0_0, 0, 32;
    %load/vec4 v0x5591ecf21400_0;
    %addi 1, 0, 32;
    %store/vec4 v0x5591ecf21400_0, 0, 32;
    %jmp T_4.15;
T_4.16 ;
    %load/vec4 v0x5591ecf21df0_0;
    %store/vec4 v0x5591ece892e0_0, 0, 32;
    %jmp T_4.14;
T_4.10 ;
    %load/vec4 v0x5591ecf21990_0;
    %ix/getv 4, v0x5591ecf21a70_0;
    %shiftr 4;
    %store/vec4 v0x5591ece892e0_0, 0, 32;
    %jmp T_4.14;
T_4.11 ;
    %load/vec4 v0x5591ecf21990_0;
    %ix/getv 4, v0x5591ecf21a70_0;
    %shiftl 4;
    %store/vec4 v0x5591ece892e0_0, 0, 32;
    %jmp T_4.14;
T_4.12 ;
    %load/vec4 v0x5591ecf217d0_0;
    %load/vec4 v0x5591ecf21990_0;
    %cmp/u;
    %jmp/0xz  T_4.17, 5;
    %pushi/vec4 1, 0, 32;
    %store/vec4 v0x5591ece892e0_0, 0, 32;
    %jmp T_4.18;
T_4.17 ;
    %pushi/vec4 0, 0, 32;
    %store/vec4 v0x5591ece892e0_0, 0, 32;
T_4.18 ;
    %jmp T_4.14;
T_4.13 ;
    %load/vec4 v0x5591ecf21c30_0;
    %load/vec4 v0x5591ecf21d10_0;
    %cmp/s;
    %jmp/0xz  T_4.19, 5;
    %pushi/vec4 1, 0, 32;
    %store/vec4 v0x5591ece892e0_0, 0, 32;
    %jmp T_4.20;
T_4.19 ;
    %pushi/vec4 0, 0, 32;
    %store/vec4 v0x5591ece892e0_0, 0, 32;
T_4.20 ;
    %jmp T_4.14;
T_4.14 ;
    %pop/vec4 1;
    %jmp T_4.1;
T_4.0 ;
    %load/vec4 v0x5591ecf21530_0;
    %parti/s 1, 15, 5;
    %replicate 16;
    %load/vec4 v0x5591ecf21530_0;
    %concat/vec4; draw_concat_vec4
    %store/vec4 v0x5591ecf21b50_0, 0, 32;
    %pushi/vec4 0, 0, 16;
    %load/vec4 v0x5591ecf21530_0;
    %concat/vec4; draw_concat_vec4
    %store/vec4 v0x5591ecf21ed0_0, 0, 32;
    %load/vec4 v0x5591ecf21610_0;
    %dup/vec4;
    %pushi/vec4 8, 0, 6;
    %cmp/u;
    %jmp/1 T_4.21, 6;
    %dup/vec4;
    %pushi/vec4 9, 0, 6;
    %cmp/u;
    %jmp/1 T_4.22, 6;
    %dup/vec4;
    %pushi/vec4 18, 0, 6;
    %cmp/u;
    %jmp/1 T_4.23, 6;
    %dup/vec4;
    %pushi/vec4 4, 0, 6;
    %cmp/u;
    %jmp/1 T_4.24, 6;
    %dup/vec4;
    %pushi/vec4 5, 0, 6;
    %cmp/u;
    %jmp/1 T_4.25, 6;
    %dup/vec4;
    %pushi/vec4 21, 0, 6;
    %cmp/u;
    %jmp/1 T_4.26, 6;
    %dup/vec4;
    %pushi/vec4 19, 0, 6;
    %cmp/u;
    %jmp/1 T_4.27, 6;
    %dup/vec4;
    %pushi/vec4 10, 0, 6;
    %cmp/u;
    %jmp/1 T_4.28, 6;
    %dup/vec4;
    %pushi/vec4 11, 0, 6;
    %cmp/u;
    %jmp/1 T_4.29, 6;
    %dup/vec4;
    %pushi/vec4 40, 0, 6;
    %cmp/u;
    %jmp/1 T_4.30, 6;
    %dup/vec4;
    %pushi/vec4 41, 0, 6;
    %cmp/u;
    %jmp/1 T_4.31, 6;
    %dup/vec4;
    %pushi/vec4 43, 0, 6;
    %cmp/u;
    %jmp/1 T_4.32, 6;
    %dup/vec4;
    %pushi/vec4 35, 0, 6;
    %cmp/u;
    %jmp/1 T_4.33, 6;
    %dup/vec4;
    %pushi/vec4 36, 0, 6;
    %cmp/u;
    %jmp/1 T_4.34, 6;
    %dup/vec4;
    %pushi/vec4 37, 0, 6;
    %cmp/u;
    %jmp/1 T_4.35, 6;
    %dup/vec4;
    %pushi/vec4 48, 0, 6;
    %cmp/u;
    %jmp/1 T_4.36, 6;
    %jmp T_4.37;
T_4.21 ;
    %load/vec4 v0x5591ecf21c30_0;
    %load/vec4 v0x5591ecf21b50_0;
    %add;
    %store/vec4 v0x5591ece892e0_0, 0, 32;
    %jmp T_4.37;
T_4.22 ;
    %load/vec4 v0x5591ecf217d0_0;
    %load/vec4 v0x5591ecf21b50_0;
    %add;
    %store/vec4 v0x5591ece892e0_0, 0, 32;
    %jmp T_4.37;
T_4.23 ;
    %load/vec4 v0x5591ecf217d0_0;
    %load/vec4 v0x5591ecf21ed0_0;
    %and;
    %store/vec4 v0x5591ece892e0_0, 0, 32;
    %jmp T_4.37;
T_4.24 ;
    %load/vec4 v0x5591ecf21c30_0;
    %load/vec4 v0x5591ecf21d10_0;
    %sub;
    %store/vec4 v0x5591ece892e0_0, 0, 32;
    %load/vec4 v0x5591ece892e0_0;
    %cmpi/e 0, 0, 32;
    %jmp/0xz  T_4.38, 4;
    %pushi/vec4 1, 0, 1;
    %store/vec4 v0x5591ecf21280_0, 0, 1;
    %jmp T_4.39;
T_4.38 ;
    %pushi/vec4 0, 0, 1;
    %store/vec4 v0x5591ecf21280_0, 0, 1;
T_4.39 ;
    %jmp T_4.37;
T_4.25 ;
    %load/vec4 v0x5591ecf21c30_0;
    %load/vec4 v0x5591ecf21d10_0;
    %sub;
    %store/vec4 v0x5591ece892e0_0, 0, 32;
    %load/vec4 v0x5591ece892e0_0;
    %cmpi/ne 0, 0, 32;
    %jmp/0xz  T_4.40, 4;
    %pushi/vec4 1, 0, 1;
    %store/vec4 v0x5591ecf21280_0, 0, 1;
    %pushi/vec4 0, 0, 32;
    %store/vec4 v0x5591ece892e0_0, 0, 32;
    %jmp T_4.41;
T_4.40 ;
    %pushi/vec4 0, 0, 1;
    %store/vec4 v0x5591ecf21280_0, 0, 1;
T_4.41 ;
    %jmp T_4.37;
T_4.26 ;
    %load/vec4 v0x5591ecf21530_0;
    %concati/vec4 0, 0, 16;
    %store/vec4 v0x5591ece892e0_0, 0, 32;
    %jmp T_4.37;
T_4.27 ;
    %load/vec4 v0x5591ecf217d0_0;
    %load/vec4 v0x5591ecf21ed0_0;
    %or;
    %store/vec4 v0x5591ece892e0_0, 0, 32;
    %jmp T_4.37;
T_4.28 ;
    %load/vec4 v0x5591ecf21c30_0;
    %load/vec4 v0x5591ecf21b50_0;
    %cmp/s;
    %jmp/0xz  T_4.42, 5;
    %pushi/vec4 1, 0, 32;
    %store/vec4 v0x5591ece892e0_0, 0, 32;
    %jmp T_4.43;
T_4.42 ;
    %pushi/vec4 0, 0, 32;
    %store/vec4 v0x5591ece892e0_0, 0, 32;
T_4.43 ;
    %jmp T_4.37;
T_4.29 ;
    %load/vec4 v0x5591ecf217d0_0;
    %load/vec4 v0x5591ecf21b50_0;
    %cmp/u;
    %jmp/0xz  T_4.44, 5;
    %pushi/vec4 1, 0, 32;
    %store/vec4 v0x5591ece892e0_0, 0, 32;
    %jmp T_4.45;
T_4.44 ;
    %pushi/vec4 0, 0, 32;
    %store/vec4 v0x5591ece892e0_0, 0, 32;
T_4.45 ;
    %jmp T_4.37;
T_4.30 ;
    %load/vec4 v0x5591ecf21c30_0;
    %load/vec4 v0x5591ecf21b50_0;
    %add;
    %store/vec4 v0x5591ece892e0_0, 0, 32;
    %jmp T_4.37;
T_4.31 ;
    %load/vec4 v0x5591ecf21c30_0;
    %load/vec4 v0x5591ecf21b50_0;
    %add;
    %store/vec4 v0x5591ece892e0_0, 0, 32;
    %jmp T_4.37;
T_4.32 ;
    %load/vec4 v0x5591ecf21c30_0;
    %load/vec4 v0x5591ecf21b50_0;
    %add;
    %store/vec4 v0x5591ece892e0_0, 0, 32;
    %jmp T_4.37;
T_4.33 ;
    %load/vec4 v0x5591ecf21c30_0;
    %load/vec4 v0x5591ecf21b50_0;
    %add;
    %store/vec4 v0x5591ece892e0_0, 0, 32;
    %jmp T_4.37;
T_4.34 ;
    %load/vec4 v0x5591ecf21c30_0;
    %load/vec4 v0x5591ecf21b50_0;
    %add;
    %store/vec4 v0x5591ece892e0_0, 0, 32;
    %jmp T_4.37;
T_4.35 ;
    %load/vec4 v0x5591ecf21c30_0;
    %load/vec4 v0x5591ecf21ed0_0;
    %add;
    %store/vec4 v0x5591ece892e0_0, 0, 32;
    %jmp T_4.37;
T_4.36 ;
    %load/vec4 v0x5591ecf21c30_0;
    %load/vec4 v0x5591ecf21b50_0;
    %add;
    %store/vec4 v0x5591ece892e0_0, 0, 32;
    %jmp T_4.37;
T_4.37 ;
    %pop/vec4 1;
T_4.1 ;
    %jmp T_4;
    .thread T_4, $push;
    .scope S_0x5591ece890b0;
T_5 ;
    %wait E_0x5591ececfca0;
    %vpi_call 4 179 "$display", "Opcode : %6b, RS : %32b, RT : %32b, signExtendImm = %32b, Result : %32b\012", v0x5591ecf21610_0, v0x5591ecf217d0_0, v0x5591ecf21990_0, v0x5591ecf21b50_0, v0x5591ece892e0_0 {0 0 0};
    %jmp T_5;
    .thread T_5, $push;
    .scope S_0x5591ecf22da0;
T_6 ;
    %wait E_0x5591ecf039f0;
    %load/vec4 v0x5591ecf23270_0;
    %flag_set/vec4 8;
    %jmp/0xz  T_6.0, 8;
    %vpi_call 6 17 "$readmemb", "data.mem", v0x5591ecf23440, 32'sb00000000000000000000000000011111, 32'sb00000000000000000000000000000000 {0 0 0};
    %load/vec4 v0x5591ecf23530_0;
    %cmpi/e 40, 0, 6;
    %jmp/0xz  T_6.2, 4;
    %load/vec4 v0x5591ecf23840_0;
    %parti/s 8, 0, 2;
    %ix/getv 4, v0x5591ecf23370_0;
    %flag_mov 8, 4;
    %ix/load 5, 0, 0;
    %flag_set/imm 4, 0;
    %flag_or 4, 8;
    %store/vec4a v0x5591ecf23440, 4, 5;
    %jmp T_6.3;
T_6.2 ;
    %load/vec4 v0x5591ecf23530_0;
    %cmpi/e 41, 0, 6;
    %jmp/0xz  T_6.4, 4;
    %load/vec4 v0x5591ecf23840_0;
    %parti/s 16, 0, 2;
    %ix/getv 4, v0x5591ecf23370_0;
    %flag_mov 8, 4;
    %ix/load 5, 0, 0;
    %flag_set/imm 4, 0;
    %flag_or 4, 8;
    %store/vec4a v0x5591ecf23440, 4, 5;
    %jmp T_6.5;
T_6.4 ;
    %load/vec4 v0x5591ecf23840_0;
    %ix/getv 4, v0x5591ecf23370_0;
    %store/vec4a v0x5591ecf23440, 4, 0;
T_6.5 ;
T_6.3 ;
    %vpi_call 6 28 "$writememb", "data.mem", v0x5591ecf23440 {0 0 0};
T_6.0 ;
    %jmp T_6;
    .thread T_6, $push;
    .scope S_0x5591ecf22da0;
T_7 ;
    %wait E_0x5591ecf032f0;
    %vpi_call 6 33 "$readmemb", "data.mem", v0x5591ecf23440, 32'sb00000000000000000000000000011111, 32'sb00000000000000000000000000000000 {0 0 0};
    %vpi_call 6 34 "$readmemb", "registers.mem", v0x5591ecf236c0, 32'sb00000000000000000000000000011111, 32'sb00000000000000000000000000000000 {0 0 0};
    %load/vec4 v0x5591ecf230b0_0;
    %flag_set/vec4 8;
    %jmp/0xz  T_7.0, 8;
    %ix/getv 4, v0x5591ecf23370_0;
    %load/vec4a v0x5591ecf23440, 4;
    %store/vec4 v0x5591ecf23620_0, 0, 32;
T_7.0 ;
    %load/vec4 v0x5591ecf231a0_0;
    %flag_set/vec4 8;
    %jmp/0xz  T_7.2, 8;
    %load/vec4 v0x5591ecf23620_0;
    %load/vec4 v0x5591ecf23780_0;
    %pad/u 7;
    %ix/vec4 4;
    %store/vec4a v0x5591ecf236c0, 4, 0;
    %vpi_call 6 40 "$writememb", "registers.mem", v0x5591ecf236c0 {0 0 0};
T_7.2 ;
    %jmp T_7;
    .thread T_7, $push;
    .scope S_0x5591ecf24cc0;
T_8 ;
    %wait E_0x5591ecf25000;
    %vpi_call 9 16 "$readmemb", "registers.mem", v0x5591ecf25750 {0 0 0};
    %load/vec4 v0x5591ecf25220_0;
    %flag_set/vec4 8;
    %jmp/0xz  T_8.0, 8;
    %load/vec4 v0x5591ecf25060_0;
    %flag_set/vec4 8;
    %jmp/0xz  T_8.2, 8;
    %load/vec4 v0x5591ecf253c0_0;
    %cmpi/e 36, 0, 6;
    %jmp/0xz  T_8.4, 4;
    %load/vec4 v0x5591ecf25a00_0;
    %parti/s 8, 0, 2;
    %load/vec4 v0x5591ecf25540_0;
    %pad/u 7;
    %ix/vec4 4;
    %flag_mov 8, 4;
    %ix/load 5, 0, 0;
    %flag_set/imm 4, 0;
    %flag_or 4, 8;
    %store/vec4a v0x5591ecf25750, 4, 5;
T_8.4 ;
    %load/vec4 v0x5591ecf253c0_0;
    %cmpi/e 37, 0, 6;
    %jmp/0xz  T_8.6, 4;
    %load/vec4 v0x5591ecf25a00_0;
    %parti/s 16, 0, 2;
    %load/vec4 v0x5591ecf25540_0;
    %pad/u 7;
    %ix/vec4 4;
    %flag_mov 8, 4;
    %ix/load 5, 0, 0;
    %flag_set/imm 4, 0;
    %flag_or 4, 8;
    %store/vec4a v0x5591ecf25750, 4, 5;
    %jmp T_8.7;
T_8.6 ;
    %load/vec4 v0x5591ecf25a00_0;
    %load/vec4 v0x5591ecf25540_0;
    %pad/u 7;
    %ix/vec4 4;
    %store/vec4a v0x5591ecf25750, 4, 0;
T_8.7 ;
    %jmp T_8.3;
T_8.2 ;
    %load/vec4 v0x5591ecf253c0_0;
    %cmpi/e 36, 0, 6;
    %jmp/0xz  T_8.8, 4;
    %load/vec4 v0x5591ecf25a00_0;
    %parti/s 8, 0, 2;
    %load/vec4 v0x5591ecf25940_0;
    %pad/u 7;
    %ix/vec4 4;
    %flag_mov 8, 4;
    %ix/load 5, 0, 0;
    %flag_set/imm 4, 0;
    %flag_or 4, 8;
    %store/vec4a v0x5591ecf25750, 4, 5;
T_8.8 ;
    %load/vec4 v0x5591ecf253c0_0;
    %cmpi/e 37, 0, 6;
    %jmp/0xz  T_8.10, 4;
    %load/vec4 v0x5591ecf25a00_0;
    %parti/s 16, 0, 2;
    %load/vec4 v0x5591ecf25940_0;
    %pad/u 7;
    %ix/vec4 4;
    %flag_mov 8, 4;
    %ix/load 5, 0, 0;
    %flag_set/imm 4, 0;
    %flag_or 4, 8;
    %store/vec4a v0x5591ecf25750, 4, 5;
    %jmp T_8.11;
T_8.10 ;
    %load/vec4 v0x5591ecf25a00_0;
    %load/vec4 v0x5591ecf25940_0;
    %pad/u 7;
    %ix/vec4 4;
    %store/vec4a v0x5591ecf25750, 4, 0;
T_8.11 ;
T_8.3 ;
    %vpi_call 9 45 "$writememb", "registers.mem", v0x5591ecf25750 {0 0 0};
T_8.0 ;
    %jmp T_8;
    .thread T_8, $push;
    .scope S_0x5591ecf24cc0;
T_9 ;
    %wait E_0x5591ecf24fa0;
    %vpi_call 9 52 "$readmemb", "registers.mem", v0x5591ecf25750 {0 0 0};
    %load/vec4 v0x5591ecf25150_0;
    %flag_set/vec4 8;
    %jmp/0xz  T_9.0, 8;
    %load/vec4 v0x5591ecf25880_0;
    %pad/u 7;
    %ix/vec4 4;
    %load/vec4a v0x5591ecf25750, 4;
    %store/vec4 v0x5591ecf255e0_0, 0, 32;
    %load/vec4 v0x5591ecf25940_0;
    %pad/u 7;
    %ix/vec4 4;
    %load/vec4a v0x5591ecf25750, 4;
    %store/vec4 v0x5591ecf256b0_0, 0, 32;
T_9.0 ;
    %jmp T_9;
    .thread T_9, $push;
    .scope S_0x5591eceecf60;
T_10 ;
    %pushi/vec4 0, 0, 32;
    %store/vec4 v0x5591ecf260d0_0, 0, 32;
    %end;
    .thread T_10;
    .scope S_0x5591eceecf60;
T_11 ;
    %wait E_0x5591ececfb70;
    %load/vec4 v0x5591ecf26b30_0;
    %cmpi/e 2, 0, 6;
    %jmp/0xz  T_11.0, 4;
    %load/vec4 v0x5591ecf265c0_0;
    %pad/u 32;
    %store/vec4 v0x5591ecf260d0_0, 0, 32;
    %jmp T_11.1;
T_11.0 ;
    %load/vec4 v0x5591ecf26b30_0;
    %pushi/vec4 0, 0, 6;
    %cmp/e;
    %flag_get/vec4 4;
    %load/vec4 v0x5591ecf267f0_0;
    %pushi/vec4 8, 0, 6;
    %cmp/e;
    %flag_get/vec4 4;
    %and;
    %flag_set/vec4 8;
    %jmp/0xz  T_11.2, 8;
    %load/vec4 v0x5591ecf26eb0_0;
    %store/vec4 v0x5591ecf260d0_0, 0, 32;
    %jmp T_11.3;
T_11.2 ;
    %load/vec4 v0x5591ecf27200_0;
    %pushi/vec4 0, 0, 32;
    %cmp/e;
    %flag_get/vec4 4;
    %load/vec4 v0x5591ecf26660_0;
    %pad/u 32;
    %pushi/vec4 1, 0, 32;
    %cmp/e;
    %flag_get/vec4 4;
    %and;
    %flag_set/vec4 8;
    %jmp/0xz  T_11.4, 8;
    %load/vec4 v0x5591ecf260d0_0;
    %addi 1, 0, 32;
    %load/vec4 v0x5591ecf26890_0;
    %pad/u 32;
    %add;
    %store/vec4 v0x5591ecf260d0_0, 0, 32;
    %jmp T_11.5;
T_11.4 ;
    %load/vec4 v0x5591ecf260d0_0;
    %addi 1, 0, 32;
    %store/vec4 v0x5591ecf260d0_0, 0, 32;
T_11.5 ;
T_11.3 ;
T_11.1 ;
    %jmp T_11;
    .thread T_11;
    .scope S_0x5591eceecde0;
T_12 ;
    %pushi/vec4 0, 0, 1;
    %store/vec4 v0x5591ecf27300_0, 0, 1;
    %delay 600, 0;
    %vpi_call 2 12 "$finish" {0 0 0};
    %end;
    .thread T_12;
    .scope S_0x5591eceecde0;
T_13 ;
    %delay 100, 0;
    %load/vec4 v0x5591ecf27300_0;
    %inv;
    %store/vec4 v0x5591ecf27300_0, 0, 1;
    %jmp T_13;
    .thread T_13;
# The file index is used to find the file name in the following table.
:file_names 10;
    "N/A";
    "<interactive>";
    "MIPS_tb.v";
    "./MIPS_core.v";
    "./ALU32bit.v";
    "./Control_Unit.v";
    "./Read_mem.v";
    "./Ins_parse.v";
    "./Read_ins.v";
    "./Read_Registers.v";
