#! /usr/bin/vvp
:ivl_version "10.3 (stable)";
:ivl_delay_selection "TYPICAL";
:vpi_time_precision + 0;
:vpi_module "system";
:vpi_module "vhdl_sys";
:vpi_module "v2005_math";
:vpi_module "va_math";
S_0x55c7e3693d50 .scope module, "read_data_memory_tb" "read_data_memory_tb" 2 78;
 .timescale 0 0;
v0x55c7e36adbc0_0 .var "MemRead", 0 0;
v0x55c7e36adc80_0 .var "MemWrite", 0 0;
v0x55c7e36add50_0 .var "address", 63 0;
v0x55c7e36ade50_0 .var "opcode", 5 0;
v0x55c7e36adf20_0 .net "read_data", 63 0, v0x55c7e36ad940_0;  1 drivers
v0x55c7e36ae010_0 .var "write_data", 63 0;
S_0x55c7e3693ed0 .scope module, "testerboi" "read_data_memory" 2 86, 2 1 0, S_0x55c7e3693d50;
 .timescale 0 0;
    .port_info 0 /OUTPUT 64 "read_data"
    .port_info 1 /INPUT 64 "address"
    .port_info 2 /INPUT 64 "write_data"
    .port_info 3 /INPUT 6 "opcode"
    .port_info 4 /INPUT 1 "MemWrite"
    .port_info 5 /INPUT 1 "MemRead"
v0x55c7e3657030_0 .net "MemRead", 0 0, v0x55c7e36adbc0_0;  1 drivers
v0x55c7e36ad5d0_0 .net "MemWrite", 0 0, v0x55c7e36adc80_0;  1 drivers
v0x55c7e36ad690_0 .net "address", 63 0, v0x55c7e36add50_0;  1 drivers
v0x55c7e36ad750 .array "data_mem", 0 255, 63 0;
v0x55c7e36ad810_0 .net "opcode", 5 0, v0x55c7e36ade50_0;  1 drivers
v0x55c7e36ad940_0 .var "read_data", 63 0;
v0x55c7e36ada20_0 .net "write_data", 63 0, v0x55c7e36ae010_0;  1 drivers
E_0x55c7e368ccd0 .event edge, v0x55c7e36ad690_0;
    .scope S_0x55c7e3693ed0;
T_0 ;
    %vpi_call 2 13 "$readmemb", "data.mem", v0x55c7e36ad750, 32'sb00000000000000000000000000000101, 32'sb00000000000000000000000000000000 {0 0 0};
    %end;
    .thread T_0;
    .scope S_0x55c7e3693ed0;
T_1 ;
    %wait E_0x55c7e368ccd0;
    %load/vec4 v0x55c7e36ad5d0_0;
    %flag_set/vec4 8;
    %jmp/0xz  T_1.0, 8;
    %load/vec4 v0x55c7e36ad810_0;
    %cmpi/e 38, 0, 6;
    %jmp/0xz  T_1.2, 4;
    %pushi/vec4 0, 0, 56;
    %load/vec4 v0x55c7e36ada20_0;
    %parti/s 8, 0, 2;
    %concat/vec4; draw_concat_vec4
    %ix/getv 4, v0x55c7e36ad690_0;
    %store/vec4a v0x55c7e36ad750, 4, 0;
    %jmp T_1.3;
T_1.2 ;
    %load/vec4 v0x55c7e36ad810_0;
    %cmpi/e 44, 0, 6;
    %jmp/0xz  T_1.4, 4;
    %pushi/vec4 0, 0, 48;
    %load/vec4 v0x55c7e36ada20_0;
    %parti/s 16, 0, 2;
    %concat/vec4; draw_concat_vec4
    %ix/getv 4, v0x55c7e36ad690_0;
    %store/vec4a v0x55c7e36ad750, 4, 0;
    %jmp T_1.5;
T_1.4 ;
    %load/vec4 v0x55c7e36ad810_0;
    %cmpi/e 36, 0, 6;
    %jmp/0xz  T_1.6, 4;
    %pushi/vec4 0, 0, 32;
    %load/vec4 v0x55c7e36ada20_0;
    %parti/s 32, 0, 2;
    %concat/vec4; draw_concat_vec4
    %ix/getv 4, v0x55c7e36ad690_0;
    %store/vec4a v0x55c7e36ad750, 4, 0;
    %jmp T_1.7;
T_1.6 ;
    %load/vec4 v0x55c7e36ada20_0;
    %ix/getv 4, v0x55c7e36ad690_0;
    %store/vec4a v0x55c7e36ad750, 4, 0;
T_1.7 ;
T_1.5 ;
T_1.3 ;
    %vpi_call 2 43 "$writememb", "data.mem", v0x55c7e36ad750 {0 0 0};
    %jmp T_1.1;
T_1.0 ;
    %load/vec4 v0x55c7e3657030_0;
    %flag_set/vec4 8;
    %jmp/0xz  T_1.8, 8;
    %load/vec4 v0x55c7e36ad810_0;
    %cmpi/e 34, 0, 6;
    %jmp/0xz  T_1.10, 4;
    %pushi/vec4 0, 0, 56;
    %ix/getv 4, v0x55c7e36ad690_0;
    %load/vec4a v0x55c7e36ad750, 4;
    %parti/s 8, 0, 2;
    %concat/vec4; draw_concat_vec4
    %store/vec4 v0x55c7e36ad940_0, 0, 64;
    %jmp T_1.11;
T_1.10 ;
    %load/vec4 v0x55c7e36ad810_0;
    %cmpi/e 40, 0, 6;
    %jmp/0xz  T_1.12, 4;
    %pushi/vec4 0, 0, 48;
    %ix/getv 4, v0x55c7e36ad690_0;
    %load/vec4a v0x55c7e36ad750, 4;
    %parti/s 16, 0, 2;
    %concat/vec4; draw_concat_vec4
    %store/vec4 v0x55c7e36ad940_0, 0, 64;
    %jmp T_1.13;
T_1.12 ;
    %load/vec4 v0x55c7e36ad810_0;
    %cmpi/e 32, 0, 6;
    %jmp/0xz  T_1.14, 4;
    %pushi/vec4 0, 0, 32;
    %ix/getv 4, v0x55c7e36ad690_0;
    %load/vec4a v0x55c7e36ad750, 4;
    %parti/s 32, 0, 2;
    %concat/vec4; draw_concat_vec4
    %store/vec4 v0x55c7e36ad940_0, 0, 64;
    %jmp T_1.15;
T_1.14 ;
    %ix/getv 4, v0x55c7e36ad690_0;
    %load/vec4a v0x55c7e36ad750, 4;
    %store/vec4 v0x55c7e36ad940_0, 0, 64;
T_1.15 ;
T_1.13 ;
T_1.11 ;
T_1.8 ;
T_1.1 ;
    %jmp T_1;
    .thread T_1, $push;
    .scope S_0x55c7e3693ed0;
T_2 ;
    %vpi_call 2 73 "$monitor", "opcode : %6b, address : %32b, write data : %32b, read signal : %1b, write signal : %1b, output read data : %32b\012", v0x55c7e36ad810_0, v0x55c7e36ad690_0, v0x55c7e36ada20_0, v0x55c7e3657030_0, v0x55c7e36ad5d0_0, v0x55c7e36ad940_0 {0 0 0};
    %end;
    .thread T_2;
    .scope S_0x55c7e3693d50;
T_3 ;
    %pushi/vec4 0, 0, 1;
    %store/vec4 v0x55c7e36adbc0_0, 0, 1;
    %pushi/vec4 1, 0, 1;
    %store/vec4 v0x55c7e36adc80_0, 0, 1;
    %pushi/vec4 38, 0, 6;
    %store/vec4 v0x55c7e36ade50_0, 0, 6;
    %pushi/vec4 0, 0, 64;
    %store/vec4 v0x55c7e36add50_0, 0, 64;
    %pushi/vec4 57321, 0, 64;
    %store/vec4 v0x55c7e36ae010_0, 0, 64;
    %delay 10, 0;
    %pushi/vec4 44, 0, 6;
    %store/vec4 v0x55c7e36ade50_0, 0, 6;
    %pushi/vec4 13, 0, 64;
    %store/vec4 v0x55c7e36add50_0, 0, 64;
    %pushi/vec4 0, 0, 64;
    %store/vec4 v0x55c7e36ae010_0, 0, 64;
    %delay 10, 0;
    %pushi/vec4 36, 0, 6;
    %store/vec4 v0x55c7e36ade50_0, 0, 6;
    %pushi/vec4 1, 0, 64;
    %store/vec4 v0x55c7e36add50_0, 0, 64;
    %pushi/vec4 1023, 0, 64;
    %store/vec4 v0x55c7e36ae010_0, 0, 64;
    %delay 10, 0;
    %pushi/vec4 1, 0, 1;
    %store/vec4 v0x55c7e36adbc0_0, 0, 1;
    %pushi/vec4 0, 0, 1;
    %store/vec4 v0x55c7e36adc80_0, 0, 1;
    %pushi/vec4 34, 0, 6;
    %store/vec4 v0x55c7e36ade50_0, 0, 6;
    %pushi/vec4 0, 0, 64;
    %store/vec4 v0x55c7e36add50_0, 0, 64;
    %delay 10, 0;
    %pushi/vec4 40, 0, 6;
    %store/vec4 v0x55c7e36ade50_0, 0, 6;
    %pushi/vec4 13, 0, 64;
    %store/vec4 v0x55c7e36add50_0, 0, 64;
    %delay 10, 0;
    %pushi/vec4 32, 0, 6;
    %store/vec4 v0x55c7e36ade50_0, 0, 6;
    %pushi/vec4 1, 0, 64;
    %store/vec4 v0x55c7e36add50_0, 0, 64;
    %delay 10, 0;
    %end;
    .thread T_3;
    .scope S_0x55c7e3693d50;
T_4 ;
    %vpi_call 2 134 "$dumpfile", "read_data_memory.vcd" {0 0 0};
    %vpi_call 2 135 "$dumpvars", 32'sb00000000000000000000000000000000, S_0x55c7e3693d50 {0 0 0};
    %end;
    .thread T_4;
# The file index is used to find the file name in the following table.
:file_names 3;
    "N/A";
    "<interactive>";
    "Read_Memory.v";
