#! /usr/bin/vvp
:ivl_version "10.3 (stable)";
:ivl_delay_selection "TYPICAL";
:vpi_time_precision - 9;
:vpi_module "system";
:vpi_module "vhdl_sys";
:vpi_module "v2005_math";
:vpi_module "va_math";
S_0x559d93c66430 .scope module, "alu32bittb" "alu32bittb" 2 187;
 .timescale -9 -9;
v0x559d93c87b40_0 .net "ALU_result", 31 0, v0x559d93c4bad0_0;  1 drivers
v0x559d93c87c20_0 .net "branch_sig", 0 0, v0x559d93c4bb70_0;  1 drivers
v0x559d93c87cf0_0 .var "funct", 5 0;
v0x559d93c87df0_0 .var "imm", 15 0;
v0x559d93c87ec0_0 .var "opcode", 5 0;
v0x559d93c87f60_0 .var "rs_value", 31 0;
v0x559d93c88030_0 .var "rt_value", 31 0;
v0x559d93c88100_0 .var "shamt", 4 0;
S_0x559d93c665b0 .scope module, "testerboi" "ALU32bit" 2 196, 2 6 0, S_0x559d93c66430;
 .timescale -9 -9;
    .port_info 0 /OUTPUT 32 "ALU_result"
    .port_info 1 /OUTPUT 1 "branch_sig"
    .port_info 2 /INPUT 6 "opcode"
    .port_info 3 /INPUT 32 "rs_value"
    .port_info 4 /INPUT 32 "rt_value"
    .port_info 5 /INPUT 5 "shamt"
    .port_info 6 /INPUT 6 "funct"
    .port_info 7 /INPUT 16 "imm"
v0x559d93c4bad0_0 .var "ALU_result", 31 0;
v0x559d93c4bb70_0 .var "branch_sig", 0 0;
v0x559d93c86f90_0 .net "funct", 5 0, v0x559d93c87cf0_0;  1 drivers
v0x559d93c87050_0 .var/i "i", 31 0;
v0x559d93c87130_0 .net "imm", 15 0, v0x559d93c87df0_0;  1 drivers
v0x559d93c87260_0 .net "opcode", 5 0, v0x559d93c87ec0_0;  1 drivers
v0x559d93c87340_0 .net "rs_value", 31 0, v0x559d93c87f60_0;  1 drivers
v0x559d93c87420_0 .net "rt_value", 31 0, v0x559d93c88030_0;  1 drivers
v0x559d93c87500_0 .net "shamt", 4 0, v0x559d93c88100_0;  1 drivers
v0x559d93c875e0_0 .var "signExtend", 31 0;
v0x559d93c876c0_0 .var/s "signed_rs", 31 0;
v0x559d93c877a0_0 .var/s "signed_rt", 31 0;
v0x559d93c87880_0 .var/s "temp", 31 0;
v0x559d93c87960_0 .var "zeroExtend", 31 0;
E_0x559d93c58070/0 .event edge, v0x559d93c87130_0, v0x559d93c87500_0, v0x559d93c87420_0, v0x559d93c87340_0;
E_0x559d93c58070/1 .event edge, v0x559d93c86f90_0;
E_0x559d93c58070 .event/or E_0x559d93c58070/0, E_0x559d93c58070/1;
    .scope S_0x559d93c665b0;
T_0 ;
    %wait E_0x559d93c58070;
    %load/vec4 v0x559d93c87340_0;
    %store/vec4 v0x559d93c876c0_0, 0, 32;
    %load/vec4 v0x559d93c87420_0;
    %store/vec4 v0x559d93c877a0_0, 0, 32;
    %load/vec4 v0x559d93c87260_0;
    %cmpi/e 0, 0, 6;
    %jmp/0xz  T_0.0, 4;
    %load/vec4 v0x559d93c86f90_0;
    %dup/vec4;
    %pushi/vec4 32, 0, 6;
    %cmp/u;
    %jmp/1 T_0.2, 6;
    %dup/vec4;
    %pushi/vec4 33, 0, 6;
    %cmp/u;
    %jmp/1 T_0.3, 6;
    %dup/vec4;
    %pushi/vec4 34, 0, 6;
    %cmp/u;
    %jmp/1 T_0.4, 6;
    %dup/vec4;
    %pushi/vec4 35, 0, 6;
    %cmp/u;
    %jmp/1 T_0.5, 6;
    %dup/vec4;
    %pushi/vec4 36, 0, 6;
    %cmp/u;
    %jmp/1 T_0.6, 6;
    %dup/vec4;
    %pushi/vec4 37, 0, 6;
    %cmp/u;
    %jmp/1 T_0.7, 6;
    %dup/vec4;
    %pushi/vec4 39, 0, 6;
    %cmp/u;
    %jmp/1 T_0.8, 6;
    %dup/vec4;
    %pushi/vec4 3, 0, 6;
    %cmp/u;
    %jmp/1 T_0.9, 6;
    %dup/vec4;
    %pushi/vec4 2, 0, 6;
    %cmp/u;
    %jmp/1 T_0.10, 6;
    %dup/vec4;
    %pushi/vec4 0, 0, 6;
    %cmp/u;
    %jmp/1 T_0.11, 6;
    %dup/vec4;
    %pushi/vec4 43, 0, 6;
    %cmp/u;
    %jmp/1 T_0.12, 6;
    %dup/vec4;
    %pushi/vec4 42, 0, 6;
    %cmp/u;
    %jmp/1 T_0.13, 6;
    %jmp T_0.14;
T_0.2 ;
    %load/vec4 v0x559d93c876c0_0;
    %load/vec4 v0x559d93c877a0_0;
    %add;
    %store/vec4 v0x559d93c4bad0_0, 0, 32;
    %jmp T_0.14;
T_0.3 ;
    %load/vec4 v0x559d93c87340_0;
    %load/vec4 v0x559d93c87420_0;
    %add;
    %store/vec4 v0x559d93c4bad0_0, 0, 32;
    %jmp T_0.14;
T_0.4 ;
    %load/vec4 v0x559d93c876c0_0;
    %load/vec4 v0x559d93c877a0_0;
    %sub;
    %store/vec4 v0x559d93c4bad0_0, 0, 32;
    %jmp T_0.14;
T_0.5 ;
    %load/vec4 v0x559d93c87340_0;
    %load/vec4 v0x559d93c87420_0;
    %sub;
    %store/vec4 v0x559d93c4bad0_0, 0, 32;
    %jmp T_0.14;
T_0.6 ;
    %load/vec4 v0x559d93c87340_0;
    %load/vec4 v0x559d93c87420_0;
    %and;
    %store/vec4 v0x559d93c4bad0_0, 0, 32;
    %jmp T_0.14;
T_0.7 ;
    %load/vec4 v0x559d93c87340_0;
    %load/vec4 v0x559d93c87420_0;
    %or;
    %store/vec4 v0x559d93c4bad0_0, 0, 32;
    %jmp T_0.14;
T_0.8 ;
    %load/vec4 v0x559d93c87340_0;
    %load/vec4 v0x559d93c87420_0;
    %or;
    %inv;
    %store/vec4 v0x559d93c4bad0_0, 0, 32;
    %jmp T_0.14;
T_0.9 ;
    %load/vec4 v0x559d93c87420_0;
    %store/vec4 v0x559d93c87880_0, 0, 32;
    %pushi/vec4 0, 0, 32;
    %store/vec4 v0x559d93c87050_0, 0, 32;
T_0.15 ;
    %load/vec4 v0x559d93c87050_0;
    %load/vec4 v0x559d93c87500_0;
    %pad/u 32;
    %cmp/u;
    %jmp/0xz T_0.16, 5;
    %load/vec4 v0x559d93c87880_0;
    %parti/s 1, 31, 6;
    %load/vec4 v0x559d93c87880_0;
    %parti/s 31, 1, 2;
    %concat/vec4; draw_concat_vec4
    %store/vec4 v0x559d93c87880_0, 0, 32;
    %load/vec4 v0x559d93c87050_0;
    %addi 1, 0, 32;
    %store/vec4 v0x559d93c87050_0, 0, 32;
    %jmp T_0.15;
T_0.16 ;
    %load/vec4 v0x559d93c87880_0;
    %store/vec4 v0x559d93c4bad0_0, 0, 32;
    %jmp T_0.14;
T_0.10 ;
    %load/vec4 v0x559d93c87420_0;
    %ix/getv 4, v0x559d93c87500_0;
    %shiftr 4;
    %store/vec4 v0x559d93c4bad0_0, 0, 32;
    %jmp T_0.14;
T_0.11 ;
    %load/vec4 v0x559d93c87420_0;
    %ix/getv 4, v0x559d93c87500_0;
    %shiftl 4;
    %store/vec4 v0x559d93c4bad0_0, 0, 32;
    %jmp T_0.14;
T_0.12 ;
    %load/vec4 v0x559d93c87340_0;
    %load/vec4 v0x559d93c87420_0;
    %cmp/u;
    %jmp/0xz  T_0.17, 5;
    %pushi/vec4 1, 0, 32;
    %store/vec4 v0x559d93c4bad0_0, 0, 32;
    %jmp T_0.18;
T_0.17 ;
    %pushi/vec4 0, 0, 32;
    %store/vec4 v0x559d93c4bad0_0, 0, 32;
T_0.18 ;
    %jmp T_0.14;
T_0.13 ;
    %load/vec4 v0x559d93c876c0_0;
    %load/vec4 v0x559d93c877a0_0;
    %cmp/s;
    %jmp/0xz  T_0.19, 5;
    %pushi/vec4 1, 0, 32;
    %store/vec4 v0x559d93c4bad0_0, 0, 32;
    %jmp T_0.20;
T_0.19 ;
    %pushi/vec4 0, 0, 32;
    %store/vec4 v0x559d93c4bad0_0, 0, 32;
T_0.20 ;
    %jmp T_0.14;
T_0.14 ;
    %pop/vec4 1;
    %jmp T_0.1;
T_0.0 ;
    %load/vec4 v0x559d93c87130_0;
    %parti/s 1, 15, 5;
    %replicate 16;
    %load/vec4 v0x559d93c87130_0;
    %concat/vec4; draw_concat_vec4
    %store/vec4 v0x559d93c875e0_0, 0, 32;
    %pushi/vec4 0, 0, 16;
    %load/vec4 v0x559d93c87130_0;
    %concat/vec4; draw_concat_vec4
    %store/vec4 v0x559d93c87960_0, 0, 32;
    %load/vec4 v0x559d93c87260_0;
    %dup/vec4;
    %pushi/vec4 8, 0, 6;
    %cmp/u;
    %jmp/1 T_0.21, 6;
    %dup/vec4;
    %pushi/vec4 9, 0, 6;
    %cmp/u;
    %jmp/1 T_0.22, 6;
    %dup/vec4;
    %pushi/vec4 18, 0, 6;
    %cmp/u;
    %jmp/1 T_0.23, 6;
    %dup/vec4;
    %pushi/vec4 4, 0, 6;
    %cmp/u;
    %jmp/1 T_0.24, 6;
    %dup/vec4;
    %pushi/vec4 5, 0, 6;
    %cmp/u;
    %jmp/1 T_0.25, 6;
    %dup/vec4;
    %pushi/vec4 21, 0, 6;
    %cmp/u;
    %jmp/1 T_0.26, 6;
    %dup/vec4;
    %pushi/vec4 19, 0, 6;
    %cmp/u;
    %jmp/1 T_0.27, 6;
    %dup/vec4;
    %pushi/vec4 10, 0, 6;
    %cmp/u;
    %jmp/1 T_0.28, 6;
    %dup/vec4;
    %pushi/vec4 11, 0, 6;
    %cmp/u;
    %jmp/1 T_0.29, 6;
    %dup/vec4;
    %pushi/vec4 40, 0, 6;
    %cmp/u;
    %jmp/1 T_0.30, 6;
    %dup/vec4;
    %pushi/vec4 41, 0, 6;
    %cmp/u;
    %jmp/1 T_0.31, 6;
    %dup/vec4;
    %pushi/vec4 43, 0, 6;
    %cmp/u;
    %jmp/1 T_0.32, 6;
    %dup/vec4;
    %pushi/vec4 35, 0, 6;
    %cmp/u;
    %jmp/1 T_0.33, 6;
    %dup/vec4;
    %pushi/vec4 36, 0, 6;
    %cmp/u;
    %jmp/1 T_0.34, 6;
    %dup/vec4;
    %pushi/vec4 37, 0, 6;
    %cmp/u;
    %jmp/1 T_0.35, 6;
    %dup/vec4;
    %pushi/vec4 48, 0, 6;
    %cmp/u;
    %jmp/1 T_0.36, 6;
    %jmp T_0.37;
T_0.21 ;
    %load/vec4 v0x559d93c876c0_0;
    %load/vec4 v0x559d93c875e0_0;
    %add;
    %store/vec4 v0x559d93c4bad0_0, 0, 32;
    %jmp T_0.37;
T_0.22 ;
    %load/vec4 v0x559d93c87340_0;
    %load/vec4 v0x559d93c875e0_0;
    %add;
    %store/vec4 v0x559d93c4bad0_0, 0, 32;
    %jmp T_0.37;
T_0.23 ;
    %load/vec4 v0x559d93c87340_0;
    %load/vec4 v0x559d93c87960_0;
    %and;
    %store/vec4 v0x559d93c4bad0_0, 0, 32;
    %jmp T_0.37;
T_0.24 ;
    %load/vec4 v0x559d93c876c0_0;
    %load/vec4 v0x559d93c877a0_0;
    %sub;
    %store/vec4 v0x559d93c4bad0_0, 0, 32;
    %load/vec4 v0x559d93c4bad0_0;
    %cmpi/e 0, 0, 32;
    %jmp/0xz  T_0.38, 4;
    %pushi/vec4 1, 0, 1;
    %store/vec4 v0x559d93c4bb70_0, 0, 1;
    %jmp T_0.39;
T_0.38 ;
    %pushi/vec4 0, 0, 1;
    %store/vec4 v0x559d93c4bb70_0, 0, 1;
T_0.39 ;
    %jmp T_0.37;
T_0.25 ;
    %load/vec4 v0x559d93c876c0_0;
    %load/vec4 v0x559d93c877a0_0;
    %sub;
    %store/vec4 v0x559d93c4bad0_0, 0, 32;
    %load/vec4 v0x559d93c4bad0_0;
    %cmpi/ne 0, 0, 32;
    %jmp/0xz  T_0.40, 4;
    %pushi/vec4 1, 0, 1;
    %store/vec4 v0x559d93c4bb70_0, 0, 1;
    %pushi/vec4 0, 0, 32;
    %store/vec4 v0x559d93c4bad0_0, 0, 32;
    %jmp T_0.41;
T_0.40 ;
    %pushi/vec4 0, 0, 1;
    %store/vec4 v0x559d93c4bb70_0, 0, 1;
T_0.41 ;
    %jmp T_0.37;
T_0.26 ;
    %load/vec4 v0x559d93c87130_0;
    %concati/vec4 0, 0, 16;
    %store/vec4 v0x559d93c4bad0_0, 0, 32;
    %jmp T_0.37;
T_0.27 ;
    %load/vec4 v0x559d93c87340_0;
    %load/vec4 v0x559d93c87960_0;
    %or;
    %store/vec4 v0x559d93c4bad0_0, 0, 32;
    %jmp T_0.37;
T_0.28 ;
    %load/vec4 v0x559d93c876c0_0;
    %load/vec4 v0x559d93c875e0_0;
    %cmp/s;
    %jmp/0xz  T_0.42, 5;
    %pushi/vec4 1, 0, 32;
    %store/vec4 v0x559d93c4bad0_0, 0, 32;
    %jmp T_0.43;
T_0.42 ;
    %pushi/vec4 0, 0, 32;
    %store/vec4 v0x559d93c4bad0_0, 0, 32;
T_0.43 ;
    %jmp T_0.37;
T_0.29 ;
    %load/vec4 v0x559d93c87340_0;
    %load/vec4 v0x559d93c875e0_0;
    %cmp/u;
    %jmp/0xz  T_0.44, 5;
    %pushi/vec4 1, 0, 32;
    %store/vec4 v0x559d93c4bad0_0, 0, 32;
    %jmp T_0.45;
T_0.44 ;
    %pushi/vec4 0, 0, 32;
    %store/vec4 v0x559d93c4bad0_0, 0, 32;
T_0.45 ;
    %jmp T_0.37;
T_0.30 ;
    %load/vec4 v0x559d93c876c0_0;
    %load/vec4 v0x559d93c875e0_0;
    %add;
    %store/vec4 v0x559d93c4bad0_0, 0, 32;
    %jmp T_0.37;
T_0.31 ;
    %load/vec4 v0x559d93c876c0_0;
    %load/vec4 v0x559d93c875e0_0;
    %add;
    %store/vec4 v0x559d93c4bad0_0, 0, 32;
    %jmp T_0.37;
T_0.32 ;
    %load/vec4 v0x559d93c876c0_0;
    %load/vec4 v0x559d93c875e0_0;
    %add;
    %store/vec4 v0x559d93c4bad0_0, 0, 32;
    %jmp T_0.37;
T_0.33 ;
    %load/vec4 v0x559d93c876c0_0;
    %load/vec4 v0x559d93c875e0_0;
    %add;
    %store/vec4 v0x559d93c4bad0_0, 0, 32;
    %jmp T_0.37;
T_0.34 ;
    %load/vec4 v0x559d93c876c0_0;
    %load/vec4 v0x559d93c875e0_0;
    %add;
    %store/vec4 v0x559d93c4bad0_0, 0, 32;
    %jmp T_0.37;
T_0.35 ;
    %load/vec4 v0x559d93c876c0_0;
    %load/vec4 v0x559d93c875e0_0;
    %add;
    %store/vec4 v0x559d93c4bad0_0, 0, 32;
    %jmp T_0.37;
T_0.36 ;
    %load/vec4 v0x559d93c876c0_0;
    %load/vec4 v0x559d93c875e0_0;
    %add;
    %store/vec4 v0x559d93c4bad0_0, 0, 32;
    %jmp T_0.37;
T_0.37 ;
    %pop/vec4 1;
T_0.1 ;
    %jmp T_0;
    .thread T_0, $push;
    .scope S_0x559d93c665b0;
T_1 ;
    %vpi_call 2 181 "$monitor", "Opcode : %6b, RS : %32b, RT : %32b, signExtendImm = %32b, Result : %32b\012", v0x559d93c87260_0, v0x559d93c87340_0, v0x559d93c87420_0, v0x559d93c875e0_0, v0x559d93c4bad0_0 {0 0 0};
    %end;
    .thread T_1;
    .scope S_0x559d93c66430;
T_2 ;
    %pushi/vec4 0, 0, 6;
    %store/vec4 v0x559d93c87ec0_0, 0, 6;
    %pushi/vec4 12, 0, 32;
    %store/vec4 v0x559d93c87f60_0, 0, 32;
    %pushi/vec4 4294967286, 0, 32;
    %store/vec4 v0x559d93c88030_0, 0, 32;
    %pushi/vec4 32, 0, 6;
    %store/vec4 v0x559d93c87cf0_0, 0, 6;
    %pushi/vec4 0, 0, 5;
    %store/vec4 v0x559d93c88100_0, 0, 5;
    %pushi/vec4 20, 0, 16;
    %store/vec4 v0x559d93c87df0_0, 0, 16;
    %delay 10, 0;
    %pushi/vec4 1, 0, 32;
    %store/vec4 v0x559d93c87f60_0, 0, 32;
    %pushi/vec4 3, 0, 32;
    %store/vec4 v0x559d93c88030_0, 0, 32;
    %pushi/vec4 34, 0, 6;
    %store/vec4 v0x559d93c87cf0_0, 0, 6;
    %pushi/vec4 0, 0, 5;
    %store/vec4 v0x559d93c88100_0, 0, 5;
    %pushi/vec4 20, 0, 16;
    %store/vec4 v0x559d93c87df0_0, 0, 16;
    %delay 10, 0;
    %pushi/vec4 0, 0, 32;
    %store/vec4 v0x559d93c87f60_0, 0, 32;
    %pushi/vec4 13, 0, 32;
    %store/vec4 v0x559d93c88030_0, 0, 32;
    %pushi/vec4 0, 0, 6;
    %store/vec4 v0x559d93c87cf0_0, 0, 6;
    %pushi/vec4 2, 0, 5;
    %store/vec4 v0x559d93c88100_0, 0, 5;
    %pushi/vec4 20, 0, 16;
    %store/vec4 v0x559d93c87df0_0, 0, 16;
    %delay 10, 0;
    %pushi/vec4 8, 0, 6;
    %store/vec4 v0x559d93c87ec0_0, 0, 6;
    %pushi/vec4 15, 0, 32;
    %store/vec4 v0x559d93c87f60_0, 0, 32;
    %pushi/vec4 0, 0, 32;
    %store/vec4 v0x559d93c88030_0, 0, 32;
    %pushi/vec4 1500, 0, 16;
    %store/vec4 v0x559d93c87df0_0, 0, 16;
    %delay 10, 0;
    %pushi/vec4 19, 0, 6;
    %store/vec4 v0x559d93c87ec0_0, 0, 6;
    %pushi/vec4 7, 0, 32;
    %store/vec4 v0x559d93c87f60_0, 0, 32;
    %pushi/vec4 0, 0, 32;
    %store/vec4 v0x559d93c88030_0, 0, 32;
    %pushi/vec4 1024, 0, 16;
    %store/vec4 v0x559d93c87df0_0, 0, 16;
    %delay 10, 0;
    %pushi/vec4 35, 0, 6;
    %store/vec4 v0x559d93c87ec0_0, 0, 6;
    %pushi/vec4 4294967288, 0, 32;
    %store/vec4 v0x559d93c87f60_0, 0, 32;
    %pushi/vec4 0, 0, 32;
    %store/vec4 v0x559d93c88030_0, 0, 32;
    %pushi/vec4 1024, 0, 16;
    %store/vec4 v0x559d93c87df0_0, 0, 16;
    %delay 10, 0;
    %pushi/vec4 4, 0, 6;
    %store/vec4 v0x559d93c87ec0_0, 0, 6;
    %pushi/vec4 4, 0, 32;
    %store/vec4 v0x559d93c87f60_0, 0, 32;
    %pushi/vec4 4, 0, 32;
    %store/vec4 v0x559d93c88030_0, 0, 32;
    %pushi/vec4 1024, 0, 16;
    %store/vec4 v0x559d93c87df0_0, 0, 16;
    %delay 10, 0;
    %pushi/vec4 4, 0, 6;
    %store/vec4 v0x559d93c87ec0_0, 0, 6;
    %pushi/vec4 4, 0, 32;
    %store/vec4 v0x559d93c87f60_0, 0, 32;
    %pushi/vec4 5, 0, 32;
    %store/vec4 v0x559d93c88030_0, 0, 32;
    %pushi/vec4 1024, 0, 16;
    %store/vec4 v0x559d93c87df0_0, 0, 16;
    %delay 10, 0;
    %end;
    .thread T_2;
    .scope S_0x559d93c66430;
T_3 ;
    %vpi_call 2 270 "$dumpfile", "ALU32Bittb.vcd" {0 0 0};
    %vpi_call 2 271 "$dumpvars", 32'sb00000000000000000000000000000000, S_0x559d93c66430 {0 0 0};
    %end;
    .thread T_3;
# The file index is used to find the file name in the following table.
:file_names 3;
    "N/A";
    "<interactive>";
    "ALU32bit.v";
