#! /usr/local/Cellar/icarus-verilog/10.3/bin/vvp
:ivl_version "10.3 (stable)" "(v10_3)";
:ivl_delay_selection "TYPICAL";
:vpi_time_precision - 9;
:vpi_module "system";
:vpi_module "vhdl_sys";
:vpi_module "v2005_math";
:vpi_module "va_math";
S_0x7ff932d008c0 .scope module, "control_unit_tb" "control_unit_tb" 2 95;
 .timescale -9 -9;
v0x7ff932d201f0_0 .net "Branch", 0 0, v0x7ff932d00ae0_0;  1 drivers
v0x7ff932d202a0_0 .net "MemRead", 0 0, v0x7ff932d1fc80_0;  1 drivers
v0x7ff932d20330_0 .net "MemWrite", 0 0, v0x7ff932d1fd20_0;  1 drivers
v0x7ff932d203c0_0 .net "RegDst", 0 0, v0x7ff932d1fdb0_0;  1 drivers
v0x7ff932d20470_0 .net "RegRead", 0 0, v0x7ff932d1fe50_0;  1 drivers
v0x7ff932d20540_0 .net "RegWrite", 0 0, v0x7ff932d1ff30_0;  1 drivers
v0x7ff932d205f0_0 .var "funct", 5 0;
v0x7ff932d206a0_0 .var "opcode", 5 0;
S_0x7ff932d0fe90 .scope module, "controller" "control_unit" 2 100, 2 14 0, S_0x7ff932d008c0;
 .timescale -9 -9;
    .port_info 0 /OUTPUT 1 "RegRead"
    .port_info 1 /OUTPUT 1 "RegWrite"
    .port_info 2 /OUTPUT 1 "MemRead"
    .port_info 3 /OUTPUT 1 "MemWrite"
    .port_info 4 /OUTPUT 1 "RegDst"
    .port_info 5 /OUTPUT 1 "Branch"
    .port_info 6 /INPUT 6 "opcode"
    .port_info 7 /INPUT 6 "funct"
v0x7ff932d00ae0_0 .var "Branch", 0 0;
v0x7ff932d1fc80_0 .var "MemRead", 0 0;
v0x7ff932d1fd20_0 .var "MemWrite", 0 0;
v0x7ff932d1fdb0_0 .var "RegDst", 0 0;
v0x7ff932d1fe50_0 .var "RegRead", 0 0;
v0x7ff932d1ff30_0 .var "RegWrite", 0 0;
v0x7ff932d1ffd0_0 .net "funct", 5 0, v0x7ff932d205f0_0;  1 drivers
v0x7ff932d20080_0 .net "opcode", 5 0, v0x7ff932d206a0_0;  1 drivers
E_0x7ff932d06c40 .event edge, v0x7ff932d1ffd0_0, v0x7ff932d20080_0;
    .scope S_0x7ff932d0fe90;
T_0 ;
    %wait E_0x7ff932d06c40;
    %pushi/vec4 0, 0, 1;
    %store/vec4 v0x7ff932d1fc80_0, 0, 1;
    %pushi/vec4 0, 0, 1;
    %store/vec4 v0x7ff932d1fd20_0, 0, 1;
    %pushi/vec4 0, 0, 1;
    %store/vec4 v0x7ff932d1ff30_0, 0, 1;
    %pushi/vec4 0, 0, 1;
    %store/vec4 v0x7ff932d1fe50_0, 0, 1;
    %pushi/vec4 0, 0, 1;
    %store/vec4 v0x7ff932d1fdb0_0, 0, 1;
    %pushi/vec4 0, 0, 1;
    %store/vec4 v0x7ff932d00ae0_0, 0, 1;
    %load/vec4 v0x7ff932d20080_0;
    %cmpi/e 0, 0, 6;
    %jmp/0xz  T_0.0, 4;
    %pushi/vec4 1, 0, 1;
    %store/vec4 v0x7ff932d1fdb0_0, 0, 1;
    %pushi/vec4 1, 0, 1;
    %store/vec4 v0x7ff932d1fe50_0, 0, 1;
    %load/vec4 v0x7ff932d1ffd0_0;
    %cmpi/ne 8, 0, 6;
    %jmp/0xz  T_0.2, 4;
    %pushi/vec4 1, 0, 1;
    %store/vec4 v0x7ff932d1ff30_0, 0, 1;
T_0.2 ;
T_0.0 ;
    %load/vec4 v0x7ff932d20080_0;
    %cmpi/ne 15, 0, 6;
    %jmp/0xz  T_0.4, 4;
    %pushi/vec4 1, 0, 1;
    %store/vec4 v0x7ff932d1fe50_0, 0, 1;
T_0.4 ;
    %load/vec4 v0x7ff932d20080_0;
    %pushi/vec4 0, 0, 6;
    %cmp/e;
    %flag_get/vec4 4;
    %inv;
    %load/vec4 v0x7ff932d20080_0;
    %pushi/vec4 4, 0, 6;
    %cmp/e;
    %flag_get/vec4 4;
    %inv;
    %and;
    %load/vec4 v0x7ff932d20080_0;
    %pushi/vec4 5, 0, 6;
    %cmp/e;
    %flag_get/vec4 4;
    %inv;
    %and;
    %load/vec4 v0x7ff932d20080_0;
    %pushi/vec4 40, 0, 6;
    %cmp/e;
    %flag_get/vec4 4;
    %inv;
    %and;
    %load/vec4 v0x7ff932d20080_0;
    %pushi/vec4 41, 0, 6;
    %cmp/e;
    %flag_get/vec4 4;
    %inv;
    %and;
    %load/vec4 v0x7ff932d20080_0;
    %pushi/vec4 43, 0, 6;
    %cmp/e;
    %flag_get/vec4 4;
    %inv;
    %and;
    %flag_set/vec4 8;
    %jmp/0xz  T_0.6, 8;
    %pushi/vec4 1, 0, 1;
    %store/vec4 v0x7ff932d1ff30_0, 0, 1;
    %pushi/vec4 0, 0, 1;
    %store/vec4 v0x7ff932d1fdb0_0, 0, 1;
T_0.6 ;
    %load/vec4 v0x7ff932d20080_0;
    %pushi/vec4 4, 0, 6;
    %cmp/e;
    %flag_get/vec4 4;
    %load/vec4 v0x7ff932d20080_0;
    %pushi/vec4 5, 0, 6;
    %cmp/e;
    %flag_get/vec4 4;
    %or;
    %flag_set/vec4 8;
    %jmp/0xz  T_0.8, 8;
    %pushi/vec4 1, 0, 1;
    %store/vec4 v0x7ff932d00ae0_0, 0, 1;
T_0.8 ;
    %load/vec4 v0x7ff932d20080_0;
    %pushi/vec4 0, 0, 6;
    %cmp/e;
    %flag_get/vec4 4;
    %inv;
    %load/vec4 v0x7ff932d20080_0;
    %pushi/vec4 40, 0, 6;
    %cmp/e;
    %flag_get/vec4 4;
    %load/vec4 v0x7ff932d20080_0;
    %pushi/vec4 41, 0, 6;
    %cmp/e;
    %flag_get/vec4 4;
    %or;
    %load/vec4 v0x7ff932d20080_0;
    %pushi/vec4 43, 0, 6;
    %cmp/e;
    %flag_get/vec4 4;
    %or;
    %and;
    %flag_set/vec4 8;
    %jmp/0xz  T_0.10, 8;
    %pushi/vec4 1, 0, 1;
    %store/vec4 v0x7ff932d1fd20_0, 0, 1;
    %pushi/vec4 1, 0, 1;
    %store/vec4 v0x7ff932d1fe50_0, 0, 1;
T_0.10 ;
    %load/vec4 v0x7ff932d20080_0;
    %pushi/vec4 0, 0, 6;
    %cmp/e;
    %flag_get/vec4 4;
    %inv;
    %load/vec4 v0x7ff932d20080_0;
    %pushi/vec4 35, 0, 6;
    %cmp/e;
    %flag_get/vec4 4;
    %and;
    %flag_set/vec4 8;
    %jmp/0xz  T_0.12, 8;
    %pushi/vec4 1, 0, 1;
    %store/vec4 v0x7ff932d1fc80_0, 0, 1;
T_0.12 ;
    %load/vec4 v0x7ff932d20080_0;
    %cmpi/e 2, 0, 6;
    %jmp/0xz  T_0.14, 4;
    %pushi/vec4 0, 0, 1;
    %store/vec4 v0x7ff932d1fc80_0, 0, 1;
    %pushi/vec4 0, 0, 1;
    %store/vec4 v0x7ff932d1fd20_0, 0, 1;
    %pushi/vec4 0, 0, 1;
    %store/vec4 v0x7ff932d1ff30_0, 0, 1;
    %pushi/vec4 0, 0, 1;
    %store/vec4 v0x7ff932d1fe50_0, 0, 1;
    %pushi/vec4 0, 0, 1;
    %store/vec4 v0x7ff932d1fdb0_0, 0, 1;
    %pushi/vec4 0, 0, 1;
    %store/vec4 v0x7ff932d00ae0_0, 0, 1;
T_0.14 ;
    %load/vec4 v0x7ff932d20080_0;
    %cmpi/e 3, 0, 6;
    %jmp/0xz  T_0.16, 4;
    %pushi/vec4 0, 0, 1;
    %store/vec4 v0x7ff932d1fc80_0, 0, 1;
    %pushi/vec4 0, 0, 1;
    %store/vec4 v0x7ff932d1fd20_0, 0, 1;
    %pushi/vec4 1, 0, 1;
    %store/vec4 v0x7ff932d1ff30_0, 0, 1;
    %pushi/vec4 0, 0, 1;
    %store/vec4 v0x7ff932d1fe50_0, 0, 1;
    %pushi/vec4 0, 0, 1;
    %store/vec4 v0x7ff932d1fdb0_0, 0, 1;
    %pushi/vec4 0, 0, 1;
    %store/vec4 v0x7ff932d00ae0_0, 0, 1;
T_0.16 ;
    %jmp T_0;
    .thread T_0, $push;
    .scope S_0x7ff932d008c0;
T_1 ;
    %pushi/vec4 0, 0, 6;
    %store/vec4 v0x7ff932d206a0_0, 0, 6;
    %pushi/vec4 32, 0, 6;
    %store/vec4 v0x7ff932d205f0_0, 0, 6;
    %delay 10, 0;
    %pushi/vec4 35, 0, 6;
    %store/vec4 v0x7ff932d206a0_0, 0, 6;
    %delay 10, 0;
    %pushi/vec4 2, 0, 6;
    %store/vec4 v0x7ff932d206a0_0, 0, 6;
    %delay 10, 0;
    %pushi/vec4 0, 0, 6;
    %store/vec4 v0x7ff932d206a0_0, 0, 6;
    %pushi/vec4 0, 0, 6;
    %store/vec4 v0x7ff932d205f0_0, 0, 6;
    %delay 10, 0;
    %pushi/vec4 40, 0, 6;
    %store/vec4 v0x7ff932d206a0_0, 0, 6;
    %delay 10, 0;
    %pushi/vec4 3, 0, 6;
    %store/vec4 v0x7ff932d206a0_0, 0, 6;
    %delay 10, 0;
    %pushi/vec4 5, 0, 6;
    %store/vec4 v0x7ff932d206a0_0, 0, 6;
    %delay 10, 0;
    %pushi/vec4 0, 0, 6;
    %store/vec4 v0x7ff932d206a0_0, 0, 6;
    %pushi/vec4 39, 0, 6;
    %store/vec4 v0x7ff932d205f0_0, 0, 6;
    %delay 10, 0;
    %end;
    .thread T_1;
    .scope S_0x7ff932d008c0;
T_2 ;
    %vpi_call 2 149 "$dumpfile", "control_unit_tb.vcd" {0 0 0};
    %vpi_call 2 150 "$dumpvars", 32'sb00000000000000000000000000000000, S_0x7ff932d008c0 {0 0 0};
    %end;
    .thread T_2;
# The file index is used to find the file name in the following table.
:file_names 3;
    "N/A";
    "<interactive>";
    "Control_unit.v";
