#! /usr/bin/vvp
:ivl_version "10.3 (stable)";
:ivl_delay_selection "TYPICAL";
:vpi_time_precision - 9;
:vpi_module "system";
:vpi_module "vhdl_sys";
:vpi_module "v2005_math";
:vpi_module "va_math";
S_0x55cb7afd56b0 .scope module, "read_instructions_tb" "read_instructions_tb" 2 22;
 .timescale -9 -9;
v0x55cb7afe5ee0_0 .net "instruction", 31 0, v0x55cb7af9f050_0;  1 drivers
v0x55cb7afe5fd0_0 .var "pc", 31 0;
S_0x55cb7afd5830 .scope module, "instructionReader" "read_instructions" 2 26, 2 5 0, S_0x55cb7afd56b0;
 .timescale -9 -9;
    .port_info 0 /OUTPUT 32 "instruction"
    .port_info 1 /INPUT 32 "pc"
v0x55cb7af9f050_0 .var "instruction", 31 0;
v0x55cb7afe5d00 .array "instructions", 0 2, 31 0;
v0x55cb7afe5dc0_0 .net "pc", 31 0, v0x55cb7afe5fd0_0;  1 drivers
E_0x55cb7afd4840 .event edge, v0x55cb7afe5dc0_0;
    .scope S_0x55cb7afd5830;
T_0 ;
    %vpi_call 2 13 "$readmemb", "instructions.mem", v0x55cb7afe5d00, 32'sb00000000000000000000000000000000, 32'sb00000000000000000000000000000010 {0 0 0};
    %end;
    .thread T_0;
    .scope S_0x55cb7afd5830;
T_1 ;
    %wait E_0x55cb7afd4840;
    %ix/getv 4, v0x55cb7afe5dc0_0;
    %load/vec4a v0x55cb7afe5d00, 4;
    %store/vec4 v0x55cb7af9f050_0, 0, 32;
    %jmp T_1;
    .thread T_1, $push;
    .scope S_0x55cb7afd56b0;
T_2 ;
    %pushi/vec4 0, 0, 32;
    %store/vec4 v0x55cb7afe5fd0_0, 0, 32;
    %delay 10, 0;
    %load/vec4 v0x55cb7afe5fd0_0;
    %addi 1, 0, 32;
    %store/vec4 v0x55cb7afe5fd0_0, 0, 32;
    %delay 10, 0;
    %load/vec4 v0x55cb7afe5fd0_0;
    %addi 1, 0, 32;
    %store/vec4 v0x55cb7afe5fd0_0, 0, 32;
    %delay 10, 0;
    %end;
    .thread T_2;
    .scope S_0x55cb7afd56b0;
T_3 ;
    %vpi_call 2 47 "$dumpfile", "read_instructions_tb.vcd" {0 0 0};
    %vpi_call 2 48 "$dumpvars", 32'sb00000000000000000000000000000000, S_0x55cb7afd56b0 {0 0 0};
    %end;
    .thread T_3;
# The file index is used to find the file name in the following table.
:file_names 3;
    "N/A";
    "<interactive>";
    "Read_ins.v";
