#! /usr/local/Cellar/icarus-verilog/10.3/bin/vvp
:ivl_version "10.3 (stable)" "(v10_3)";
:ivl_delay_selection "TYPICAL";
:vpi_time_precision - 9;
:vpi_module "system";
:vpi_module "vhdl_sys";
:vpi_module "v2005_math";
:vpi_module "va_math";
S_0x7fda4fc023c0 .scope module, "read_data_memory_tb" "read_data_memory_tb" 2 48;
 .timescale -9 -9;
v0x7fda4fc1f630_0 .var "MemRead", 0 0;
v0x7fda4fc1f6f0_0 .var "MemWrite", 0 0;
v0x7fda4fc1f780_0 .var "address", 31 0;
v0x7fda4fc1f830_0 .var "opcode", 5 0;
v0x7fda4fc1f8e0_0 .net "read_data", 31 0, v0x7fda4fc1f2a0_0;  1 drivers
v0x7fda4fc1f9b0_0 .var "write_data", 31 0;
S_0x7fda4fc0f130 .scope module, "datamem" "read_data_memory" 2 54, 2 6 0, S_0x7fda4fc023c0;
 .timescale -9 -9;
    .port_info 0 /OUTPUT 32 "read_data"
    .port_info 1 /INPUT 32 "address"
    .port_info 2 /INPUT 32 "write_data"
    .port_info 3 /INPUT 6 "opcode"
    .port_info 4 /INPUT 5 "rs"
    .port_info 5 /INPUT 1 "MemRead"
    .port_info 6 /INPUT 1 "MemWrite"
    .port_info 7 /INPUT 1 "MemToReg"
v0x7fda4fc025e0_0 .net "MemRead", 0 0, v0x7fda4fc1f630_0;  1 drivers
o0x1033fd038 .functor BUFZ 1, C4<z>; HiZ drive
v0x7fda4fc1ef30_0 .net "MemToReg", 0 0, o0x1033fd038;  0 drivers
v0x7fda4fc1efd0_0 .net "MemWrite", 0 0, v0x7fda4fc1f6f0_0;  1 drivers
v0x7fda4fc1f060_0 .net "address", 31 0, v0x7fda4fc1f780_0;  1 drivers
v0x7fda4fc1f110 .array "data_mem", 0 255, 31 0;
v0x7fda4fc1f1f0_0 .net "opcode", 5 0, v0x7fda4fc1f830_0;  1 drivers
v0x7fda4fc1f2a0_0 .var "read_data", 31 0;
v0x7fda4fc1f350 .array "reg_mem", 0 31, 31 0;
o0x1033fd128 .functor BUFZ 5, C4<zzzzz>; HiZ drive
v0x7fda4fc1f3f0_0 .net "rs", 4 0, o0x1033fd128;  0 drivers
v0x7fda4fc1f500_0 .net "write_data", 31 0, v0x7fda4fc1f9b0_0;  1 drivers
E_0x7fda4fc07160 .event edge, v0x7fda4fc1f060_0;
E_0x7fda4fc074b0 .event edge, v0x7fda4fc1efd0_0, v0x7fda4fc1f060_0;
    .scope S_0x7fda4fc0f130;
T_0 ;
    %wait E_0x7fda4fc074b0;
    %load/vec4 v0x7fda4fc1efd0_0;
    %flag_set/vec4 8;
    %jmp/0xz  T_0.0, 8;
    %vpi_call 2 19 "$readmemb", "data.mem", v0x7fda4fc1f110, 32'sb00000000000000000000000011111111, 32'sb00000000000000000000000000000000 {0 0 0};
    %load/vec4 v0x7fda4fc1f1f0_0;
    %cmpi/e 40, 0, 6;
    %jmp/0xz  T_0.2, 4;
    %load/vec4 v0x7fda4fc1f500_0;
    %parti/s 8, 0, 2;
    %ix/getv 4, v0x7fda4fc1f060_0;
    %flag_mov 8, 4;
    %ix/load 5, 0, 0;
    %flag_set/imm 4, 0;
    %flag_or 4, 8;
    %store/vec4a v0x7fda4fc1f110, 4, 5;
    %jmp T_0.3;
T_0.2 ;
    %load/vec4 v0x7fda4fc1f1f0_0;
    %cmpi/e 41, 0, 6;
    %jmp/0xz  T_0.4, 4;
    %load/vec4 v0x7fda4fc1f500_0;
    %parti/s 16, 0, 2;
    %ix/getv 4, v0x7fda4fc1f060_0;
    %flag_mov 8, 4;
    %ix/load 5, 0, 0;
    %flag_set/imm 4, 0;
    %flag_or 4, 8;
    %store/vec4a v0x7fda4fc1f110, 4, 5;
    %jmp T_0.5;
T_0.4 ;
    %load/vec4 v0x7fda4fc1f500_0;
    %ix/getv 4, v0x7fda4fc1f060_0;
    %store/vec4a v0x7fda4fc1f110, 4, 0;
T_0.5 ;
T_0.3 ;
    %vpi_call 2 30 "$writememb", "data.mem", v0x7fda4fc1f110 {0 0 0};
T_0.0 ;
    %jmp T_0;
    .thread T_0, $push;
    .scope S_0x7fda4fc0f130;
T_1 ;
    %wait E_0x7fda4fc07160;
    %vpi_call 2 35 "$readmemb", "data.mem", v0x7fda4fc1f110, 32'sb00000000000000000000000011111111, 32'sb00000000000000000000000000000000 {0 0 0};
    %vpi_call 2 36 "$readmemb", "registers.mem", v0x7fda4fc1f350, 32'sb00000000000000000000000000011111, 32'sb00000000000000000000000000000000 {0 0 0};
    %load/vec4 v0x7fda4fc025e0_0;
    %flag_set/vec4 8;
    %jmp/0xz  T_1.0, 8;
    %ix/getv 4, v0x7fda4fc1f060_0;
    %load/vec4a v0x7fda4fc1f110, 4;
    %store/vec4 v0x7fda4fc1f2a0_0, 0, 32;
T_1.0 ;
    %load/vec4 v0x7fda4fc1ef30_0;
    %flag_set/vec4 8;
    %jmp/0xz  T_1.2, 8;
    %load/vec4 v0x7fda4fc1f2a0_0;
    %load/vec4 v0x7fda4fc1f3f0_0;
    %pad/u 7;
    %ix/vec4 4;
    %store/vec4a v0x7fda4fc1f350, 4, 0;
    %vpi_call 2 42 "$writememb", "registers.mem", v0x7fda4fc1f350 {0 0 0};
T_1.2 ;
    %jmp T_1;
    .thread T_1, $push;
    .scope S_0x7fda4fc023c0;
T_2 ;
    %pushi/vec4 1, 0, 1;
    %store/vec4 v0x7fda4fc1f6f0_0, 0, 1;
    %pushi/vec4 0, 0, 1;
    %store/vec4 v0x7fda4fc1f630_0, 0, 1;
    %pushi/vec4 40, 0, 6;
    %store/vec4 v0x7fda4fc1f830_0, 0, 6;
    %pushi/vec4 253, 0, 32;
    %store/vec4 v0x7fda4fc1f9b0_0, 0, 32;
    %pushi/vec4 0, 0, 32;
    %store/vec4 v0x7fda4fc1f780_0, 0, 32;
    %delay 10, 0;
    %pushi/vec4 41, 0, 6;
    %store/vec4 v0x7fda4fc1f830_0, 0, 6;
    %pushi/vec4 1011, 0, 32;
    %store/vec4 v0x7fda4fc1f9b0_0, 0, 32;
    %pushi/vec4 13, 0, 32;
    %store/vec4 v0x7fda4fc1f780_0, 0, 32;
    %delay 10, 0;
    %pushi/vec4 0, 0, 1;
    %store/vec4 v0x7fda4fc1f6f0_0, 0, 1;
    %pushi/vec4 1, 0, 1;
    %store/vec4 v0x7fda4fc1f630_0, 0, 1;
    %pushi/vec4 7, 0, 32;
    %store/vec4 v0x7fda4fc1f780_0, 0, 32;
    %delay 10, 0;
    %end;
    .thread T_2;
    .scope S_0x7fda4fc023c0;
T_3 ;
    %vpi_call 2 88 "$dumpfile", "read_data_memory.vcd" {0 0 0};
    %vpi_call 2 89 "$dumpvars", 32'sb00000000000000000000000000000000, S_0x7fda4fc023c0 {0 0 0};
    %end;
    .thread T_3;
# The file index is used to find the file name in the following table.
:file_names 3;
    "N/A";
    "<interactive>";
    "Read_mem.v";
