#! /usr/bin/vvp
:ivl_version "10.3 (stable)";
:ivl_delay_selection "TYPICAL";
:vpi_time_precision + 0;
:vpi_module "system";
:vpi_module "vhdl_sys";
:vpi_module "v2005_math";
:vpi_module "va_math";
S_0x55a34bbe0260 .scope module, "read_data_memory_tb" "read_data_memory_tb" 2 49;
 .timescale 0 0;
v0x55a34bbf6260_0 .var "MemRead", 0 0;
v0x55a34bbf6320_0 .var "MemWrite", 0 0;
v0x55a34bbf63f0_0 .var "address", 31 0;
v0x55a34bbf64f0_0 .var "opcode", 5 0;
v0x55a34bbf65c0_0 .net "read_data", 31 0, v0x55a34bbf5fe0_0;  1 drivers
v0x55a34bbf66b0_0 .var "write_data", 31 0;
S_0x55a34bbe03e0 .scope module, "datamem" "read_data_memory" 2 55, 2 4 0, S_0x55a34bbe0260;
 .timescale 0 0;
    .port_info 0 /OUTPUT 32 "read_data"
    .port_info 1 /INPUT 32 "address"
    .port_info 2 /INPUT 32 "write_data"
    .port_info 3 /INPUT 6 "opcode"
    .port_info 4 /INPUT 1 "MemRead"
    .port_info 5 /INPUT 1 "MemWrite"
v0x55a34bbba720_0 .net "MemRead", 0 0, v0x55a34bbf6260_0;  1 drivers
v0x55a34bbf5c70_0 .net "MemWrite", 0 0, v0x55a34bbf6320_0;  1 drivers
v0x55a34bbf5d30_0 .net "address", 31 0, v0x55a34bbf63f0_0;  1 drivers
v0x55a34bbf5df0 .array "data_mem", 0 255, 31 0;
v0x55a34bbf5eb0_0 .net "opcode", 5 0, v0x55a34bbf64f0_0;  1 drivers
v0x55a34bbf5fe0_0 .var "read_data", 31 0;
v0x55a34bbf60c0_0 .net "write_data", 31 0, v0x55a34bbf66b0_0;  1 drivers
E_0x55a34bbdbaf0 .event edge, v0x55a34bbf5d30_0;
    .scope S_0x55a34bbe03e0;
T_0 ;
    %vpi_call 2 15 "$readmemb", "data.mem", v0x55a34bbf5df0, 32'sb00000000000000000000000000011111, 32'sb00000000000000000000000000000000 {0 0 0};
    %pushi/vec4 0, 0, 32;
    %store/vec4 v0x55a34bbf5fe0_0, 0, 32;
    %end;
    .thread T_0;
    .scope S_0x55a34bbe03e0;
T_1 ;
    %wait E_0x55a34bbdbaf0;
    %load/vec4 v0x55a34bbf5c70_0;
    %flag_set/vec4 8;
    %jmp/0xz  T_1.0, 8;
    %load/vec4 v0x55a34bbf5eb0_0;
    %cmpi/e 40, 0, 6;
    %jmp/0xz  T_1.2, 4;
    %load/vec4 v0x55a34bbf60c0_0;
    %parti/s 8, 0, 2;
    %ix/getv 4, v0x55a34bbf5d30_0;
    %flag_mov 8, 4;
    %ix/load 5, 0, 0;
    %flag_set/imm 4, 0;
    %flag_or 4, 8;
    %store/vec4a v0x55a34bbf5df0, 4, 5;
    %jmp T_1.3;
T_1.2 ;
    %load/vec4 v0x55a34bbf5eb0_0;
    %cmpi/e 41, 0, 6;
    %jmp/0xz  T_1.4, 4;
    %load/vec4 v0x55a34bbf60c0_0;
    %parti/s 16, 0, 2;
    %ix/getv 4, v0x55a34bbf5d30_0;
    %flag_mov 8, 4;
    %ix/load 5, 0, 0;
    %flag_set/imm 4, 0;
    %flag_or 4, 8;
    %store/vec4a v0x55a34bbf5df0, 4, 5;
    %jmp T_1.5;
T_1.4 ;
    %load/vec4 v0x55a34bbf60c0_0;
    %ix/getv 4, v0x55a34bbf5d30_0;
    %store/vec4a v0x55a34bbf5df0, 4, 0;
T_1.5 ;
T_1.3 ;
    %vpi_call 2 31 "$writememb", "data.mem", v0x55a34bbf5df0 {0 0 0};
T_1.0 ;
    %jmp T_1;
    .thread T_1, $push;
    .scope S_0x55a34bbe03e0;
T_2 ;
    %wait E_0x55a34bbdbaf0;
    %load/vec4 v0x55a34bbba720_0;
    %flag_set/vec4 8;
    %jmp/0xz  T_2.0, 8;
    %ix/getv 4, v0x55a34bbf5d30_0;
    %load/vec4a v0x55a34bbf5df0, 4;
    %store/vec4 v0x55a34bbf5fe0_0, 0, 32;
T_2.0 ;
    %jmp T_2;
    .thread T_2, $push;
    .scope S_0x55a34bbe03e0;
T_3 ;
    %vpi_call 2 43 "$monitor", "opcode : %6b, address : %32b, write data : %32b, read signal : %1b, write signal : %1b, Result : %32b\012", v0x55a34bbf5eb0_0, v0x55a34bbf5d30_0, v0x55a34bbf60c0_0, v0x55a34bbba720_0, v0x55a34bbf5c70_0, v0x55a34bbf5fe0_0 {0 0 0};
    %end;
    .thread T_3;
    .scope S_0x55a34bbe0260;
T_4 ;
    %pushi/vec4 1, 0, 1;
    %store/vec4 v0x55a34bbf6320_0, 0, 1;
    %pushi/vec4 0, 0, 1;
    %store/vec4 v0x55a34bbf6260_0, 0, 1;
    %pushi/vec4 40, 0, 6;
    %store/vec4 v0x55a34bbf64f0_0, 0, 6;
    %pushi/vec4 253, 0, 32;
    %store/vec4 v0x55a34bbf66b0_0, 0, 32;
    %pushi/vec4 0, 0, 32;
    %store/vec4 v0x55a34bbf63f0_0, 0, 32;
    %delay 10, 0;
    %pushi/vec4 41, 0, 6;
    %store/vec4 v0x55a34bbf64f0_0, 0, 6;
    %pushi/vec4 1011, 0, 32;
    %store/vec4 v0x55a34bbf66b0_0, 0, 32;
    %pushi/vec4 13, 0, 32;
    %store/vec4 v0x55a34bbf63f0_0, 0, 32;
    %delay 10, 0;
    %pushi/vec4 0, 0, 1;
    %store/vec4 v0x55a34bbf6320_0, 0, 1;
    %pushi/vec4 1, 0, 1;
    %store/vec4 v0x55a34bbf6260_0, 0, 1;
    %pushi/vec4 7, 0, 32;
    %store/vec4 v0x55a34bbf63f0_0, 0, 32;
    %delay 10, 0;
    %end;
    .thread T_4;
    .scope S_0x55a34bbe0260;
T_5 ;
    %vpi_call 2 89 "$dumpfile", "read_data_memory.vcd" {0 0 0};
    %vpi_call 2 90 "$dumpvars", 32'sb00000000000000000000000000000000, S_0x55a34bbe0260 {0 0 0};
    %end;
    .thread T_5;
# The file index is used to find the file name in the following table.
:file_names 3;
    "N/A";
    "<interactive>";
    "Read_mem.v";
