#! /usr/bin/vvp
:ivl_version "10.3 (stable)";
:ivl_delay_selection "TYPICAL";
:vpi_time_precision - 9;
:vpi_module "system";
:vpi_module "vhdl_sys";
:vpi_module "v2005_math";
:vpi_module "va_math";
S_0x55a6e1912110 .scope module, "alu64bittb" "alu64bittb" 2 136;
 .timescale -9 -9;
v0x55a6e1935470_0 .net "ALU_result", 63 0, v0x55a6e18fa4b0_0;  1 drivers
v0x55a6e1935550_0 .var "aa", 0 0;
v0x55a6e1935620_0 .var "bi", 4 0;
v0x55a6e1935720_0 .var "bo", 4 0;
v0x55a6e19357f0_0 .net "branch", 0 0, v0x55a6e18fa550_0;  1 drivers
v0x55a6e1935890_0 .var "ds", 13 0;
v0x55a6e1935960_0 .var "opcode", 5 0;
v0x55a6e1935a30_0 .var "rs", 4 0;
v0x55a6e1935b00_0 .var "rt", 4 0;
v0x55a6e1935bd0_0 .var "si", 15 0;
v0x55a6e1935c70_0 .var "xods", 1 0;
v0x55a6e1935d40_0 .var "xox", 9 0;
v0x55a6e1935e10_0 .var "xoxo", 8 0;
S_0x55a6e1912290 .scope module, "testerboi" "ALU64bit" 2 149, 2 5 0, S_0x55a6e1912110;
 .timescale -9 -9;
    .port_info 0 /OUTPUT 64 "ALU_result"
    .port_info 1 /OUTPUT 1 "Branch"
    .port_info 2 /INPUT 6 "opcode"
    .port_info 3 /INPUT 5 "rs"
    .port_info 4 /INPUT 5 "rt"
    .port_info 5 /INPUT 5 "bo"
    .port_info 6 /INPUT 5 "bi"
    .port_info 7 /INPUT 16 "si"
    .port_info 8 /INPUT 14 "ds"
    .port_info 9 /INPUT 10 "xox"
    .port_info 10 /INPUT 9 "xoxo"
    .port_info 11 /INPUT 1 "aa"
    .port_info 12 /INPUT 2 "xods"
v0x55a6e18fa4b0_0 .var "ALU_result", 63 0;
v0x55a6e18fa550_0 .var "Branch", 0 0;
v0x55a6e19344c0_0 .net "aa", 0 0, v0x55a6e1935550_0;  1 drivers
v0x55a6e1934560_0 .net "bi", 4 0, v0x55a6e1935620_0;  1 drivers
v0x55a6e1934640_0 .net "bo", 4 0, v0x55a6e1935720_0;  1 drivers
v0x55a6e1934770_0 .net "ds", 13 0, v0x55a6e1935890_0;  1 drivers
v0x55a6e1934850_0 .net "opcode", 5 0, v0x55a6e1935960_0;  1 drivers
v0x55a6e1934930_0 .net "rs", 4 0, v0x55a6e1935a30_0;  1 drivers
v0x55a6e1934a10_0 .net "rt", 4 0, v0x55a6e1935b00_0;  1 drivers
o0x7ff19a22f1c8 .functor BUFZ 16, C4<zzzzzzzzzzzzzzzz>; HiZ drive
v0x55a6e1934af0_0 .net "si", 15 0, o0x7ff19a22f1c8;  0 drivers
v0x55a6e1934bd0_0 .var "signExtendSI", 63 0;
v0x55a6e1934cb0_0 .var/s "signed_rs", 63 0;
v0x55a6e1934d90_0 .var/s "signed_rt", 63 0;
v0x55a6e1934e70_0 .net "xods", 1 0, v0x55a6e1935c70_0;  1 drivers
v0x55a6e1934f50_0 .net "xox", 9 0, v0x55a6e1935d40_0;  1 drivers
v0x55a6e1935030_0 .net "xoxo", 8 0, v0x55a6e1935e10_0;  1 drivers
v0x55a6e1935110_0 .var "zeroExtendDS", 63 0;
v0x55a6e19351f0_0 .var "zeroExtendSI", 63 0;
E_0x55a6e1905770/0 .event edge, v0x55a6e1934770_0, v0x55a6e19344c0_0, v0x55a6e1934560_0, v0x55a6e1934640_0;
E_0x55a6e1905770/1 .event edge, v0x55a6e1934e70_0, v0x55a6e1934f50_0, v0x55a6e1935030_0, v0x55a6e1934af0_0;
E_0x55a6e1905770/2 .event edge, v0x55a6e1934a10_0, v0x55a6e1934930_0;
E_0x55a6e1905770 .event/or E_0x55a6e1905770/0, E_0x55a6e1905770/1, E_0x55a6e1905770/2;
    .scope S_0x55a6e1912290;
T_0 ;
    %wait E_0x55a6e1905770;
    %load/vec4 v0x55a6e1934930_0;
    %pad/u 64;
    %store/vec4 v0x55a6e1934cb0_0, 0, 64;
    %load/vec4 v0x55a6e1934a10_0;
    %pad/u 64;
    %store/vec4 v0x55a6e1934d90_0, 0, 64;
    %pushi/vec4 0, 0, 48;
    %load/vec4 v0x55a6e1934af0_0;
    %concat/vec4; draw_concat_vec4
    %store/vec4 v0x55a6e19351f0_0, 0, 64;
    %load/vec4 v0x55a6e1934af0_0;
    %parti/s 1, 15, 5;
    %replicate 48;
    %load/vec4 v0x55a6e1934af0_0;
    %concat/vec4; draw_concat_vec4
    %store/vec4 v0x55a6e1934bd0_0, 0, 64;
    %pushi/vec4 0, 0, 50;
    %load/vec4 v0x55a6e1934770_0;
    %concat/vec4; draw_concat_vec4
    %store/vec4 v0x55a6e1935110_0, 0, 64;
    %pushi/vec4 0, 0, 1;
    %store/vec4 v0x55a6e18fa550_0, 0, 1;
    %load/vec4 v0x55a6e1934850_0;
    %pushi/vec4 31, 0, 6;
    %cmp/e;
    %flag_get/vec4 4;
    %load/vec4 v0x55a6e1935030_0;
    %pushi/vec4 0, 0, 9;
    %cmp/e;
    %flag_get/vec4 4;
    %inv;
    %and;
    %flag_set/vec4 8;
    %jmp/0xz  T_0.0, 8;
    %load/vec4 v0x55a6e1935030_0;
    %dup/vec4;
    %pushi/vec4 266, 0, 9;
    %cmp/u;
    %jmp/1 T_0.2, 6;
    %dup/vec4;
    %pushi/vec4 40, 0, 9;
    %cmp/u;
    %jmp/1 T_0.3, 6;
    %jmp T_0.4;
T_0.2 ;
    %load/vec4 v0x55a6e1934cb0_0;
    %load/vec4 v0x55a6e1934d90_0;
    %add;
    %store/vec4 v0x55a6e18fa4b0_0, 0, 64;
    %jmp T_0.4;
T_0.3 ;
    %load/vec4 v0x55a6e1934d90_0;
    %load/vec4 v0x55a6e1934cb0_0;
    %sub;
    %store/vec4 v0x55a6e18fa4b0_0, 0, 64;
    %jmp T_0.4;
T_0.4 ;
    %pop/vec4 1;
    %jmp T_0.1;
T_0.0 ;
    %load/vec4 v0x55a6e1934850_0;
    %pushi/vec4 31, 0, 6;
    %cmp/e;
    %flag_get/vec4 4;
    %load/vec4 v0x55a6e1934f50_0;
    %pushi/vec4 0, 0, 10;
    %cmp/e;
    %flag_get/vec4 4;
    %inv;
    %and;
    %flag_set/vec4 8;
    %jmp/0xz  T_0.5, 8;
    %load/vec4 v0x55a6e1934f50_0;
    %dup/vec4;
    %pushi/vec4 28, 0, 10;
    %cmp/u;
    %jmp/1 T_0.7, 6;
    %dup/vec4;
    %pushi/vec4 476, 0, 10;
    %cmp/u;
    %jmp/1 T_0.8, 6;
    %dup/vec4;
    %pushi/vec4 444, 0, 10;
    %cmp/u;
    %jmp/1 T_0.9, 6;
    %dup/vec4;
    %pushi/vec4 316, 0, 10;
    %cmp/u;
    %jmp/1 T_0.10, 6;
    %dup/vec4;
    %pushi/vec4 986, 0, 10;
    %cmp/u;
    %jmp/1 T_0.11, 6;
    %jmp T_0.12;
T_0.7 ;
    %load/vec4 v0x55a6e1934a10_0;
    %pad/u 64;
    %load/vec4 v0x55a6e1934930_0;
    %pad/u 64;
    %and;
    %store/vec4 v0x55a6e18fa4b0_0, 0, 64;
    %jmp T_0.12;
T_0.8 ;
    %load/vec4 v0x55a6e1934930_0;
    %pad/u 64;
    %load/vec4 v0x55a6e1934a10_0;
    %pad/u 64;
    %and;
    %inv;
    %store/vec4 v0x55a6e18fa4b0_0, 0, 64;
    %jmp T_0.12;
T_0.9 ;
    %load/vec4 v0x55a6e1934930_0;
    %pad/u 64;
    %load/vec4 v0x55a6e1934a10_0;
    %pad/u 64;
    %or;
    %store/vec4 v0x55a6e18fa4b0_0, 0, 64;
    %jmp T_0.12;
T_0.10 ;
    %load/vec4 v0x55a6e1934930_0;
    %pad/u 64;
    %load/vec4 v0x55a6e1934a10_0;
    %pad/u 64;
    %xor;
    %store/vec4 v0x55a6e18fa4b0_0, 0, 64;
    %jmp T_0.12;
T_0.11 ;
    %pushi/vec4 4294967295, 4294967295, 32;
    %load/vec4 v0x55a6e1934a10_0;
    %parti/s 32, 0, 2;
    %concat/vec4; draw_concat_vec4
    %store/vec4 v0x55a6e18fa4b0_0, 0, 64;
    %jmp T_0.12;
T_0.12 ;
    %pop/vec4 1;
    %jmp T_0.6;
T_0.5 ;
    %load/vec4 v0x55a6e1934850_0;
    %cmpi/e 19, 0, 6;
    %jmp/0xz  T_0.13, 4;
    %load/vec4 v0x55a6e19344c0_0;
    %pad/u 32;
    %cmpi/e 1, 0, 32;
    %jmp/0xz  T_0.15, 4;
    %load/vec4 v0x55a6e1934cb0_0;
    %load/vec4 v0x55a6e1934d90_0;
    %sub;
    %store/vec4 v0x55a6e18fa4b0_0, 0, 64;
    %load/vec4 v0x55a6e18fa4b0_0;
    %cmpi/e 0, 0, 64;
    %jmp/0xz  T_0.17, 4;
    %pushi/vec4 1, 0, 1;
    %store/vec4 v0x55a6e18fa550_0, 0, 1;
    %jmp T_0.18;
T_0.17 ;
    %pushi/vec4 0, 0, 1;
    %store/vec4 v0x55a6e18fa550_0, 0, 1;
T_0.18 ;
    %jmp T_0.16;
T_0.15 ;
    %load/vec4 v0x55a6e19344c0_0;
    %pad/u 32;
    %cmpi/e 0, 0, 32;
    %jmp/0xz  T_0.19, 4;
    %load/vec4 v0x55a6e1934cb0_0;
    %load/vec4 v0x55a6e1934d90_0;
    %sub;
    %store/vec4 v0x55a6e18fa4b0_0, 0, 64;
    %load/vec4 v0x55a6e18fa4b0_0;
    %cmpi/ne 0, 0, 64;
    %jmp/0xz  T_0.21, 4;
    %pushi/vec4 1, 0, 1;
    %store/vec4 v0x55a6e18fa550_0, 0, 1;
    %pushi/vec4 0, 0, 64;
    %store/vec4 v0x55a6e18fa4b0_0, 0, 64;
    %jmp T_0.22;
T_0.21 ;
    %pushi/vec4 0, 0, 1;
    %store/vec4 v0x55a6e18fa550_0, 0, 1;
T_0.22 ;
T_0.19 ;
T_0.16 ;
    %jmp T_0.14;
T_0.13 ;
    %load/vec4 v0x55a6e1934850_0;
    %cmpi/e 18, 0, 6;
    %jmp/0xz  T_0.23, 4;
    %pushi/vec4 1, 0, 1;
    %store/vec4 v0x55a6e18fa550_0, 0, 1;
    %jmp T_0.24;
T_0.23 ;
    %load/vec4 v0x55a6e1934af0_0;
    %cmpi/ne 0, 0, 16;
    %jmp/0xz  T_0.25, 4;
    %load/vec4 v0x55a6e1934850_0;
    %dup/vec4;
    %pushi/vec4 14, 0, 6;
    %cmp/u;
    %jmp/1 T_0.27, 6;
    %dup/vec4;
    %pushi/vec4 15, 0, 6;
    %cmp/u;
    %jmp/1 T_0.28, 6;
    %dup/vec4;
    %pushi/vec4 28, 0, 6;
    %cmp/u;
    %jmp/1 T_0.29, 6;
    %dup/vec4;
    %pushi/vec4 24, 0, 6;
    %cmp/u;
    %jmp/1 T_0.30, 6;
    %dup/vec4;
    %pushi/vec4 26, 0, 6;
    %cmp/u;
    %jmp/1 T_0.31, 6;
    %dup/vec4;
    %pushi/vec4 32, 0, 6;
    %cmp/u;
    %jmp/1 T_0.32, 6;
    %dup/vec4;
    %pushi/vec4 36, 0, 6;
    %cmp/u;
    %jmp/1 T_0.33, 6;
    %dup/vec4;
    %pushi/vec4 37, 0, 6;
    %cmp/u;
    %jmp/1 T_0.34, 6;
    %dup/vec4;
    %pushi/vec4 40, 0, 6;
    %cmp/u;
    %jmp/1 T_0.35, 6;
    %dup/vec4;
    %pushi/vec4 42, 0, 6;
    %cmp/u;
    %jmp/1 T_0.36, 6;
    %dup/vec4;
    %pushi/vec4 44, 0, 6;
    %cmp/u;
    %jmp/1 T_0.37, 6;
    %dup/vec4;
    %pushi/vec4 34, 0, 6;
    %cmp/u;
    %jmp/1 T_0.38, 6;
    %dup/vec4;
    %pushi/vec4 38, 0, 6;
    %cmp/u;
    %jmp/1 T_0.39, 6;
    %jmp T_0.40;
T_0.27 ;
    %load/vec4 v0x55a6e1934a10_0;
    %pad/u 64;
    %load/vec4 v0x55a6e19351f0_0;
    %add;
    %store/vec4 v0x55a6e18fa4b0_0, 0, 64;
    %jmp T_0.40;
T_0.28 ;
    %load/vec4 v0x55a6e1934a10_0;
    %pad/u 64;
    %load/vec4 v0x55a6e1934bd0_0;
    %add;
    %store/vec4 v0x55a6e18fa4b0_0, 0, 64;
    %jmp T_0.40;
T_0.29 ;
    %load/vec4 v0x55a6e1934a10_0;
    %pad/u 64;
    %load/vec4 v0x55a6e19351f0_0;
    %and;
    %store/vec4 v0x55a6e18fa4b0_0, 0, 64;
    %jmp T_0.40;
T_0.30 ;
    %load/vec4 v0x55a6e1934a10_0;
    %pad/u 64;
    %load/vec4 v0x55a6e19351f0_0;
    %or;
    %store/vec4 v0x55a6e18fa4b0_0, 0, 64;
    %jmp T_0.40;
T_0.31 ;
    %load/vec4 v0x55a6e1934a10_0;
    %pad/u 64;
    %load/vec4 v0x55a6e19351f0_0;
    %xor;
    %store/vec4 v0x55a6e18fa4b0_0, 0, 64;
    %jmp T_0.40;
T_0.32 ;
    %load/vec4 v0x55a6e1934a10_0;
    %pad/u 64;
    %load/vec4 v0x55a6e19351f0_0;
    %add;
    %store/vec4 v0x55a6e18fa4b0_0, 0, 64;
    %jmp T_0.40;
T_0.33 ;
    %load/vec4 v0x55a6e1934a10_0;
    %pad/u 64;
    %load/vec4 v0x55a6e1934bd0_0;
    %add;
    %store/vec4 v0x55a6e18fa4b0_0, 0, 64;
    %jmp T_0.40;
T_0.34 ;
    %load/vec4 v0x55a6e1934a10_0;
    %pad/u 64;
    %load/vec4 v0x55a6e1934bd0_0;
    %add;
    %store/vec4 v0x55a6e18fa4b0_0, 0, 64;
    %jmp T_0.40;
T_0.35 ;
    %load/vec4 v0x55a6e1934a10_0;
    %pad/u 64;
    %load/vec4 v0x55a6e1934bd0_0;
    %add;
    %store/vec4 v0x55a6e18fa4b0_0, 0, 64;
    %jmp T_0.40;
T_0.36 ;
    %load/vec4 v0x55a6e1934a10_0;
    %pad/u 64;
    %load/vec4 v0x55a6e1934bd0_0;
    %add;
    %store/vec4 v0x55a6e18fa4b0_0, 0, 64;
    %jmp T_0.40;
T_0.37 ;
    %load/vec4 v0x55a6e1934a10_0;
    %pad/u 64;
    %load/vec4 v0x55a6e1934bd0_0;
    %add;
    %store/vec4 v0x55a6e18fa4b0_0, 0, 64;
    %jmp T_0.40;
T_0.38 ;
    %load/vec4 v0x55a6e1934a10_0;
    %pad/u 64;
    %load/vec4 v0x55a6e19351f0_0;
    %add;
    %store/vec4 v0x55a6e18fa4b0_0, 0, 64;
    %jmp T_0.40;
T_0.39 ;
    %load/vec4 v0x55a6e1934a10_0;
    %pad/u 64;
    %load/vec4 v0x55a6e1934bd0_0;
    %add;
    %store/vec4 v0x55a6e18fa4b0_0, 0, 64;
    %jmp T_0.40;
T_0.40 ;
    %pop/vec4 1;
    %jmp T_0.26;
T_0.25 ;
    %load/vec4 v0x55a6e1934770_0;
    %cmpi/ne 0, 0, 14;
    %jmp/0xz  T_0.41, 4;
    %load/vec4 v0x55a6e1934850_0;
    %cmpi/e 58, 0, 6;
    %jmp/0xz  T_0.43, 4;
    %load/vec4 v0x55a6e1934a10_0;
    %pad/u 64;
    %load/vec4 v0x55a6e1935110_0;
    %add;
    %store/vec4 v0x55a6e18fa4b0_0, 0, 64;
    %jmp T_0.44;
T_0.43 ;
    %load/vec4 v0x55a6e1934850_0;
    %cmpi/e 62, 0, 6;
    %jmp/0xz  T_0.45, 4;
    %load/vec4 v0x55a6e1934a10_0;
    %pad/u 64;
    %load/vec4 v0x55a6e1935110_0;
    %add;
    %store/vec4 v0x55a6e18fa4b0_0, 0, 64;
T_0.45 ;
T_0.44 ;
T_0.41 ;
T_0.26 ;
T_0.24 ;
T_0.14 ;
T_0.6 ;
T_0.1 ;
    %jmp T_0;
    .thread T_0, $push;
    .scope S_0x55a6e1912290;
T_1 ;
    %vpi_call 2 130 "$monitor", "Opcode : %6b, RS : %64b, RT : %64b, signExtendSI = %64b, zeroExtendSI = %64b, zeroExtendDS = %64b, Result : %64b\012", v0x55a6e1934850_0, v0x55a6e1934930_0, v0x55a6e1934a10_0, v0x55a6e1934bd0_0, v0x55a6e19351f0_0, v0x55a6e1935110_0, v0x55a6e18fa4b0_0 {0 0 0};
    %end;
    .thread T_1;
    .scope S_0x55a6e1912110;
T_2 ;
    %vpi_call 2 165 "$dumpfile", "ALU64Bittb.vcd" {0 0 0};
    %vpi_call 2 166 "$dumpvars", 32'sb00000000000000000000000000000000, S_0x55a6e1912110 {0 0 0};
    %end;
    .thread T_2;
    .scope S_0x55a6e1912110;
T_3 ;
    %pushi/vec4 31, 0, 6;
    %store/vec4 v0x55a6e1935960_0, 0, 6;
    %pushi/vec4 266, 0, 9;
    %store/vec4 v0x55a6e1935e10_0, 0, 9;
    %pushi/vec4 3, 0, 5;
    %store/vec4 v0x55a6e1935a30_0, 0, 5;
    %pushi/vec4 5, 0, 5;
    %store/vec4 v0x55a6e1935b00_0, 0, 5;
    %delay 10, 0;
    %pushi/vec4 40, 0, 6;
    %store/vec4 v0x55a6e1935960_0, 0, 6;
    %pushi/vec4 266, 0, 9;
    %store/vec4 v0x55a6e1935e10_0, 0, 9;
    %pushi/vec4 0, 0, 5;
    %store/vec4 v0x55a6e1935b00_0, 0, 5;
    %pushi/vec4 14, 0, 5;
    %store/vec4 v0x55a6e1935a30_0, 0, 5;
    %delay 10, 0;
    %pushi/vec4 31, 0, 6;
    %store/vec4 v0x55a6e1935960_0, 0, 6;
    %pushi/vec4 28, 0, 10;
    %store/vec4 v0x55a6e1935d40_0, 0, 10;
    %pushi/vec4 27, 0, 5;
    %store/vec4 v0x55a6e1935b00_0, 0, 5;
    %pushi/vec4 24, 0, 5;
    %store/vec4 v0x55a6e1935a30_0, 0, 5;
    %delay 10, 0;
    %pushi/vec4 31, 0, 6;
    %store/vec4 v0x55a6e1935960_0, 0, 6;
    %pushi/vec4 316, 0, 10;
    %store/vec4 v0x55a6e1935d40_0, 0, 10;
    %pushi/vec4 1, 0, 5;
    %store/vec4 v0x55a6e1935b00_0, 0, 5;
    %pushi/vec4 2, 0, 5;
    %store/vec4 v0x55a6e1935a30_0, 0, 5;
    %delay 10, 0;
    %pushi/vec4 19, 0, 6;
    %store/vec4 v0x55a6e1935960_0, 0, 6;
    %pushi/vec4 0, 0, 1;
    %store/vec4 v0x55a6e1935550_0, 0, 1;
    %pushi/vec4 316, 0, 10;
    %store/vec4 v0x55a6e1935d40_0, 0, 10;
    %pushi/vec4 4, 0, 5;
    %store/vec4 v0x55a6e1935b00_0, 0, 5;
    %pushi/vec4 3, 0, 5;
    %store/vec4 v0x55a6e1935a30_0, 0, 5;
    %delay 10, 0;
    %pushi/vec4 1, 0, 16;
    %store/vec4 v0x55a6e1935bd0_0, 0, 16;
    %pushi/vec4 36, 0, 6;
    %store/vec4 v0x55a6e1935960_0, 0, 6;
    %pushi/vec4 8, 0, 5;
    %store/vec4 v0x55a6e1935b00_0, 0, 5;
    %pushi/vec4 1000, 0, 16;
    %store/vec4 v0x55a6e1935bd0_0, 0, 16;
    %delay 10, 0;
    %pushi/vec4 1, 0, 14;
    %store/vec4 v0x55a6e1935890_0, 0, 14;
    %pushi/vec4 58, 0, 6;
    %store/vec4 v0x55a6e1935960_0, 0, 6;
    %pushi/vec4 4, 0, 5;
    %store/vec4 v0x55a6e1935b00_0, 0, 5;
    %pushi/vec4 250, 0, 16;
    %store/vec4 v0x55a6e1935bd0_0, 0, 16;
    %delay 10, 0;
    %end;
    .thread T_3;
# The file index is used to find the file name in the following table.
:file_names 3;
    "N/A";
    "<interactive>";
    "ALU64Bit.v";
