#! /usr/local/Cellar/icarus-verilog/10.3/bin/vvp
:ivl_version "10.3 (stable)" "(v10_3)";
:ivl_delay_selection "TYPICAL";
:vpi_time_precision + 0;
:vpi_module "system";
:vpi_module "vhdl_sys";
:vpi_module "v2005_math";
:vpi_module "va_math";
S_0x7ff3bed0ac70 .scope module, "ins_parsetb" "ins_parsetb" 2 81;
 .timescale 0 0;
v0x7ff3bed1bf80_0 .net "aa", 0 0, v0x7ff3bed0b1a0_0;  1 drivers
v0x7ff3bed0af30_0 .net "bd", 13 0, v0x7ff3bed1b030_0;  1 drivers
v0x7ff3bed1c010_0 .net "bi", 4 0, v0x7ff3bed1b0d0_0;  1 drivers
v0x7ff3bed1c0c0_0 .net "bo", 4 0, v0x7ff3bed1b180_0;  1 drivers
v0x7ff3bed1c170_0 .net "ds", 13 0, v0x7ff3bed1b230_0;  1 drivers
v0x7ff3bed1c240_0 .var "instruction", 31 0;
v0x7ff3bed1c2f0_0 .net "li", 23 0, v0x7ff3bed1b3d0_0;  1 drivers
v0x7ff3bed1c3a0_0 .net "lk", 0 0, v0x7ff3bed1b480_0;  1 drivers
v0x7ff3bed1c450_0 .net "oe", 0 0, v0x7ff3bed1b520_0;  1 drivers
v0x7ff3bed1c580_0 .net "opcode", 5 0, L_0x7ff3bed1cce0;  1 drivers
v0x7ff3bed1c610_0 .var "p_count", 31 0;
v0x7ff3bed1c6a0_0 .net "rc", 0 0, v0x7ff3bed1b780_0;  1 drivers
v0x7ff3bed1c750_0 .net "rd", 4 0, v0x7ff3bed1b820_0;  1 drivers
v0x7ff3bed1c800_0 .net "rs", 4 0, v0x7ff3bed1b8d0_0;  1 drivers
v0x7ff3bed1c8b0_0 .net "rt", 4 0, v0x7ff3bed1b980_0;  1 drivers
v0x7ff3bed1c960_0 .net "si", 15 0, v0x7ff3bed1ba30_0;  1 drivers
v0x7ff3bed1ca10_0 .net "xods", 1 0, v0x7ff3bed1bae0_0;  1 drivers
v0x7ff3bed1cbc0_0 .net "xox", 9 0, v0x7ff3bed1bc70_0;  1 drivers
v0x7ff3bed1cc50_0 .net "xoxo", 8 0, v0x7ff3bed1bd00_0;  1 drivers
S_0x7ff3bed0add0 .scope module, "instructionParser" "ins_parse" 2 93, 2 5 0, S_0x7ff3bed0ac70;
 .timescale 0 0;
    .port_info 0 /OUTPUT 6 "opcode"
    .port_info 1 /OUTPUT 5 "rs"
    .port_info 2 /OUTPUT 5 "rt"
    .port_info 3 /OUTPUT 5 "rd"
    .port_info 4 /OUTPUT 5 "bo"
    .port_info 5 /OUTPUT 5 "bi"
    .port_info 6 /OUTPUT 1 "aa"
    .port_info 7 /OUTPUT 1 "lk"
    .port_info 8 /OUTPUT 1 "rc"
    .port_info 9 /OUTPUT 1 "oe"
    .port_info 10 /OUTPUT 10 "xox"
    .port_info 11 /OUTPUT 9 "xoxo"
    .port_info 12 /OUTPUT 16 "si"
    .port_info 13 /OUTPUT 14 "bd"
    .port_info 14 /OUTPUT 14 "ds"
    .port_info 15 /OUTPUT 2 "xods"
    .port_info 16 /OUTPUT 24 "li"
    .port_info 17 /INPUT 32 "instruction"
    .port_info 18 /INPUT 32 "p_count"
v0x7ff3bed0b1a0_0 .var "aa", 0 0;
v0x7ff3bed1b030_0 .var "bd", 13 0;
v0x7ff3bed1b0d0_0 .var "bi", 4 0;
v0x7ff3bed1b180_0 .var "bo", 4 0;
v0x7ff3bed1b230_0 .var "ds", 13 0;
v0x7ff3bed1b320_0 .net "instruction", 31 0, v0x7ff3bed1c240_0;  1 drivers
v0x7ff3bed1b3d0_0 .var "li", 23 0;
v0x7ff3bed1b480_0 .var "lk", 0 0;
v0x7ff3bed1b520_0 .var "oe", 0 0;
v0x7ff3bed1b630_0 .net "opcode", 5 0, L_0x7ff3bed1cce0;  alias, 1 drivers
v0x7ff3bed1b6d0_0 .net "p_count", 31 0, v0x7ff3bed1c610_0;  1 drivers
v0x7ff3bed1b780_0 .var "rc", 0 0;
v0x7ff3bed1b820_0 .var "rd", 4 0;
v0x7ff3bed1b8d0_0 .var "rs", 4 0;
v0x7ff3bed1b980_0 .var "rt", 4 0;
v0x7ff3bed1ba30_0 .var "si", 15 0;
v0x7ff3bed1bae0_0 .var "xods", 1 0;
v0x7ff3bed1bc70_0 .var "xox", 9 0;
v0x7ff3bed1bd00_0 .var "xoxo", 8 0;
E_0x7ff3bed0a260 .event edge, v0x7ff3bed1b320_0;
L_0x7ff3bed1cce0 .part v0x7ff3bed1c240_0, 26, 6;
    .scope S_0x7ff3bed0add0;
T_0 ;
    %wait E_0x7ff3bed0a260;
    %load/vec4 v0x7ff3bed1b630_0;
    %pushi/vec4 31, 0, 6;
    %cmp/e;
    %flag_get/vec4 4;
    %load/vec4 v0x7ff3bed1b320_0;
    %parti/s 9, 1, 2;
    %pushi/vec4 266, 0, 9;
    %cmp/e;
    %flag_get/vec4 4;
    %load/vec4 v0x7ff3bed1b320_0;
    %parti/s 9, 1, 2;
    %pushi/vec4 40, 0, 9;
    %cmp/e;
    %flag_get/vec4 4;
    %or;
    %and;
    %flag_set/vec4 8;
    %jmp/0xz  T_0.0, 8;
    %load/vec4 v0x7ff3bed1b320_0;
    %parti/s 5, 21, 6;
    %store/vec4 v0x7ff3bed1b820_0, 0, 5;
    %load/vec4 v0x7ff3bed1b320_0;
    %parti/s 5, 16, 6;
    %store/vec4 v0x7ff3bed1b980_0, 0, 5;
    %load/vec4 v0x7ff3bed1b320_0;
    %parti/s 5, 11, 5;
    %store/vec4 v0x7ff3bed1b8d0_0, 0, 5;
    %load/vec4 v0x7ff3bed1b320_0;
    %parti/s 1, 10, 5;
    %store/vec4 v0x7ff3bed1b520_0, 0, 1;
    %load/vec4 v0x7ff3bed1b320_0;
    %parti/s 9, 1, 2;
    %store/vec4 v0x7ff3bed1bd00_0, 0, 9;
    %load/vec4 v0x7ff3bed1b320_0;
    %parti/s 1, 0, 2;
    %store/vec4 v0x7ff3bed1b780_0, 0, 1;
    %jmp T_0.1;
T_0.0 ;
    %load/vec4 v0x7ff3bed1b630_0;
    %cmpi/e 31, 0, 6;
    %jmp/0xz  T_0.2, 4;
    %load/vec4 v0x7ff3bed1b320_0;
    %parti/s 5, 21, 6;
    %store/vec4 v0x7ff3bed1b820_0, 0, 5;
    %load/vec4 v0x7ff3bed1b320_0;
    %parti/s 5, 16, 6;
    %store/vec4 v0x7ff3bed1b980_0, 0, 5;
    %load/vec4 v0x7ff3bed1b320_0;
    %parti/s 5, 11, 5;
    %store/vec4 v0x7ff3bed1b8d0_0, 0, 5;
    %load/vec4 v0x7ff3bed1b320_0;
    %parti/s 10, 1, 2;
    %store/vec4 v0x7ff3bed1bc70_0, 0, 10;
    %load/vec4 v0x7ff3bed1b320_0;
    %parti/s 1, 0, 2;
    %store/vec4 v0x7ff3bed1b780_0, 0, 1;
    %jmp T_0.3;
T_0.2 ;
    %load/vec4 v0x7ff3bed1b630_0;
    %pushi/vec4 14, 0, 6;
    %cmp/e;
    %flag_get/vec4 4;
    %load/vec4 v0x7ff3bed1b630_0;
    %pushi/vec4 15, 0, 6;
    %cmp/e;
    %flag_get/vec4 4;
    %or;
    %load/vec4 v0x7ff3bed1b630_0;
    %pushi/vec4 28, 0, 6;
    %cmp/e;
    %flag_get/vec4 4;
    %or;
    %load/vec4 v0x7ff3bed1b630_0;
    %pushi/vec4 24, 0, 6;
    %cmp/e;
    %flag_get/vec4 4;
    %or;
    %load/vec4 v0x7ff3bed1b630_0;
    %pushi/vec4 26, 0, 6;
    %cmp/e;
    %flag_get/vec4 4;
    %or;
    %load/vec4 v0x7ff3bed1b630_0;
    %pushi/vec4 32, 0, 6;
    %cmp/e;
    %flag_get/vec4 4;
    %or;
    %load/vec4 v0x7ff3bed1b630_0;
    %pushi/vec4 36, 0, 6;
    %cmp/e;
    %flag_get/vec4 4;
    %or;
    %load/vec4 v0x7ff3bed1b630_0;
    %pushi/vec4 37, 0, 6;
    %cmp/e;
    %flag_get/vec4 4;
    %or;
    %load/vec4 v0x7ff3bed1b630_0;
    %pushi/vec4 40, 0, 6;
    %cmp/e;
    %flag_get/vec4 4;
    %or;
    %load/vec4 v0x7ff3bed1b630_0;
    %pushi/vec4 42, 0, 6;
    %cmp/e;
    %flag_get/vec4 4;
    %or;
    %load/vec4 v0x7ff3bed1b630_0;
    %pushi/vec4 44, 0, 6;
    %cmp/e;
    %flag_get/vec4 4;
    %or;
    %load/vec4 v0x7ff3bed1b630_0;
    %pushi/vec4 34, 0, 6;
    %cmp/e;
    %flag_get/vec4 4;
    %or;
    %load/vec4 v0x7ff3bed1b630_0;
    %pushi/vec4 38, 0, 6;
    %cmp/e;
    %flag_get/vec4 4;
    %or;
    %flag_set/vec4 8;
    %jmp/0xz  T_0.4, 8;
    %load/vec4 v0x7ff3bed1b320_0;
    %parti/s 5, 21, 6;
    %store/vec4 v0x7ff3bed1b820_0, 0, 5;
    %load/vec4 v0x7ff3bed1b320_0;
    %parti/s 5, 16, 6;
    %store/vec4 v0x7ff3bed1b980_0, 0, 5;
    %load/vec4 v0x7ff3bed1b320_0;
    %parti/s 16, 0, 2;
    %store/vec4 v0x7ff3bed1ba30_0, 0, 16;
    %jmp T_0.5;
T_0.4 ;
    %load/vec4 v0x7ff3bed1b630_0;
    %cmpi/e 19, 0, 6;
    %jmp/0xz  T_0.6, 4;
    %load/vec4 v0x7ff3bed1b320_0;
    %parti/s 5, 21, 6;
    %store/vec4 v0x7ff3bed1b180_0, 0, 5;
    %load/vec4 v0x7ff3bed1b320_0;
    %parti/s 5, 16, 6;
    %store/vec4 v0x7ff3bed1b0d0_0, 0, 5;
    %load/vec4 v0x7ff3bed1b320_0;
    %parti/s 14, 2, 3;
    %store/vec4 v0x7ff3bed1b030_0, 0, 14;
    %load/vec4 v0x7ff3bed1b320_0;
    %parti/s 1, 1, 2;
    %store/vec4 v0x7ff3bed0b1a0_0, 0, 1;
    %load/vec4 v0x7ff3bed1b320_0;
    %parti/s 1, 0, 2;
    %store/vec4 v0x7ff3bed1b480_0, 0, 1;
    %jmp T_0.7;
T_0.6 ;
    %load/vec4 v0x7ff3bed1b630_0;
    %cmpi/e 18, 0, 6;
    %jmp/0xz  T_0.8, 4;
    %load/vec4 v0x7ff3bed1b320_0;
    %parti/s 24, 2, 3;
    %store/vec4 v0x7ff3bed1b3d0_0, 0, 24;
    %load/vec4 v0x7ff3bed1b320_0;
    %parti/s 1, 1, 2;
    %store/vec4 v0x7ff3bed0b1a0_0, 0, 1;
    %load/vec4 v0x7ff3bed1b320_0;
    %parti/s 1, 0, 2;
    %store/vec4 v0x7ff3bed1b480_0, 0, 1;
    %jmp T_0.9;
T_0.8 ;
    %load/vec4 v0x7ff3bed1b320_0;
    %parti/s 5, 21, 6;
    %store/vec4 v0x7ff3bed1b820_0, 0, 5;
    %load/vec4 v0x7ff3bed1b320_0;
    %parti/s 5, 16, 6;
    %store/vec4 v0x7ff3bed1b980_0, 0, 5;
    %load/vec4 v0x7ff3bed1b320_0;
    %parti/s 14, 2, 3;
    %store/vec4 v0x7ff3bed1b230_0, 0, 14;
    %load/vec4 v0x7ff3bed1b320_0;
    %parti/s 2, 0, 2;
    %store/vec4 v0x7ff3bed1bae0_0, 0, 2;
T_0.9 ;
T_0.7 ;
T_0.5 ;
T_0.3 ;
T_0.1 ;
    %jmp T_0;
    .thread T_0, $push;
    .scope S_0x7ff3bed0ac70;
T_1 ;
    %pushi/vec4 2082609684, 0, 32;
    %store/vec4 v0x7ff3bed1c240_0, 0, 32;
    %delay 10, 0;
    %pushi/vec4 2088970296, 0, 32;
    %store/vec4 v0x7ff3bed1c240_0, 0, 32;
    %delay 10, 0;
    %pushi/vec4 1757544456, 0, 32;
    %store/vec4 v0x7ff3bed1c240_0, 0, 32;
    %delay 10, 0;
    %pushi/vec4 1275412116, 0, 32;
    %store/vec4 v0x7ff3bed1c240_0, 0, 32;
    %delay 10, 0;
    %pushi/vec4 1207960718, 0, 32;
    %store/vec4 v0x7ff3bed1c240_0, 0, 32;
    %delay 10, 0;
    %pushi/vec4 3896770580, 0, 32;
    %store/vec4 v0x7ff3bed1c240_0, 0, 32;
    %delay 10, 0;
    %end;
    .thread T_1;
    .scope S_0x7ff3bed0ac70;
T_2 ;
    %vpi_call 2 144 "$dumpfile", "ins_parsetb.vcd" {0 0 0};
    %vpi_call 2 145 "$dumpvars", 32'sb00000000000000000000000000000000, S_0x7ff3bed0ac70 {0 0 0};
    %end;
    .thread T_2;
# The file index is used to find the file name in the following table.
:file_names 3;
    "N/A";
    "<interactive>";
    "Instruction_parse.v";
